Using pre-set license
Built from '2022.3/staging' branch; Version is '2022.3.11f1 (d00248457e15) revision 13632072'; Using compiler version '192829333'; Build Type 'Release'
OS: 'Windows 11  (10.0.22621) 64bit CoreSingleLanguage' Language: 'en' Physical Memory: 8029 MB
BatchMode: 1, IsHumanControllingUs: 0, StartBugReporterOnCrash: 0, Is64bit: 1, IsPro: 1

COMMAND LINE ARGUMENTS:
C:\Program Files\Unity\Hub\Editor\2022.3.11f1\Editor\Unity.exe
-adb2
-batchMode
-noUpm
-name
AssetImportWorker1
-projectPath
C:/Users/user/Downloads/first-organisms-ssd
-logFile
Logs/AssetImportWorker1.log
-srvPort
53254
Successfully changed project path to: C:/Users/user/Downloads/first-organisms-ssd
C:/Users/user/Downloads/first-organisms-ssd
[UnityMemory] Configuration Parameters - Can be set up in boot.config
    "memorysetup-bucket-allocator-granularity=16"
    "memorysetup-bucket-allocator-bucket-count=8"
    "memorysetup-bucket-allocator-block-size=33554432"
    "memorysetup-bucket-allocator-block-count=8"
    "memorysetup-main-allocator-block-size=16777216"
    "memorysetup-thread-allocator-block-size=16777216"
    "memorysetup-gfx-main-allocator-block-size=16777216"
    "memorysetup-gfx-thread-allocator-block-size=16777216"
    "memorysetup-cache-allocator-block-size=4194304"
    "memorysetup-typetree-allocator-block-size=2097152"
    "memorysetup-profiler-bucket-allocator-granularity=16"
    "memorysetup-profiler-bucket-allocator-bucket-count=8"
    "memorysetup-profiler-bucket-allocator-block-size=33554432"
    "memorysetup-profiler-bucket-allocator-block-count=8"
    "memorysetup-profiler-allocator-block-size=16777216"
    "memorysetup-profiler-editor-allocator-block-size=1048576"
    "memorysetup-temp-allocator-size-main=16777216"
    "memorysetup-job-temp-allocator-block-size=2097152"
    "memorysetup-job-temp-allocator-block-size-background=1048576"
    "memorysetup-job-temp-allocator-reduction-small-platforms=262144"
    "memorysetup-allocator-temp-initial-block-size-main=262144"
    "memorysetup-allocator-temp-initial-block-size-worker=262144"
    "memorysetup-temp-allocator-size-background-worker=32768"
    "memorysetup-temp-allocator-size-job-worker=262144"
    "memorysetup-temp-allocator-size-preload-manager=33554432"
    "memorysetup-temp-allocator-size-nav-mesh-worker=65536"
    "memorysetup-temp-allocator-size-audio-worker=65536"
    "memorysetup-temp-allocator-size-cloud-worker=32768"
    "memorysetup-temp-allocator-size-gi-baking-worker=262144"
    "memorysetup-temp-allocator-size-gfx=262144"
Player connection [19452] Host "[IP] 192.190.0.1 [Port] 0 [Flags] 2 [Guid] 904299771 [EditorId] 904299771 [Version] 1048832 [Id] WindowsEditor(7,DESKTOP-6FS5SCI) [Debug] 1 [PackageName] WindowsEditor [ProjectName] Editor" joined multi-casting on [225.0.0.222:54997]...

Player connection [19452] Host "[IP] 192.190.0.1 [Port] 0 [Flags] 2 [Guid] 904299771 [EditorId] 904299771 [Version] 1048832 [Id] WindowsEditor(7,DESKTOP-6FS5SCI) [Debug] 1 [PackageName] WindowsEditor [ProjectName] Editor" joined alternative multi-casting on [225.0.0.222:34997]...

[Physics::Module] Initialized MultithreadedJobDispatcher with 7 workers.
Refreshing native plugins compatible for Editor in 9.73 ms, found 3 plugins.
Preloading 0 native plugins for Editor in 0.00 ms.
Initialize engine version: 2022.3.11f1 (d00248457e15)
[Subsystems] Discovering subsystems at path C:/Program Files/Unity/Hub/Editor/2022.3.11f1/Editor/Data/Resources/UnitySubsystems
[Subsystems] Discovering subsystems at path C:/Users/user/Downloads/first-organisms-ssd/Assets
GfxDevice: creating device client; threaded=0; jobified=0
Direct3D:
    Version:  Direct3D 11.0 [level 11.1]
    Renderer: NVIDIA GeForce GTX 1050 (ID=0x1c91)
    Vendor:   NVIDIA
    VRAM:     2995 MB
    Driver:   31.0.15.3713
Initialize mono
Mono path[0] = 'C:/Program Files/Unity/Hub/Editor/2022.3.11f1/Editor/Data/Managed'
Mono path[1] = 'C:/Program Files/Unity/Hub/Editor/2022.3.11f1/Editor/Data/MonoBleedingEdge/lib/mono/unityjit-win32'
Mono config path = 'C:/Program Files/Unity/Hub/Editor/2022.3.11f1/Editor/Data/MonoBleedingEdge/etc'
Using monoOptions --debugger-agent=transport=dt_socket,embedding=1,server=y,suspend=n,address=127.0.0.1:56504
Begin MonoManager ReloadAssembly
Registering precompiled unity dll's ...
Register platform support module: C:/Program Files/Unity/Hub/Editor/2022.3.11f1/Editor/Data/PlaybackEngines/WebGLSupport/UnityEditor.WebGL.Extensions.dll
Register platform support module: C:/Program Files/Unity/Hub/Editor/2022.3.11f1/Editor/Data/PlaybackEngines/WindowsStandaloneSupport/UnityEditor.WindowsStandalone.Extensions.dll
Registered in 0.013244 seconds.
- Loaded All Assemblies, in  0.541 seconds
Native extension for WindowsStandalone target not found
Native extension for WebGL target not found
Mono: successfully reloaded assembly
- Finished resetting the current domain, in  0.357 seconds
Domain Reload Profiling: 897ms
	BeginReloadAssembly (149ms)
		ExecutionOrderSort (0ms)
		DisableScriptedObjects (0ms)
		BackupInstance (0ms)
		ReleaseScriptingObjects (0ms)
		CreateAndSetChildDomain (1ms)
	RebuildCommonClasses (64ms)
	RebuildNativeTypeToScriptingClass (34ms)
	initialDomainReloadingComplete (96ms)
	LoadAllAssembliesAndSetupDomain (196ms)
		LoadAssemblies (148ms)
		RebuildTransferFunctionScriptingTraits (0ms)
		AnalyzeDomain (194ms)
			TypeCache.Refresh (192ms)
				TypeCache.ScanAssembly (172ms)
			ScanForSourceGeneratedMonoScriptInfo (1ms)
			ResolveRequiredComponents (1ms)
	FinalizeReload (357ms)
		ReleaseScriptCaches (0ms)
		RebuildScriptCaches (0ms)
		SetupLoadedEditorAssemblies (269ms)
			LogAssemblyErrors (0ms)
			InitializePlatformSupportModulesInManaged (13ms)
			SetLoadedEditorAssemblies (6ms)
			RefreshPlugins (0ms)
			BeforeProcessingInitializeOnLoad (4ms)
			ProcessInitializeOnLoadAttributes (181ms)
			ProcessInitializeOnLoadMethodAttributes (66ms)
			AfterProcessingInitializeOnLoad (0ms)
			EditorAssembliesLoaded (0ms)
		ExecutionOrderSort2 (0ms)
		AwakeInstancesAfterBackupRestoration (0ms)
========================================================================
Worker process is ready to serve import requests
Begin MonoManager ReloadAssembly
- Loaded All Assemblies, in  0.921 seconds
Refreshing native plugins compatible for Editor in 4.17 ms, found 3 plugins.
Native extension for WindowsStandalone target not found
Native extension for WebGL target not found
Package Manager log level set to [2]
[Package Manager] Server::EnsureServerProcessIsRunning -- launch failed, reason: Unity was launched with the -noUpm command-line argument
[Package Manager] UpmClient::Send -- Unable to send message (not connected to UPM process).
[Package Manager] Cannot connect to Unity Package Manager local server
Mono: successfully reloaded assembly
- Finished resetting the current domain, in  0.799 seconds
Domain Reload Profiling: 1717ms
	BeginReloadAssembly (232ms)
		ExecutionOrderSort (0ms)
		DisableScriptedObjects (7ms)
		BackupInstance (0ms)
		ReleaseScriptingObjects (0ms)
		CreateAndSetChildDomain (29ms)
	RebuildCommonClasses (49ms)
	RebuildNativeTypeToScriptingClass (17ms)
	initialDomainReloadingComplete (56ms)
	LoadAllAssembliesAndSetupDomain (564ms)
		LoadAssemblies (462ms)
		RebuildTransferFunctionScriptingTraits (0ms)
		AnalyzeDomain (247ms)
			TypeCache.Refresh (221ms)
				TypeCache.ScanAssembly (201ms)
			ScanForSourceGeneratedMonoScriptInfo (19ms)
			ResolveRequiredComponents (5ms)
	FinalizeReload (799ms)
		ReleaseScriptCaches (0ms)
		RebuildScriptCaches (0ms)
		SetupLoadedEditorAssemblies (566ms)
			LogAssemblyErrors (0ms)
			InitializePlatformSupportModulesInManaged (11ms)
			SetLoadedEditorAssemblies (7ms)
			RefreshPlugins (0ms)
			BeforeProcessingInitializeOnLoad (85ms)
			ProcessInitializeOnLoadAttributes (424ms)
			ProcessInitializeOnLoadMethodAttributes (32ms)
			AfterProcessingInitializeOnLoad (8ms)
			EditorAssembliesLoaded (0ms)
		ExecutionOrderSort2 (0ms)
		AwakeInstancesAfterBackupRestoration (10ms)
Launched and connected shader compiler UnityShaderCompiler.exe after 0.07 seconds
Refreshing native plugins compatible for Editor in 7.38 ms, found 3 plugins.
Preloading 0 native plugins for Editor in 0.00 ms.
Unloading 3082 Unused Serialized files (Serialized files now loaded: 0)
Unloading 31 unused Assets / (29.6 KB). Loaded Objects now: 3564.
Memory consumption went from 130.6 MB to 130.6 MB.
Total: 9.521200 ms (FindLiveObjects: 1.509000 ms CreateObjectMapping: 1.496400 ms MarkObjects: 6.384700 ms  DeleteObjects: 0.129100 ms)

AssetImportParameters requested are different than current active one (requested -> active):
  custom:container-demuxer-ogg: 62fdf1f143b41e24485cea50d1cbac27 -> 
  custom:video-decoder-ogg-theora: a1e56fd34408186e4bbccfd4996cb3dc -> 
  custom:framework-win-MediaFoundation: 216162199b28c13a410421893ffa2e32 -> 
  custom:CustomObjectIndexerAttribute: 756ad292c208cfabdd7b50bc23989ffe -> 
  custom:container-demuxer-webm: 4f35f7cbe854078d1ac9338744f61a02 -> 
  custom:container-muxer-webm: aa71ff27fc2769a1b78a27578f13a17b -> 
  custom:video-decoder-webm-vp8: 9c59270c3fd7afecdb556c50c9e8de78 -> 
  custom:SearchIndexIgnoredProperties: e643bd26f0fe6173181afceb89e7c659 -> 
  custom:AudioImporter_EditorPlatform: d09bf68614088b80899f8185d706f6e7 -> 
  custom:video-encoder-webm-vp8: eb34c28f22e8b96e1ab97ce403110664 -> 
  custom:audio-decoder-ogg-vorbis: bf7c407c2cedff20999df2af8eb42d56 -> 
  custom:audio-encoder-webm-vorbis: bf7c407c2cedff20999df2af8eb42d56 -> 
========================================================================
Received Import Request.
  Time since last request: 26896.309720 seconds.
  path: Assets/Texture/lava-and-rock-unity/lava-and-rock-unity/lava-and-rock_ao.png
  artifactKey: Guid(040f00698999df54b81afffafe3daa3a) Importer(815301076,1909f56bfc062723c751e8b465ee728b)
Start importing Assets/Texture/lava-and-rock-unity/lava-and-rock-unity/lava-and-rock_ao.png using Guid(040f00698999df54b81afffafe3daa3a) Importer(815301076,1909f56bfc062723c751e8b465ee728b)  -> (artifact id: 'bbece7415deae732010df5ed3ccd6573') in 0.129360 seconds
Number of updated asset objects reloaded before import = 0
Number of asset objects unloaded after import = 2
========================================================================
Received Import Request.
  Time since last request: 0.000047 seconds.
  path: Assets/Texture/lava-and-rock-unity/lava-and-rock-unity/lava-and-rock_emissive.png
  artifactKey: Guid(fa73c1347393e5a45aa8228f0e7a83ce) Importer(815301076,1909f56bfc062723c751e8b465ee728b)
Start importing Assets/Texture/lava-and-rock-unity/lava-and-rock-unity/lava-and-rock_emissive.png using Guid(fa73c1347393e5a45aa8228f0e7a83ce) Importer(815301076,1909f56bfc062723c751e8b465ee728b)  -> (artifact id: '17354efc7d82f057335d67548f03662a') in 0.086073 seconds
Number of updated asset objects reloaded before import = 0
Number of asset objects unloaded after import = 2
========================================================================
Received Import Request.
  Time since last request: 0.000025 seconds.
  path: Assets/Texture/lava-and-rock-unity/lava-and-rock-unity/lava-and-rock_height.png
  artifactKey: Guid(9521c3890e4fbb247811e593a4596e68) Importer(815301076,1909f56bfc062723c751e8b465ee728b)
Start importing Assets/Texture/lava-and-rock-unity/lava-and-rock-unity/lava-and-rock_height.png using Guid(9521c3890e4fbb247811e593a4596e68) Importer(815301076,1909f56bfc062723c751e8b465ee728b)  -> (artifact id: 'a19bb6a7744e8e040f820286721f207c') in 0.035550 seconds
Number of updated asset objects reloaded before import = 0
Number of asset objects unloaded after import = 2
========================================================================
Received Import Request.
  Time since last request: 0.000034 seconds.
  path: Assets/Texture/lava-and-rock-unity/lava-and-rock-unity/lava-and-rock_preview.jpg
  artifactKey: Guid(7cfda4143e3409e459781a1faabb435e) Importer(815301076,1909f56bfc062723c751e8b465ee728b)
Start importing Assets/Texture/lava-and-rock-unity/lava-and-rock-unity/lava-and-rock_preview.jpg using Guid(7cfda4143e3409e459781a1faabb435e) Importer(815301076,1909f56bfc062723c751e8b465ee728b)  -> (artifact id: '3a9c602736c238925485d777ac246ff7') in 0.033074 seconds
Number of updated asset objects reloaded before import = 0
Number of asset objects unloaded after import = 2
========================================================================
Received Import Request.
  Time since last request: 44.259851 seconds.
  path: Assets/Texture/windswept-wasteland-unity/windswept-wasteland-unity/windswept-wasteland_ao.png
  artifactKey: Guid(24b64cbd3d7568d40b1cfccee90fcbf3) Importer(815301076,1909f56bfc062723c751e8b465ee728b)
Start importing Assets/Texture/windswept-wasteland-unity/windswept-wasteland-unity/windswept-wasteland_ao.png using Guid(24b64cbd3d7568d40b1cfccee90fcbf3) Importer(815301076,1909f56bfc062723c751e8b465ee728b)  -> (artifact id: 'aeb5e56b43469f8f4f441ed5a7c5552a') in 0.024189 seconds
Number of updated asset objects reloaded before import = 0
Number of asset objects unloaded after import = 2
========================================================================
Received Import Request.
  Time since last request: 0.000026 seconds.
  path: Assets/Texture/windswept-wasteland-unity/windswept-wasteland-unity/windswept-wasteland_normal-ogl.png
  artifactKey: Guid(2f59ac67b9654a64ebb122ec5845f0f0) Importer(815301076,1909f56bfc062723c751e8b465ee728b)
Start importing Assets/Texture/windswept-wasteland-unity/windswept-wasteland-unity/windswept-wasteland_normal-ogl.png using Guid(2f59ac67b9654a64ebb122ec5845f0f0) Importer(815301076,1909f56bfc062723c751e8b465ee728b)  -> (artifact id: '2e5d1083c6f48431e037de1936b6ea15') in 0.027661 seconds
Number of updated asset objects reloaded before import = 0
Number of asset objects unloaded after import = 2
========================================================================
Received Import Request.
  Time since last request: 0.000116 seconds.
  path: Assets/Texture/windswept-wasteland-unity/windswept-wasteland-unity/windswept-wasteland_preview.jpg
  artifactKey: Guid(28cd0de9c297f0049b79cc6f9e0f8288) Importer(815301076,1909f56bfc062723c751e8b465ee728b)
Start importing Assets/Texture/windswept-wasteland-unity/windswept-wasteland-unity/windswept-wasteland_preview.jpg using Guid(28cd0de9c297f0049b79cc6f9e0f8288) Importer(815301076,1909f56bfc062723c751e8b465ee728b)  -> (artifact id: 'c3275d63242f979e03b31c19d6ab60bc') in 0.019786 seconds
Number of updated asset objects reloaded before import = 0
Number of asset objects unloaded after import = 2
========================================================================
Received Import Request.
  Time since last request: 106.884895 seconds.
  path: Assets/Texture/mossy-ground1-Unity/mossy-ground1-Unity/mossy-ground1-height.png
  artifactKey: Guid(761b1b22f35d6d64588bf2ed885e8347) Importer(815301076,1909f56bfc062723c751e8b465ee728b)
Start importing Assets/Texture/mossy-ground1-Unity/mossy-ground1-Unity/mossy-ground1-height.png using Guid(761b1b22f35d6d64588bf2ed885e8347) Importer(815301076,1909f56bfc062723c751e8b465ee728b)  -> (artifact id: '6cc481646dcd3ac91aafa8e788b8d1d7') in 0.039130 seconds
Number of updated asset objects reloaded before import = 0
Number of asset objects unloaded after import = 2
========================================================================
Received Import Request.
  Time since last request: 0.000021 seconds.
  path: Assets/Texture/mossy-ground1-Unity/mossy-ground1-Unity/mossy-ground1-preview.png
  artifactKey: Guid(5d8fb0e3e15073b478162cf4b8e35d42) Importer(815301076,1909f56bfc062723c751e8b465ee728b)
Start importing Assets/Texture/mossy-ground1-Unity/mossy-ground1-Unity/mossy-ground1-preview.png using Guid(5d8fb0e3e15073b478162cf4b8e35d42) Importer(815301076,1909f56bfc062723c751e8b465ee728b)  -> (artifact id: '267db0ea7d691f08567b76ce0e6502d0') in 0.025297 seconds
Number of updated asset objects reloaded before import = 0
Number of asset objects unloaded after import = 2
========================================================================
Received Import Request.
  Time since last request: 622.583428 seconds.
  path: Assets/Texture/windswept-wasteland-unity/windswept-wasteland_normal-ogl.png
  artifactKey: Guid(2f59ac67b9654a64ebb122ec5845f0f0) Importer(815301076,1909f56bfc062723c751e8b465ee728b)
Start importing Assets/Texture/windswept-wasteland-unity/windswept-wasteland_normal-ogl.png using Guid(2f59ac67b9654a64ebb122ec5845f0f0) Importer(815301076,1909f56bfc062723c751e8b465ee728b)  -> (artifact id: 'd87555b4d6b64d9d7eede124f6152e90') in 0.086663 seconds
Number of updated asset objects reloaded before import = 0
Number of asset objects unloaded after import = 2
========================================================================
Received Prepare
Begin MonoManager ReloadAssembly
- Loaded All Assemblies, in  0.864 seconds
Refreshing native plugins compatible for Editor in 3.04 ms, found 3 plugins.
Native extension for WindowsStandalone target not found
Native extension for WebGL target not found
[ScriptCompilation] NOT recompiling all scripts because this is an import worker process. Reason to compile was: Define symbols changed
[Package Manager] Server::EnsureServerProcessIsRunning -- launch failed, reason: Unity was launched with the -noUpm command-line argument
[Package Manager] UpmClient::Send -- Unable to send message (not connected to UPM process).
[Package Manager] Cannot connect to Unity Package Manager local server
Mono: successfully reloaded assembly
- Finished resetting the current domain, in  5.924 seconds
Domain Reload Profiling: 6785ms
	BeginReloadAssembly (319ms)
		ExecutionOrderSort (0ms)
		DisableScriptedObjects (15ms)
		BackupInstance (0ms)
		ReleaseScriptingObjects (0ms)
		CreateAndSetChildDomain (86ms)
	RebuildCommonClasses (54ms)
	RebuildNativeTypeToScriptingClass (23ms)
	initialDomainReloadingComplete (49ms)
	LoadAllAssembliesAndSetupDomain (416ms)
		LoadAssemblies (535ms)
		RebuildTransferFunctionScriptingTraits (0ms)
		AnalyzeDomain (41ms)
			TypeCache.Refresh (18ms)
				TypeCache.ScanAssembly (2ms)
			ScanForSourceGeneratedMonoScriptInfo (13ms)
			ResolveRequiredComponents (8ms)
	FinalizeReload (5925ms)
		ReleaseScriptCaches (0ms)
		RebuildScriptCaches (0ms)
		SetupLoadedEditorAssemblies (3724ms)
			LogAssemblyErrors (0ms)
			InitializePlatformSupportModulesInManaged (19ms)
			SetLoadedEditorAssemblies (200ms)
			RefreshPlugins (0ms)
			BeforeProcessingInitializeOnLoad (1344ms)
			ProcessInitializeOnLoadAttributes (2008ms)
			ProcessInitializeOnLoadMethodAttributes (109ms)
			AfterProcessingInitializeOnLoad (41ms)
			EditorAssembliesLoaded (1ms)
		ExecutionOrderSort2 (0ms)
		AwakeInstancesAfterBackupRestoration (31ms)
Refreshing native plugins compatible for Editor in 8.90 ms, found 3 plugins.
Preloading 0 native plugins for Editor in 0.00 ms.
Unloading 3207 Unused Serialized files (Serialized files now loaded: 0)
Unloading 62 unused Assets / (3.4 MB). Loaded Objects now: 3667.
Memory consumption went from 148.7 MB to 145.3 MB.
Total: 19.556600 ms (FindLiveObjects: 0.549800 ms CreateObjectMapping: 0.379400 ms MarkObjects: 12.818900 ms  DeleteObjects: 5.805700 ms)

Prepare: number of updated asset objects reloaded= 0
AssetImportParameters requested are different than current active one (requested -> active):
  custom:container-demuxer-ogg: 62fdf1f143b41e24485cea50d1cbac27 -> 
  custom:video-decoder-ogg-theora: a1e56fd34408186e4bbccfd4996cb3dc -> 
  custom:framework-win-MediaFoundation: 216162199b28c13a410421893ffa2e32 -> 
  custom:CustomObjectIndexerAttribute: 756ad292c208cfabdd7b50bc23989ffe -> 
  custom:container-demuxer-webm: 4f35f7cbe854078d1ac9338744f61a02 -> 
  custom:container-muxer-webm: aa71ff27fc2769a1b78a27578f13a17b -> 
  custom:video-decoder-webm-vp8: 9c59270c3fd7afecdb556c50c9e8de78 -> 
  custom:SearchIndexIgnoredProperties: e643bd26f0fe6173181afceb89e7c659 -> 
  custom:AudioImporter_EditorPlatform: d09bf68614088b80899f8185d706f6e7 -> 
  custom:video-encoder-webm-vp8: eb34c28f22e8b96e1ab97ce403110664 -> 
  custom:audio-decoder-ogg-vorbis: bf7c407c2cedff20999df2af8eb42d56 -> 
  custom:audio-encoder-webm-vorbis: bf7c407c2cedff20999df2af8eb42d56 -> 
========================================================================
Received Prepare
Begin MonoManager ReloadAssembly
- Loaded All Assemblies, in  0.661 seconds
Refreshing native plugins compatible for Editor in 4.40 ms, found 3 plugins.
Native extension for WindowsStandalone target not found
Native extension for WebGL target not found
[ScriptCompilation] NOT recompiling all scripts because this is an import worker process. Reason to compile was: Define symbols changed
[Package Manager] Server::EnsureServerProcessIsRunning -- launch failed, reason: Unity was launched with the -noUpm command-line argument
[Package Manager] UpmClient::Send -- Unable to send message (not connected to UPM process).
[Package Manager] Cannot connect to Unity Package Manager local server
Mono: successfully reloaded assembly
- Finished resetting the current domain, in  0.930 seconds
Domain Reload Profiling: 1589ms
	BeginReloadAssembly (202ms)
		ExecutionOrderSort (0ms)
		DisableScriptedObjects (9ms)
		BackupInstance (0ms)
		ReleaseScriptingObjects (0ms)
		CreateAndSetChildDomain (39ms)
	RebuildCommonClasses (52ms)
	RebuildNativeTypeToScriptingClass (13ms)
	initialDomainReloadingComplete (40ms)
	LoadAllAssembliesAndSetupDomain (352ms)
		LoadAssemblies (345ms)
		RebuildTransferFunctionScriptingTraits (0ms)
		AnalyzeDomain (127ms)
			TypeCache.Refresh (99ms)
				TypeCache.ScanAssembly (84ms)
			ScanForSourceGeneratedMonoScriptInfo (19ms)
			ResolveRequiredComponents (7ms)
	FinalizeReload (930ms)
		ReleaseScriptCaches (0ms)
		RebuildScriptCaches (0ms)
		SetupLoadedEditorAssemblies (448ms)
			LogAssemblyErrors (0ms)
			InitializePlatformSupportModulesInManaged (7ms)
			SetLoadedEditorAssemblies (4ms)
			RefreshPlugins (0ms)
			BeforeProcessingInitializeOnLoad (61ms)
			ProcessInitializeOnLoadAttributes (348ms)
			ProcessInitializeOnLoadMethodAttributes (22ms)
			AfterProcessingInitializeOnLoad (6ms)
			EditorAssembliesLoaded (0ms)
		ExecutionOrderSort2 (0ms)
		AwakeInstancesAfterBackupRestoration (8ms)
Refreshing native plugins compatible for Editor in 2.76 ms, found 3 plugins.
Preloading 0 native plugins for Editor in 0.00 ms.
Unloading 3208 Unused Serialized files (Serialized files now loaded: 0)
Unloading 62 unused Assets / (3.4 MB). Loaded Objects now: 3670.
Memory consumption went from 150.9 MB to 147.5 MB.
Total: 5.214000 ms (FindLiveObjects: 0.262100 ms CreateObjectMapping: 0.235700 ms MarkObjects: 3.764300 ms  DeleteObjects: 0.950500 ms)

Prepare: number of updated asset objects reloaded= 0
AssetImportParameters requested are different than current active one (requested -> active):
  custom:container-demuxer-ogg: 62fdf1f143b41e24485cea50d1cbac27 -> 
  custom:video-decoder-ogg-theora: a1e56fd34408186e4bbccfd4996cb3dc -> 
  custom:framework-win-MediaFoundation: 216162199b28c13a410421893ffa2e32 -> 
  custom:CustomObjectIndexerAttribute: 756ad292c208cfabdd7b50bc23989ffe -> 
  custom:container-demuxer-webm: 4f35f7cbe854078d1ac9338744f61a02 -> 
  custom:container-muxer-webm: aa71ff27fc2769a1b78a27578f13a17b -> 
  custom:video-decoder-webm-vp8: 9c59270c3fd7afecdb556c50c9e8de78 -> 
  custom:SearchIndexIgnoredProperties: e643bd26f0fe6173181afceb89e7c659 -> 
  custom:AudioImporter_EditorPlatform: d09bf68614088b80899f8185d706f6e7 -> 
  custom:video-encoder-webm-vp8: eb34c28f22e8b96e1ab97ce403110664 -> 
  custom:audio-decoder-ogg-vorbis: bf7c407c2cedff20999df2af8eb42d56 -> 
  custom:audio-encoder-webm-vorbis: bf7c407c2cedff20999df2af8eb42d56 -> 
========================================================================
Received Import Request.
  Time since last request: 1912.303562 seconds.
  path: Assets/Texture/sun.mat
  artifactKey: Guid(cfb53960981b8ae4c8a0bdc8daa14320) Importer(815301076,1909f56bfc062723c751e8b465ee728b)
Start importing Assets/Texture/sun.mat using Guid(cfb53960981b8ae4c8a0bdc8daa14320) Importer(815301076,1909f56bfc062723c751e8b465ee728b)  -> (artifact id: '55d9055d82ec300d9ad69d0b93498fba') in 0.186195 seconds
Number of updated asset objects reloaded before import = 0
Number of asset objects unloaded after import = 1
========================================================================
Received Import Request.
  Time since last request: 772.450543 seconds.
  path: Assets/Texture/lava-and-rock-unity/lava-rock.mat
  artifactKey: Guid(4cc9c036e0520ba4eb47be7df6a78be7) Importer(815301076,1909f56bfc062723c751e8b465ee728b)
Start importing Assets/Texture/lava-and-rock-unity/lava-rock.mat using Guid(4cc9c036e0520ba4eb47be7df6a78be7) Importer(815301076,1909f56bfc062723c751e8b465ee728b)  -> (artifact id: 'b01ae6f9f397d097b1dfa170e25238c3') in 0.475956 seconds
Number of updated asset objects reloaded before import = 0
Number of asset objects unloaded after import = 7
========================================================================
Received Import Request.
  Time since last request: 41.414530 seconds.
  path: Assets/Texture/planet_surface-unity/planet_surface-ao.png
  artifactKey: Guid(bfbe4f9bae5054f449540ea0c3a2ee40) Importer(815301076,1909f56bfc062723c751e8b465ee728b)
Start importing Assets/Texture/planet_surface-unity/planet_surface-ao.png using Guid(bfbe4f9bae5054f449540ea0c3a2ee40) Importer(815301076,1909f56bfc062723c751e8b465ee728b)  -> (artifact id: '47697a7395b55983bb63833f0ab5e827') in 0.046652 seconds
Number of updated asset objects reloaded before import = 0
Number of asset objects unloaded after import = 2
========================================================================
Received Import Request.
  Time since last request: 0.000019 seconds.
  path: Assets/Texture/planet_surface-unity/planet_surface_Normal-ogl.png
  artifactKey: Guid(68cd813803ca4074ca02adbe1dd8f96a) Importer(815301076,1909f56bfc062723c751e8b465ee728b)
Start importing Assets/Texture/planet_surface-unity/planet_surface_Normal-ogl.png using Guid(68cd813803ca4074ca02adbe1dd8f96a) Importer(815301076,1909f56bfc062723c751e8b465ee728b)  -> (artifact id: '20a38045436f10a1369404a651a0146c') in 0.024072 seconds
Number of updated asset objects reloaded before import = 0
Number of asset objects unloaded after import = 2
========================================================================
Received Import Request.
  Time since last request: 40.344774 seconds.
  path: Assets/Texture/bumpy-worn-ground-unity/bumpy_worn_ground_ao.png
  artifactKey: Guid(1aa9420c4cf82444e931055301e555f5) Importer(815301076,1909f56bfc062723c751e8b465ee728b)
Start importing Assets/Texture/bumpy-worn-ground-unity/bumpy_worn_ground_ao.png using Guid(1aa9420c4cf82444e931055301e555f5) Importer(815301076,1909f56bfc062723c751e8b465ee728b)  -> (artifact id: '5a2f723dceff6221f2f4df58c14e0c71') in 0.026609 seconds
Number of updated asset objects reloaded before import = 0
Number of asset objects unloaded after import = 2
========================================================================
Received Import Request.
  Time since last request: 0.000061 seconds.
  path: Assets/Texture/bumpy-worn-ground-unity/bumpy_worn_ground_height.png
  artifactKey: Guid(667740e6b982ee14aaae6dca0fc03687) Importer(815301076,1909f56bfc062723c751e8b465ee728b)
Start importing Assets/Texture/bumpy-worn-ground-unity/bumpy_worn_ground_height.png using Guid(667740e6b982ee14aaae6dca0fc03687) Importer(815301076,1909f56bfc062723c751e8b465ee728b)  -> (artifact id: '37b856e58021badcad9a858e019381b9') in 0.023984 seconds
Number of updated asset objects reloaded before import = 0
Number of asset objects unloaded after import = 2
========================================================================
Received Import Request.
  Time since last request: 0.000029 seconds.
  path: Assets/Texture/bumpy-worn-ground-unity/bumpy_worn_ground_metallic.psd
  artifactKey: Guid(4d4d925bb46d41249a7e23ca4c539756) Importer(815301076,1909f56bfc062723c751e8b465ee728b)
Start importing Assets/Texture/bumpy-worn-ground-unity/bumpy_worn_ground_metallic.psd using Guid(4d4d925bb46d41249a7e23ca4c539756) Importer(815301076,1909f56bfc062723c751e8b465ee728b)  -> (artifact id: '3139107b9708d1ca241f6c8c3822337c') in 0.021572 seconds
Number of updated asset objects reloaded before import = 0
Number of asset objects unloaded after import = 2
========================================================================
Received Import Request.
  Time since last request: 2463.942847 seconds.
  path: Assets/Texture/stone-material.mat
  artifactKey: Guid(a24e06b7eac94a64cb85f93b42ae72a8) Importer(815301076,1909f56bfc062723c751e8b465ee728b)
Start importing Assets/Texture/stone-material.mat using Guid(a24e06b7eac94a64cb85f93b42ae72a8) Importer(815301076,1909f56bfc062723c751e8b465ee728b)  -> (artifact id: '9c5e284e6355b8dbb4892c919bbdb53f') in 0.094058 seconds
Number of updated asset objects reloaded before import = 0
Number of asset objects unloaded after import = 2
========================================================================
Received Import Request.
  Time since last request: 0.000024 seconds.
  path: Assets/Texture/sun.mat
  artifactKey: Guid(cfb53960981b8ae4c8a0bdc8daa14320) Importer(815301076,1909f56bfc062723c751e8b465ee728b)
Start importing Assets/Texture/sun.mat using Guid(cfb53960981b8ae4c8a0bdc8daa14320) Importer(815301076,1909f56bfc062723c751e8b465ee728b)  -> (artifact id: '91db427f440b7cf90b4f6917d00fedf0') in 0.020462 seconds
Number of updated asset objects reloaded before import = 0
Number of asset objects unloaded after import = 1
========================================================================
Received Import Request.
  Time since last request: 3.838736 seconds.
  path: Assets/Texture/lava-rock2-unity/lava-rock2_ao.png
  artifactKey: Guid(6fcf03e72e3e8ec4f904a6735f5c481a) Importer(815301076,1909f56bfc062723c751e8b465ee728b)
Start importing Assets/Texture/lava-rock2-unity/lava-rock2_ao.png using Guid(6fcf03e72e3e8ec4f904a6735f5c481a) Importer(815301076,1909f56bfc062723c751e8b465ee728b)  -> (artifact id: '29b509959cbbfb89ad0cc824e4ea0ec3') in 0.025234 seconds
Number of updated asset objects reloaded before import = 0
Number of asset objects unloaded after import = 2
========================================================================
Received Import Request.
  Time since last request: 0.000023 seconds.
  path: Assets/Texture/lava-rock2-unity/lava-rock2_normal-ogl.png
  artifactKey: Guid(66cb70a432ee27f44b343fb1f6a53eb3) Importer(815301076,1909f56bfc062723c751e8b465ee728b)
Start importing Assets/Texture/lava-rock2-unity/lava-rock2_normal-ogl.png using Guid(66cb70a432ee27f44b343fb1f6a53eb3) Importer(815301076,1909f56bfc062723c751e8b465ee728b)  -> (artifact id: '7dcbc2fd10ce4b9a17c26a093ab311d3') in 0.029021 seconds
Number of updated asset objects reloaded before import = 0
Number of asset objects unloaded after import = 2
========================================================================
Received Import Request.
  Time since last request: 0.000021 seconds.
  path: Assets/Texture/lava-rock2-unity/lava-rock2_preview.jpg
  artifactKey: Guid(5baf82dd55dbbe445a99a5c536b5b553) Importer(815301076,1909f56bfc062723c751e8b465ee728b)
Start importing Assets/Texture/lava-rock2-unity/lava-rock2_preview.jpg using Guid(5baf82dd55dbbe445a99a5c536b5b553) Importer(815301076,1909f56bfc062723c751e8b465ee728b)  -> (artifact id: '6b64d64d50997d0941ba1aff0c26f194') in 0.027467 seconds
Number of updated asset objects reloaded before import = 0
Number of asset objects unloaded after import = 2
========================================================================
Received Import Request.
  Time since last request: 1110.557788 seconds.
  path: Assets/New Terrain 1.asset
  artifactKey: Guid(ba876371448a3a7418fba6172d739c34) Importer(815301076,1909f56bfc062723c751e8b465ee728b)
Start importing Assets/New Terrain 1.asset using Guid(ba876371448a3a7418fba6172d739c34) Importer(815301076,1909f56bfc062723c751e8b465ee728b)  -> (artifact id: 'a6cac820bdb56490348359f493bbfb18') in 0.013801 seconds
Number of updated asset objects reloaded before import = 0
Number of asset objects unloaded after import = 1
========================================================================
Received Prepare
Begin MonoManager ReloadAssembly
- Loaded All Assemblies, in  6.787 seconds
Refreshing native plugins compatible for Editor in 15.51 ms, found 3 plugins.
Native extension for WindowsStandalone target not found
Native extension for WebGL target not found
[Package Manager] Server::EnsureServerProcessIsRunning -- launch failed, reason: Unity was launched with the -noUpm command-line argument
[Package Manager] UpmClient::Send -- Unable to send message (not connected to UPM process).
[Package Manager] Cannot connect to Unity Package Manager local server
Mono: successfully reloaded assembly
- Finished resetting the current domain, in 54.154 seconds
Domain Reload Profiling: 60949ms
	BeginReloadAssembly (1197ms)
		ExecutionOrderSort (0ms)
		DisableScriptedObjects (41ms)
		BackupInstance (0ms)
		ReleaseScriptingObjects (2ms)
		CreateAndSetChildDomain (586ms)
	RebuildCommonClasses (71ms)
	RebuildNativeTypeToScriptingClass (20ms)
	initialDomainReloadingComplete (84ms)
	LoadAllAssembliesAndSetupDomain (5421ms)
		LoadAssemblies (4623ms)
		RebuildTransferFunctionScriptingTraits (0ms)
		AnalyzeDomain (1201ms)
			TypeCache.Refresh (633ms)
				TypeCache.ScanAssembly (526ms)
			ScanForSourceGeneratedMonoScriptInfo (149ms)
			ResolveRequiredComponents (396ms)
	FinalizeReload (54155ms)
		ReleaseScriptCaches (0ms)
		RebuildScriptCaches (0ms)
		SetupLoadedEditorAssemblies (1479ms)
			LogAssemblyErrors (0ms)
			InitializePlatformSupportModulesInManaged (49ms)
			SetLoadedEditorAssemblies (30ms)
			RefreshPlugins (0ms)
			BeforeProcessingInitializeOnLoad (201ms)
			ProcessInitializeOnLoadAttributes (1083ms)
			ProcessInitializeOnLoadMethodAttributes (102ms)
			AfterProcessingInitializeOnLoad (14ms)
			EditorAssembliesLoaded (2ms)
		ExecutionOrderSort2 (0ms)
		AwakeInstancesAfterBackupRestoration (24ms)
Shader 'HDRP/Unlit': fallback shader 'Hidden/HDRP/FallbackError' not found
Shader 'HDRP/LitTessellation': fallback shader 'Hidden/HDRP/FallbackError' not found
Shader 'HDRP/LayeredLit': fallback shader 'Hidden/HDRP/FallbackError' not found
Shader 'HDRP/AxF': fallback shader 'Hidden/HDRP/FallbackError' not found
Shader 'HDRP/TerrainLit': dependency 'BaseMapGenShader' shader 'Hidden/HDRP/TerrainLit_BasemapGen' not found
Shader 'HDRP/TerrainLit': dependency 'BaseMapGenShader' shader 'Hidden/HDRP/TerrainLit_BasemapGen' not found
Refreshing native plugins compatible for Editor in 3.66 ms, found 3 plugins.
Preloading 0 native plugins for Editor in 0.00 ms.
Unloading 6206 Unused Serialized files (Serialized files now loaded: 0)
Unloading 302 unused Assets / (26.6 MB). Loaded Objects now: 6471.
Memory consumption went from 275.7 MB to 249.1 MB.
Total: 17.572900 ms (FindLiveObjects: 0.799100 ms CreateObjectMapping: 0.582300 ms MarkObjects: 5.802900 ms  DeleteObjects: 10.386900 ms)

Prepare: number of updated asset objects reloaded= 0
AssetImportParameters requested are different than current active one (requested -> active):
  custom:container-demuxer-ogg: 62fdf1f143b41e24485cea50d1cbac27 -> 
  custom:video-decoder-ogg-theora: a1e56fd34408186e4bbccfd4996cb3dc -> 
  custom:framework-win-MediaFoundation: 216162199b28c13a410421893ffa2e32 -> 
  custom:CustomObjectIndexerAttribute: 756ad292c208cfabdd7b50bc23989ffe -> 
  custom:container-demuxer-webm: 4f35f7cbe854078d1ac9338744f61a02 -> 
  custom:container-muxer-webm: aa71ff27fc2769a1b78a27578f13a17b -> 
  custom:video-decoder-webm-vp8: 9c59270c3fd7afecdb556c50c9e8de78 -> 
  custom:SearchIndexIgnoredProperties: e643bd26f0fe6173181afceb89e7c659 -> 
  custom:AudioImporter_EditorPlatform: d09bf68614088b80899f8185d706f6e7 -> 
  custom:video-encoder-webm-vp8: eb34c28f22e8b96e1ab97ce403110664 -> 
  custom:audio-decoder-ogg-vorbis: bf7c407c2cedff20999df2af8eb42d56 -> 
  custom:audio-encoder-webm-vorbis: bf7c407c2cedff20999df2af8eb42d56 -> 
========================================================================
Received Import Request.
  Time since last request: 668.352951 seconds.
  path: Assets/Texture/NewLayer 1.terrainlayer
  artifactKey: Guid(6f4d99279c0b93840af932b6fc6f58f1) Importer(815301076,1909f56bfc062723c751e8b465ee728b)
Start importing Assets/Texture/NewLayer 1.terrainlayer using Guid(6f4d99279c0b93840af932b6fc6f58f1) Importer(815301076,1909f56bfc062723c751e8b465ee728b)  -> (artifact id: 'c7fa72114df021182e59ad974a90dd7f') in 0.286652 seconds
Number of updated asset objects reloaded before import = 0
Number of asset objects unloaded after import = 4
========================================================================
Received Import Request.
  Time since last request: 1245.700894 seconds.
  path: Assets/Texture/lava-rock2-unity/lava-rock2_albedo.png
  artifactKey: Guid(8ae7013d5f4929445a59332c871d29c6) Importer(815301076,1909f56bfc062723c751e8b465ee728b)
Start importing Assets/Texture/lava-rock2-unity/lava-rock2_albedo.png using Guid(8ae7013d5f4929445a59332c871d29c6) Importer(815301076,1909f56bfc062723c751e8b465ee728b)  -> (artifact id: 'dbf4f6193c7964152e975573a1def6b5') in 0.273429 seconds
Number of updated asset objects reloaded before import = 0
Number of asset objects unloaded after import = 2
========================================================================
Received Import Request.
  Time since last request: 0.000205 seconds.
  path: Assets/Texture/lava-rock2-unity/lava-rock2_normal-ogl.png
  artifactKey: Guid(66cb70a432ee27f44b343fb1f6a53eb3) Importer(815301076,1909f56bfc062723c751e8b465ee728b)
Start importing Assets/Texture/lava-rock2-unity/lava-rock2_normal-ogl.png using Guid(66cb70a432ee27f44b343fb1f6a53eb3) Importer(815301076,1909f56bfc062723c751e8b465ee728b)  -> (artifact id: '9ec445140a35682efc874b5c132046b0') in 0.042542 seconds
Number of updated asset objects reloaded before import = 0
Number of asset objects unloaded after import = 2
========================================================================
Received Import Request.
  Time since last request: 0.000064 seconds.
  path: Assets/Texture/lava-rock2-unity/lava-rock2_preview.jpg
  artifactKey: Guid(5baf82dd55dbbe445a99a5c536b5b553) Importer(815301076,1909f56bfc062723c751e8b465ee728b)
Start importing Assets/Texture/lava-rock2-unity/lava-rock2_preview.jpg using Guid(5baf82dd55dbbe445a99a5c536b5b553) Importer(815301076,1909f56bfc062723c751e8b465ee728b)  -> (artifact id: '3ad5116d82b8ba1bdf85ac8e9ae72634') in 0.032216 seconds
Number of updated asset objects reloaded before import = 0
Number of asset objects unloaded after import = 2
========================================================================
Received Import Request.
  Time since last request: 77.455588 seconds.
  path: Assets/Texture/sand1-unity/New Material 1.mat
  artifactKey: Guid(c0073d765e21a6c43a70c406e7069e89) Importer(815301076,1909f56bfc062723c751e8b465ee728b)
Start importing Assets/Texture/sand1-unity/New Material 1.mat using Guid(c0073d765e21a6c43a70c406e7069e89) Importer(815301076,1909f56bfc062723c751e8b465ee728b)  -> (artifact id: 'd267c3602460ae585c54e04955ff163e') in 0.200063 seconds
Number of updated asset objects reloaded before import = 0
Number of asset objects unloaded after import = 4
========================================================================
Received Import Request.
  Time since last request: 0.000043 seconds.
  path: Assets/Texture/windswept-wasteland-unity/wasteland.mat
  artifactKey: Guid(e4f11bf5ea93b2d45b9a2f362a0db893) Importer(815301076,1909f56bfc062723c751e8b465ee728b)
Start importing Assets/Texture/windswept-wasteland-unity/wasteland.mat using Guid(e4f11bf5ea93b2d45b9a2f362a0db893) Importer(815301076,1909f56bfc062723c751e8b465ee728b)  -> (artifact id: 'd43c536649f3a368ae2990b3e6aa62ce') in 0.269572 seconds
Number of updated asset objects reloaded before import = 0
Number of asset objects unloaded after import = 6
========================================================================
Received Import Request.
  Time since last request: 240.688737 seconds.
  path: Assets/Texture/mossy-ground1-Unity/mossy-ground1-ao.png
  artifactKey: Guid(62008cd29b9a9784b911ec6e50afba64) Importer(815301076,1909f56bfc062723c751e8b465ee728b)
Start importing Assets/Texture/mossy-ground1-Unity/mossy-ground1-ao.png using Guid(62008cd29b9a9784b911ec6e50afba64) Importer(815301076,1909f56bfc062723c751e8b465ee728b)  -> (artifact id: '50e1eb997ac27e998d214367031e9338') in 0.033401 seconds
Number of updated asset objects reloaded before import = 0
Number of asset objects unloaded after import = 2
========================================================================
Received Import Request.
  Time since last request: 0.000024 seconds.
  path: Assets/Texture/mossy-ground1-Unity/mossy-ground1-metal.psd
  artifactKey: Guid(f742f1c605fb650439b781c38b6acf03) Importer(815301076,1909f56bfc062723c751e8b465ee728b)
Start importing Assets/Texture/mossy-ground1-Unity/mossy-ground1-metal.psd using Guid(f742f1c605fb650439b781c38b6acf03) Importer(815301076,1909f56bfc062723c751e8b465ee728b)  -> (artifact id: '682c29bd71151244303a969b8c64a3bc') in 0.025891 seconds
Number of updated asset objects reloaded before import = 0
Number of asset objects unloaded after import = 2
========================================================================
Received Import Request.
  Time since last request: 0.000021 seconds.
  path: Assets/Texture/mossy-ground1-Unity/mossy-ground1-preview.png
  artifactKey: Guid(5d8fb0e3e15073b478162cf4b8e35d42) Importer(815301076,1909f56bfc062723c751e8b465ee728b)
Start importing Assets/Texture/mossy-ground1-Unity/mossy-ground1-preview.png using Guid(5d8fb0e3e15073b478162cf4b8e35d42) Importer(815301076,1909f56bfc062723c751e8b465ee728b)  -> (artifact id: 'f9374ef8790e397e758d92ab26949e9c') in 0.032434 seconds
Number of updated asset objects reloaded before import = 0
Number of asset objects unloaded after import = 2
========================================================================
Received Prepare
Begin MonoManager ReloadAssembly
- Loaded All Assemblies, in  2.299 seconds
Refreshing native plugins compatible for Editor in 3.60 ms, found 3 plugins.
Native extension for WindowsStandalone target not found
Native extension for WebGL target not found
[Package Manager] Server::EnsureServerProcessIsRunning -- launch failed, reason: Unity was launched with the -noUpm command-line argument
[Package Manager] UpmClient::Send -- Unable to send message (not connected to UPM process).
[Package Manager] Cannot connect to Unity Package Manager local server
Mono: successfully reloaded assembly
- Finished resetting the current domain, in  8.892 seconds
Domain Reload Profiling: 11197ms
	BeginReloadAssembly (814ms)
		ExecutionOrderSort (0ms)
		DisableScriptedObjects (20ms)
		BackupInstance (0ms)
		ReleaseScriptingObjects (1ms)
		CreateAndSetChildDomain (478ms)
	RebuildCommonClasses (51ms)
	RebuildNativeTypeToScriptingClass (17ms)
	initialDomainReloadingComplete (41ms)
	LoadAllAssembliesAndSetupDomain (1380ms)
		LoadAssemblies (1425ms)
		RebuildTransferFunctionScriptingTraits (0ms)
		AnalyzeDomain (140ms)
			TypeCache.Refresh (50ms)
				TypeCache.ScanAssembly (0ms)
			ScanForSourceGeneratedMonoScriptInfo (74ms)
			ResolveRequiredComponents (14ms)
	FinalizeReload (8893ms)
		ReleaseScriptCaches (0ms)
		RebuildScriptCaches (0ms)
		SetupLoadedEditorAssemblies (545ms)
			LogAssemblyErrors (0ms)
			InitializePlatformSupportModulesInManaged (12ms)
			SetLoadedEditorAssemblies (8ms)
			RefreshPlugins (0ms)
			BeforeProcessingInitializeOnLoad (103ms)
			ProcessInitializeOnLoadAttributes (383ms)
			ProcessInitializeOnLoadMethodAttributes (32ms)
			AfterProcessingInitializeOnLoad (6ms)
			EditorAssembliesLoaded (1ms)
		ExecutionOrderSort2 (0ms)
		AwakeInstancesAfterBackupRestoration (7ms)
Refreshing native plugins compatible for Editor in 11.11 ms, found 3 plugins.
Preloading 0 native plugins for Editor in 0.00 ms.
Unloading 6073 Unused Serialized files (Serialized files now loaded: 0)
Unloading 341 unused Assets / (22.5 MB). Loaded Objects now: 6421.
Memory consumption went from 265.9 MB to 243.4 MB.
Total: 28.534600 ms (FindLiveObjects: 1.523000 ms CreateObjectMapping: 0.806000 ms MarkObjects: 13.222800 ms  DeleteObjects: 12.980900 ms)

Prepare: number of updated asset objects reloaded= 0
AssetImportParameters requested are different than current active one (requested -> active):
  custom:container-demuxer-ogg: 62fdf1f143b41e24485cea50d1cbac27 -> 
  custom:video-decoder-ogg-theora: a1e56fd34408186e4bbccfd4996cb3dc -> 
  custom:framework-win-MediaFoundation: 216162199b28c13a410421893ffa2e32 -> 
  custom:CustomObjectIndexerAttribute: 756ad292c208cfabdd7b50bc23989ffe -> 
  custom:container-demuxer-webm: 4f35f7cbe854078d1ac9338744f61a02 -> 
  custom:container-muxer-webm: aa71ff27fc2769a1b78a27578f13a17b -> 
  custom:video-decoder-webm-vp8: 9c59270c3fd7afecdb556c50c9e8de78 -> 
  custom:SearchIndexIgnoredProperties: e643bd26f0fe6173181afceb89e7c659 -> 
  custom:AudioImporter_EditorPlatform: d09bf68614088b80899f8185d706f6e7 -> 
  custom:video-encoder-webm-vp8: eb34c28f22e8b96e1ab97ce403110664 -> 
  custom:audio-decoder-ogg-vorbis: bf7c407c2cedff20999df2af8eb42d56 -> 
  custom:audio-encoder-webm-vorbis: bf7c407c2cedff20999df2af8eb42d56 -> 
========================================================================
Received Prepare
Begin MonoManager ReloadAssembly
- Loaded All Assemblies, in  1.105 seconds
Refreshing native plugins compatible for Editor in 3.06 ms, found 3 plugins.
Native extension for WindowsStandalone target not found
Native extension for WebGL target not found
[Package Manager] Server::EnsureServerProcessIsRunning -- launch failed, reason: Unity was launched with the -noUpm command-line argument
[Package Manager] UpmClient::Send -- Unable to send message (not connected to UPM process).
[Package Manager] Cannot connect to Unity Package Manager local server
Mono: successfully reloaded assembly
- Finished resetting the current domain, in  2.195 seconds
Domain Reload Profiling: 3298ms
	BeginReloadAssembly (352ms)
		ExecutionOrderSort (0ms)
		DisableScriptedObjects (5ms)
		BackupInstance (0ms)
		ReleaseScriptingObjects (3ms)
		CreateAndSetChildDomain (94ms)
	RebuildCommonClasses (49ms)
	RebuildNativeTypeToScriptingClass (14ms)
	initialDomainReloadingComplete (49ms)
	LoadAllAssembliesAndSetupDomain (638ms)
		LoadAssemblies (713ms)
		RebuildTransferFunctionScriptingTraits (0ms)
		AnalyzeDomain (122ms)
			TypeCache.Refresh (99ms)
				TypeCache.ScanAssembly (72ms)
			ScanForSourceGeneratedMonoScriptInfo (15ms)
			ResolveRequiredComponents (7ms)
	FinalizeReload (2196ms)
		ReleaseScriptCaches (0ms)
		RebuildScriptCaches (0ms)
		SetupLoadedEditorAssemblies (623ms)
			LogAssemblyErrors (0ms)
			InitializePlatformSupportModulesInManaged (12ms)
			SetLoadedEditorAssemblies (10ms)
			RefreshPlugins (0ms)
			BeforeProcessingInitializeOnLoad (143ms)
			ProcessInitializeOnLoadAttributes (413ms)
			ProcessInitializeOnLoadMethodAttributes (37ms)
			AfterProcessingInitializeOnLoad (8ms)
			EditorAssembliesLoaded (0ms)
		ExecutionOrderSort2 (0ms)
		AwakeInstancesAfterBackupRestoration (11ms)
Refreshing native plugins compatible for Editor in 4.55 ms, found 3 plugins.
Preloading 0 native plugins for Editor in 0.00 ms.
Unloading 3075 Unused Serialized files (Serialized files now loaded: 0)
Unloading 999 unused Assets / (0.6 MB). Loaded Objects now: 5448.
Memory consumption went from 156.8 MB to 156.1 MB.
Total: 6.444000 ms (FindLiveObjects: 1.171900 ms CreateObjectMapping: 0.618800 ms MarkObjects: 3.230300 ms  DeleteObjects: 1.421400 ms)

Prepare: number of updated asset objects reloaded= 4
AssetImportParameters requested are different than current active one (requested -> active):
  custom:container-demuxer-ogg: 62fdf1f143b41e24485cea50d1cbac27 -> 
  custom:video-decoder-ogg-theora: a1e56fd34408186e4bbccfd4996cb3dc -> 
  custom:framework-win-MediaFoundation: 216162199b28c13a410421893ffa2e32 -> 
  custom:CustomObjectIndexerAttribute: 756ad292c208cfabdd7b50bc23989ffe -> 
  custom:container-demuxer-webm: 4f35f7cbe854078d1ac9338744f61a02 -> 
  custom:container-muxer-webm: aa71ff27fc2769a1b78a27578f13a17b -> 
  custom:video-decoder-webm-vp8: 9c59270c3fd7afecdb556c50c9e8de78 -> 
  custom:SearchIndexIgnoredProperties: e643bd26f0fe6173181afceb89e7c659 -> 
  custom:AudioImporter_EditorPlatform: d09bf68614088b80899f8185d706f6e7 -> 
  custom:video-encoder-webm-vp8: eb34c28f22e8b96e1ab97ce403110664 -> 
  custom:audio-decoder-ogg-vorbis: bf7c407c2cedff20999df2af8eb42d56 -> 
  custom:audio-encoder-webm-vorbis: bf7c407c2cedff20999df2af8eb42d56 -> 
========================================================================
Received Import Request.
  Time since last request: 305.426942 seconds.
  path: Assets/Texture/lava-rock2-unity/lava-rock-only.mat
  artifactKey: Guid(068f81feea5f62141b35c12765caca20) Importer(815301076,1909f56bfc062723c751e8b465ee728b)
Start importing Assets/Texture/lava-rock2-unity/lava-rock-only.mat using Guid(068f81feea5f62141b35c12765caca20) Importer(815301076,1909f56bfc062723c751e8b465ee728b)  -> (artifact id: '412315c11d7332278c89244b4334e859') in 0.333573 seconds
Number of updated asset objects reloaded before import = 0
Number of asset objects unloaded after import = 6
========================================================================
Received Import Request.
  Time since last request: 607.315472 seconds.
  path: Assets/New Terrain 1.asset
  artifactKey: Guid(ba876371448a3a7418fba6172d739c34) Importer(815301076,1909f56bfc062723c751e8b465ee728b)
Start importing Assets/New Terrain 1.asset using Guid(ba876371448a3a7418fba6172d739c34) Importer(815301076,1909f56bfc062723c751e8b465ee728b)  -> (artifact id: 'b5d09ac250cc0d15776f6f6a3819ade3') in 0.019203 seconds
Number of updated asset objects reloaded before import = 0
Number of asset objects unloaded after import = 1
