Using pre-set license
Built from '2022.3/staging' branch; Version is '2022.3.11f1 (d00248457e15) revision 13632072'; Using compiler version '192829333'; Build Type 'Release'
OS: 'Windows 11  (10.0.22621) 64bit CoreSingleLanguage' Language: 'en' Physical Memory: 15724 MB
BatchMode: 1, IsHumanControllingUs: 0, StartBugReporterOnCrash: 0, Is64bit: 1, IsPro: 1

COMMAND LINE ARGUMENTS:
C:\Program Files\Unity\Hub\Editor\2022.3.11f1\Editor\Unity.exe
-adb2
-batchMode
-noUpm
-name
AssetImportWorker17
-projectPath
C:/Users/EXA/OneDrive/Dokumen/Grafkom/Final Project/final-project-el-psy-congroo
-logFile
Logs/AssetImportWorker17.log
-srvPort
52395
Successfully changed project path to: C:/Users/EXA/OneDrive/Dokumen/Grafkom/Final Project/final-project-el-psy-congroo
C:/Users/EXA/OneDrive/Dokumen/Grafkom/Final Project/final-project-el-psy-congroo
[UnityMemory] Configuration Parameters - Can be set up in boot.config
    "memorysetup-bucket-allocator-granularity=16"
    "memorysetup-bucket-allocator-bucket-count=8"
    "memorysetup-bucket-allocator-block-size=33554432"
    "memorysetup-bucket-allocator-block-count=8"
    "memorysetup-main-allocator-block-size=16777216"
    "memorysetup-thread-allocator-block-size=16777216"
    "memorysetup-gfx-main-allocator-block-size=16777216"
    "memorysetup-gfx-thread-allocator-block-size=16777216"
    "memorysetup-cache-allocator-block-size=4194304"
    "memorysetup-typetree-allocator-block-size=2097152"
    "memorysetup-profiler-bucket-allocator-granularity=16"
    "memorysetup-profiler-bucket-allocator-bucket-count=8"
    "memorysetup-profiler-bucket-allocator-block-size=33554432"
    "memorysetup-profiler-bucket-allocator-block-count=8"
    "memorysetup-profiler-allocator-block-size=16777216"
    "memorysetup-profiler-editor-allocator-block-size=1048576"
    "memorysetup-temp-allocator-size-main=16777216"
    "memorysetup-job-temp-allocator-block-size=2097152"
    "memorysetup-job-temp-allocator-block-size-background=1048576"
    "memorysetup-job-temp-allocator-reduction-small-platforms=262144"
    "memorysetup-allocator-temp-initial-block-size-main=262144"
    "memorysetup-allocator-temp-initial-block-size-worker=262144"
    "memorysetup-temp-allocator-size-background-worker=32768"
    "memorysetup-temp-allocator-size-job-worker=262144"
    "memorysetup-temp-allocator-size-preload-manager=33554432"
    "memorysetup-temp-allocator-size-nav-mesh-worker=65536"
    "memorysetup-temp-allocator-size-audio-worker=65536"
    "memorysetup-temp-allocator-size-cloud-worker=32768"
    "memorysetup-temp-allocator-size-gi-baking-worker=262144"
    "memorysetup-temp-allocator-size-gfx=262144"
Player connection [38100] Host "[IP] 169.254.99.221 [Port] 0 [Flags] 2 [Guid] 1319337242 [EditorId] 1319337242 [Version] 1048832 [Id] WindowsEditor(7,Exa) [Debug] 1 [PackageName] WindowsEditor [ProjectName] Editor" joined multi-casting on [225.0.0.222:54997]...

Player connection [38100] Host "[IP] 169.254.99.221 [Port] 0 [Flags] 2 [Guid] 1319337242 [EditorId] 1319337242 [Version] 1048832 [Id] WindowsEditor(7,Exa) [Debug] 1 [PackageName] WindowsEditor [ProjectName] Editor" joined alternative multi-casting on [225.0.0.222:34997]...

[Physics::Module] Initialized MultithreadedJobDispatcher with 15 workers.
Refreshing native plugins compatible for Editor in 0.00 ms, found 0 plugins.
Preloading 0 native plugins for Editor in 0.00 ms.
Initialize engine version: 2022.3.11f1 (d00248457e15)
[Subsystems] Discovering subsystems at path C:/Program Files/Unity/Hub/Editor/2022.3.11f1/Editor/Data/Resources/UnitySubsystems
[Subsystems] Discovering subsystems at path C:/Users/EXA/OneDrive/Dokumen/Grafkom/Final Project/final-project-el-psy-congroo/Assets
GfxDevice: creating device client; threaded=0; jobified=0
Direct3D:
    Version:  Direct3D 11.0 [level 11.1]
    Renderer: NVIDIA GeForce RTX 3060 Laptop GPU (ID=0x2520)
    Vendor:   NVIDIA
    VRAM:     6010 MB
    Driver:   31.0.15.4617
Initialize mono
Mono path[0] = 'C:/Program Files/Unity/Hub/Editor/2022.3.11f1/Editor/Data/Managed'
Mono path[1] = 'C:/Program Files/Unity/Hub/Editor/2022.3.11f1/Editor/Data/MonoBleedingEdge/lib/mono/unityjit-win32'
Mono config path = 'C:/Program Files/Unity/Hub/Editor/2022.3.11f1/Editor/Data/MonoBleedingEdge/etc'
Using monoOptions --debugger-agent=transport=dt_socket,embedding=1,server=y,suspend=n,address=127.0.0.1:56628
Begin MonoManager ReloadAssembly
Registering precompiled unity dll's ...
Register platform support module: C:/Program Files/Unity/Hub/Editor/2022.3.11f1/Editor/Data/PlaybackEngines/WebGLSupport/UnityEditor.WebGL.Extensions.dll
Register platform support module: C:/Program Files/Unity/Hub/Editor/2022.3.11f1/Editor/Data/PlaybackEngines/WindowsStandaloneSupport/UnityEditor.WindowsStandalone.Extensions.dll
Registered in 0.008088 seconds.
- Loaded All Assemblies, in  0.313 seconds
Native extension for WindowsStandalone target not found
Native extension for WebGL target not found
Mono: successfully reloaded assembly
- Finished resetting the current domain, in  0.233 seconds
Domain Reload Profiling: 544ms
	BeginReloadAssembly (95ms)
		ExecutionOrderSort (0ms)
		DisableScriptedObjects (0ms)
		BackupInstance (0ms)
		ReleaseScriptingObjects (0ms)
		CreateAndSetChildDomain (1ms)
	RebuildCommonClasses (29ms)
	RebuildNativeTypeToScriptingClass (8ms)
	initialDomainReloadingComplete (53ms)
	LoadAllAssembliesAndSetupDomain (125ms)
		LoadAssemblies (93ms)
		RebuildTransferFunctionScriptingTraits (0ms)
		AnalyzeDomain (123ms)
			TypeCache.Refresh (122ms)
				TypeCache.ScanAssembly (110ms)
			ScanForSourceGeneratedMonoScriptInfo (0ms)
			ResolveRequiredComponents (0ms)
	FinalizeReload (233ms)
		ReleaseScriptCaches (0ms)
		RebuildScriptCaches (0ms)
		SetupLoadedEditorAssemblies (178ms)
			LogAssemblyErrors (0ms)
			InitializePlatformSupportModulesInManaged (10ms)
			SetLoadedEditorAssemblies (5ms)
			RefreshPlugins (0ms)
			BeforeProcessingInitializeOnLoad (2ms)
			ProcessInitializeOnLoadAttributes (117ms)
			ProcessInitializeOnLoadMethodAttributes (45ms)
			AfterProcessingInitializeOnLoad (0ms)
			EditorAssembliesLoaded (0ms)
		ExecutionOrderSort2 (0ms)
		AwakeInstancesAfterBackupRestoration (0ms)
========================================================================
Worker process is ready to serve import requests
Begin MonoManager ReloadAssembly
- Loaded All Assemblies, in  0.202 seconds
Refreshing native plugins compatible for Editor in 0.00 ms, found 0 plugins.
Native extension for WindowsStandalone target not found
Native extension for WebGL target not found
Mono: successfully reloaded assembly
- Finished resetting the current domain, in  0.281 seconds
Domain Reload Profiling: 482ms
	BeginReloadAssembly (133ms)
		ExecutionOrderSort (0ms)
		DisableScriptedObjects (5ms)
		BackupInstance (0ms)
		ReleaseScriptingObjects (0ms)
		CreateAndSetChildDomain (23ms)
	RebuildCommonClasses (28ms)
	RebuildNativeTypeToScriptingClass (8ms)
	initialDomainReloadingComplete (22ms)
	LoadAllAssembliesAndSetupDomain (8ms)
		LoadAssemblies (75ms)
		RebuildTransferFunctionScriptingTraits (0ms)
		AnalyzeDomain (6ms)
			TypeCache.Refresh (4ms)
				TypeCache.ScanAssembly (1ms)
			ScanForSourceGeneratedMonoScriptInfo (1ms)
			ResolveRequiredComponents (1ms)
	FinalizeReload (282ms)
		ReleaseScriptCaches (0ms)
		RebuildScriptCaches (0ms)
		SetupLoadedEditorAssemblies (171ms)
			LogAssemblyErrors (0ms)
			InitializePlatformSupportModulesInManaged (7ms)
			SetLoadedEditorAssemblies (5ms)
			RefreshPlugins (0ms)
			BeforeProcessingInitializeOnLoad (24ms)
			ProcessInitializeOnLoadAttributes (112ms)
			ProcessInitializeOnLoadMethodAttributes (17ms)
			AfterProcessingInitializeOnLoad (7ms)
			EditorAssembliesLoaded (0ms)
		ExecutionOrderSort2 (0ms)
		AwakeInstancesAfterBackupRestoration (6ms)
Launched and connected shader compiler UnityShaderCompiler.exe after 0.04 seconds
Refreshing native plugins compatible for Editor in 0.00 ms, found 0 plugins.
Preloading 0 native plugins for Editor in 0.00 ms.
Unloading 40 Unused Serialized files (Serialized files now loaded: 0)
Unloading 5 unused Assets / (303.3 KB). Loaded Objects now: 543.
Memory consumption went from 89.4 MB to 89.1 MB.
Total: 2.115800 ms (FindLiveObjects: 0.041500 ms CreateObjectMapping: 0.004200 ms MarkObjects: 1.934500 ms  DeleteObjects: 0.135100 ms)

AssetImportParameters requested are different than current active one (requested -> active):
  custom:container-muxer-webm: aa71ff27fc2769a1b78a27578f13a17b -> 
  custom:scripting/monoscript/fileName/ovi.cs: 978983d04a685c2d61191d179e13da1f -> 2b802c44c06968a747a37b6d62f77129
  custom:video-encoder-webm-vp8: eb34c28f22e8b96e1ab97ce403110664 -> 
  custom:scripting/monoscript/fileName/ptera.cs: 61e1d317b712da062299c03b9a9f8282 -> 4a67ed1a01ca695af65cf27b5854bcf0
  custom:audio-encoder-webm-vorbis: bf7c407c2cedff20999df2af8eb42d56 -> 
  custom:scripting/monoscript/fileName/dilo.cs: 3c9db1a6c2b03a17ae6a03848623096d -> 
  custom:scripting/monoscript/fileName/comp.cs: fda0003943b476b790ffb44d58d85382 -> 
  custom:container-demuxer-ogg: 62fdf1f143b41e24485cea50d1cbac27 -> 
  custom:video-decoder-webm-vp8: 9c59270c3fd7afecdb556c50c9e8de78 -> 
  custom:scripting/monoscript/fileName/para.cs: 50ff1e7338ddd96a339685334055c2cc -> c67129409a535afaa373dcf1da4b6b39
  custom:audio-decoder-ogg-vorbis: bf7c407c2cedff20999df2af8eb42d56 -> 
  custom:AudioImporter_EditorPlatform: d09bf68614088b80899f8185d706f6e7 -> 
  custom:video-decoder-ogg-theora: a1e56fd34408186e4bbccfd4996cb3dc -> 
  custom:container-demuxer-webm: 4f35f7cbe854078d1ac9338744f61a02 -> 
  custom:scripting/monoscript/fileName/dime.cs: d81f62d40699d7bbf2074d0987b6e5b4 -> 8341ec5cd2e8c88e4c52f115191649f3
  custom:scripting/monoscript/fileName/anky.cs: d5cf5b3eab929cf2b853b84f2420fa2b -> 
  custom:scripting/monoscript/fileName/rap.cs: 7d88192879dd006b39ac28e47b27484b -> 828af70891bac76f4cefd151f27dba8a
  custom:CustomObjectIndexerAttribute: 756ad292c208cfabdd7b50bc23989ffe -> 
  custom:scripting/monoscript/fileName/spino.cs: 7dfde6a661f604e8345401631a24390d -> 35319176bdb166f3fe7f79599b16028d
  custom:framework-win-MediaFoundation: 216162199b28c13a410421893ffa2e32 -> 
  custom:SearchIndexIgnoredProperties: e643bd26f0fe6173181afceb89e7c659 -> 
  custom:scripting/monoscript/fileName/brach.cs: 51f1030383e851978416b82613bd0b96 -> 1b60268d47bd59147b218b43be6e1abb
  custom:scripting/monoscript/fileName/shared.cs: 9ba28fb7fc5a6aa2b2d4c593c919e641 -> f0c3dc3c068420536d4ff5772de0179e
  custom:scripting/monoscript/fileName/tric.cs: f0e64e9b06985a50592dfea5a8936d40 -> a57242556ce7739d71f8d12c6dcbf125
  custom:scripting/monoscript/fileName/steg.cs: 4305f2e15284687d0dde0cdbc724c273 -> d74ab501e4b705eb82600f57f41a0bbf
  custom:scripting/monoscript/fileName/rex.cs: 722b0ceb0ff26ea526857704f1e3ca92 -> d718bebd91b41d737a7e1d9fcf6ab43d
========================================================================
Received Prepare
Begin MonoManager ReloadAssembly
- Loaded All Assemblies, in  0.237 seconds
Refreshing native plugins compatible for Editor in 0.00 ms, found 0 plugins.
Native extension for WindowsStandalone target not found
Native extension for WebGL target not found
Mono: successfully reloaded assembly
- Finished resetting the current domain, in  0.328 seconds
Domain Reload Profiling: 563ms
	BeginReloadAssembly (157ms)
		ExecutionOrderSort (0ms)
		DisableScriptedObjects (5ms)
		BackupInstance (0ms)
		ReleaseScriptingObjects (0ms)
		CreateAndSetChildDomain (23ms)
	RebuildCommonClasses (34ms)
	RebuildNativeTypeToScriptingClass (9ms)
	initialDomainReloadingComplete (24ms)
	LoadAllAssembliesAndSetupDomain (11ms)
		LoadAssemblies (101ms)
		RebuildTransferFunctionScriptingTraits (0ms)
		AnalyzeDomain (9ms)
			TypeCache.Refresh (6ms)
				TypeCache.ScanAssembly (1ms)
			ScanForSourceGeneratedMonoScriptInfo (1ms)
			ResolveRequiredComponents (1ms)
	FinalizeReload (328ms)
		ReleaseScriptCaches (0ms)
		RebuildScriptCaches (0ms)
		SetupLoadedEditorAssemblies (204ms)
			LogAssemblyErrors (0ms)
			InitializePlatformSupportModulesInManaged (9ms)
			SetLoadedEditorAssemblies (6ms)
			RefreshPlugins (0ms)
			BeforeProcessingInitializeOnLoad (32ms)
			ProcessInitializeOnLoadAttributes (129ms)
			ProcessInitializeOnLoadMethodAttributes (19ms)
			AfterProcessingInitializeOnLoad (7ms)
			EditorAssembliesLoaded (0ms)
		ExecutionOrderSort2 (0ms)
		AwakeInstancesAfterBackupRestoration (7ms)
Refreshing native plugins compatible for Editor in 0.00 ms, found 0 plugins.
Preloading 0 native plugins for Editor in 0.00 ms.
Unloading 27 Unused Serialized files (Serialized files now loaded: 0)
Unloading 4 unused Assets / (276.0 KB). Loaded Objects now: 542.
Memory consumption went from 89.0 MB to 88.7 MB.
Total: 3.920200 ms (FindLiveObjects: 0.056900 ms CreateObjectMapping: 0.005000 ms MarkObjects: 3.697000 ms  DeleteObjects: 0.159700 ms)

Prepare: number of updated asset objects reloaded= 0
AssetImportParameters requested are different than current active one (requested -> active):
  custom:container-muxer-webm: aa71ff27fc2769a1b78a27578f13a17b -> 
  custom:scripting/monoscript/fileName/ovi.cs: 978983d04a685c2d61191d179e13da1f -> 2b802c44c06968a747a37b6d62f77129
  custom:video-encoder-webm-vp8: eb34c28f22e8b96e1ab97ce403110664 -> 
  custom:scripting/monoscript/fileName/ptera.cs: 61e1d317b712da062299c03b9a9f8282 -> 4a67ed1a01ca695af65cf27b5854bcf0
  custom:audio-encoder-webm-vorbis: bf7c407c2cedff20999df2af8eb42d56 -> 
  custom:scripting/monoscript/fileName/dilo.cs: 3c9db1a6c2b03a17ae6a03848623096d -> 
  custom:scripting/monoscript/fileName/comp.cs: fda0003943b476b790ffb44d58d85382 -> 
  custom:container-demuxer-ogg: 62fdf1f143b41e24485cea50d1cbac27 -> 
  custom:video-decoder-webm-vp8: 9c59270c3fd7afecdb556c50c9e8de78 -> 
  custom:scripting/monoscript/fileName/para.cs: 50ff1e7338ddd96a339685334055c2cc -> c67129409a535afaa373dcf1da4b6b39
  custom:audio-decoder-ogg-vorbis: bf7c407c2cedff20999df2af8eb42d56 -> 
  custom:AudioImporter_EditorPlatform: d09bf68614088b80899f8185d706f6e7 -> 
  custom:video-decoder-ogg-theora: a1e56fd34408186e4bbccfd4996cb3dc -> 
  custom:container-demuxer-webm: 4f35f7cbe854078d1ac9338744f61a02 -> 
  custom:scripting/monoscript/fileName/dime.cs: d81f62d40699d7bbf2074d0987b6e5b4 -> 8341ec5cd2e8c88e4c52f115191649f3
  custom:scripting/monoscript/fileName/anky.cs: d5cf5b3eab929cf2b853b84f2420fa2b -> 
  custom:scripting/monoscript/fileName/rap.cs: 7d88192879dd006b39ac28e47b27484b -> 828af70891bac76f4cefd151f27dba8a
  custom:CustomObjectIndexerAttribute: 756ad292c208cfabdd7b50bc23989ffe -> 
  custom:scripting/monoscript/fileName/spino.cs: 7dfde6a661f604e8345401631a24390d -> 35319176bdb166f3fe7f79599b16028d
  custom:framework-win-MediaFoundation: 216162199b28c13a410421893ffa2e32 -> 
  custom:SearchIndexIgnoredProperties: e643bd26f0fe6173181afceb89e7c659 -> 
  custom:scripting/monoscript/fileName/brach.cs: 51f1030383e851978416b82613bd0b96 -> 1b60268d47bd59147b218b43be6e1abb
  custom:scripting/monoscript/fileName/shared.cs: 9ba28fb7fc5a6aa2b2d4c593c919e641 -> f0c3dc3c068420536d4ff5772de0179e
  custom:scripting/monoscript/fileName/tric.cs: f0e64e9b06985a50592dfea5a8936d40 -> a57242556ce7739d71f8d12c6dcbf125
  custom:scripting/monoscript/fileName/steg.cs: 4305f2e15284687d0dde0cdbc724c273 -> d74ab501e4b705eb82600f57f41a0bbf
  custom:scripting/monoscript/fileName/rex.cs: 722b0ceb0ff26ea526857704f1e3ca92 -> d718bebd91b41d737a7e1d9fcf6ab43d
========================================================================
Received Prepare
Begin MonoManager ReloadAssembly
- Loaded All Assemblies, in  0.256 seconds
Refreshing native plugins compatible for Editor in 0.00 ms, found 0 plugins.
Native extension for WindowsStandalone target not found
Native extension for WebGL target not found
Mono: successfully reloaded assembly
- Finished resetting the current domain, in  0.335 seconds
Domain Reload Profiling: 590ms
	BeginReloadAssembly (173ms)
		ExecutionOrderSort (0ms)
		DisableScriptedObjects (5ms)
		BackupInstance (0ms)
		ReleaseScriptingObjects (0ms)
		CreateAndSetChildDomain (22ms)
	RebuildCommonClasses (39ms)
	RebuildNativeTypeToScriptingClass (9ms)
	initialDomainReloadingComplete (23ms)
	LoadAllAssembliesAndSetupDomain (10ms)
		LoadAssemblies (120ms)
		RebuildTransferFunctionScriptingTraits (0ms)
		AnalyzeDomain (7ms)
			TypeCache.Refresh (5ms)
				TypeCache.ScanAssembly (1ms)
			ScanForSourceGeneratedMonoScriptInfo (1ms)
			ResolveRequiredComponents (1ms)
	FinalizeReload (336ms)
		ReleaseScriptCaches (0ms)
		RebuildScriptCaches (0ms)
		SetupLoadedEditorAssemblies (208ms)
			LogAssemblyErrors (0ms)
			InitializePlatformSupportModulesInManaged (8ms)
			SetLoadedEditorAssemblies (7ms)
			RefreshPlugins (0ms)
			BeforeProcessingInitializeOnLoad (28ms)
			ProcessInitializeOnLoadAttributes (133ms)
			ProcessInitializeOnLoadMethodAttributes (21ms)
			AfterProcessingInitializeOnLoad (10ms)
			EditorAssembliesLoaded (0ms)
		ExecutionOrderSort2 (0ms)
		AwakeInstancesAfterBackupRestoration (7ms)
Refreshing native plugins compatible for Editor in 0.00 ms, found 0 plugins.
Preloading 0 native plugins for Editor in 0.00 ms.
Unloading 26 Unused Serialized files (Serialized files now loaded: 0)
Unloading 4 unused Assets / (276.4 KB). Loaded Objects now: 541.
Memory consumption went from 90.9 MB to 90.6 MB.
Total: 3.840000 ms (FindLiveObjects: 0.127200 ms CreateObjectMapping: 0.016700 ms MarkObjects: 3.514100 ms  DeleteObjects: 0.179300 ms)

Prepare: number of updated asset objects reloaded= 0
AssetImportParameters requested are different than current active one (requested -> active):
  custom:container-muxer-webm: aa71ff27fc2769a1b78a27578f13a17b -> 
  custom:scripting/monoscript/fileName/ovi.cs: 978983d04a685c2d61191d179e13da1f -> 2b802c44c06968a747a37b6d62f77129
  custom:video-encoder-webm-vp8: eb34c28f22e8b96e1ab97ce403110664 -> 
  custom:scripting/monoscript/fileName/ptera.cs: 61e1d317b712da062299c03b9a9f8282 -> 4a67ed1a01ca695af65cf27b5854bcf0
  custom:audio-encoder-webm-vorbis: bf7c407c2cedff20999df2af8eb42d56 -> 
  custom:scripting/monoscript/fileName/dilo.cs: 3c9db1a6c2b03a17ae6a03848623096d -> 
  custom:scripting/monoscript/fileName/comp.cs: fda0003943b476b790ffb44d58d85382 -> 
  custom:container-demuxer-ogg: 62fdf1f143b41e24485cea50d1cbac27 -> 
  custom:video-decoder-webm-vp8: 9c59270c3fd7afecdb556c50c9e8de78 -> 
  custom:scripting/monoscript/fileName/para.cs: 50ff1e7338ddd96a339685334055c2cc -> c67129409a535afaa373dcf1da4b6b39
  custom:audio-decoder-ogg-vorbis: bf7c407c2cedff20999df2af8eb42d56 -> 
  custom:AudioImporter_EditorPlatform: d09bf68614088b80899f8185d706f6e7 -> 
  custom:video-decoder-ogg-theora: a1e56fd34408186e4bbccfd4996cb3dc -> 
  custom:container-demuxer-webm: 4f35f7cbe854078d1ac9338744f61a02 -> 
  custom:scripting/monoscript/fileName/dime.cs: d81f62d40699d7bbf2074d0987b6e5b4 -> 8341ec5cd2e8c88e4c52f115191649f3
  custom:scripting/monoscript/fileName/anky.cs: d5cf5b3eab929cf2b853b84f2420fa2b -> 
  custom:scripting/monoscript/fileName/rap.cs: 7d88192879dd006b39ac28e47b27484b -> 828af70891bac76f4cefd151f27dba8a
  custom:CustomObjectIndexerAttribute: 756ad292c208cfabdd7b50bc23989ffe -> 
  custom:scripting/monoscript/fileName/spino.cs: 7dfde6a661f604e8345401631a24390d -> 35319176bdb166f3fe7f79599b16028d
  custom:framework-win-MediaFoundation: 216162199b28c13a410421893ffa2e32 -> 
  custom:SearchIndexIgnoredProperties: e643bd26f0fe6173181afceb89e7c659 -> 
  custom:scripting/monoscript/fileName/brach.cs: 51f1030383e851978416b82613bd0b96 -> 1b60268d47bd59147b218b43be6e1abb
  custom:scripting/monoscript/fileName/shared.cs: 9ba28fb7fc5a6aa2b2d4c593c919e641 -> f0c3dc3c068420536d4ff5772de0179e
  custom:scripting/monoscript/fileName/tric.cs: f0e64e9b06985a50592dfea5a8936d40 -> a57242556ce7739d71f8d12c6dcbf125
  custom:scripting/monoscript/fileName/steg.cs: 4305f2e15284687d0dde0cdbc724c273 -> d74ab501e4b705eb82600f57f41a0bbf
  custom:scripting/monoscript/fileName/rex.cs: 722b0ceb0ff26ea526857704f1e3ca92 -> d718bebd91b41d737a7e1d9fcf6ab43d
========================================================================
Received Import Request.
  Time since last request: 370821.817502 seconds.
  path: Assets/Jurassic Pack/Creatures/Models/Parasaurolophus/para.mat
  artifactKey: Guid(e0d1d7cec5258a045abe8a6b49bc44a8) Importer(815301076,1909f56bfc062723c751e8b465ee728b)
Start importing Assets/Jurassic Pack/Creatures/Models/Parasaurolophus/para.mat using Guid(e0d1d7cec5258a045abe8a6b49bc44a8) Importer(815301076,1909f56bfc062723c751e8b465ee728b)  -> (artifact id: '773d0d2f983dcd34c07905e78a6acf25') in 0.181397 seconds
Number of updated asset objects reloaded before import = 0
Number of asset objects unloaded after import = 3
========================================================================
Received Prepare
Begin MonoManager ReloadAssembly
- Loaded All Assemblies, in  0.243 seconds
Refreshing native plugins compatible for Editor in 0.00 ms, found 0 plugins.
Native extension for WindowsStandalone target not found
Native extension for WebGL target not found
Mono: successfully reloaded assembly
- Finished resetting the current domain, in  0.311 seconds
Domain Reload Profiling: 553ms
	BeginReloadAssembly (161ms)
		ExecutionOrderSort (0ms)
		DisableScriptedObjects (4ms)
		BackupInstance (0ms)
		ReleaseScriptingObjects (0ms)
		CreateAndSetChildDomain (23ms)
	RebuildCommonClasses (31ms)
	RebuildNativeTypeToScriptingClass (9ms)
	initialDomainReloadingComplete (29ms)
	LoadAllAssembliesAndSetupDomain (11ms)
		LoadAssemblies (108ms)
		RebuildTransferFunctionScriptingTraits (0ms)
		AnalyzeDomain (8ms)
			TypeCache.Refresh (6ms)
				TypeCache.ScanAssembly (1ms)
			ScanForSourceGeneratedMonoScriptInfo (1ms)
			ResolveRequiredComponents (1ms)
	FinalizeReload (312ms)
		ReleaseScriptCaches (0ms)
		RebuildScriptCaches (0ms)
		SetupLoadedEditorAssemblies (183ms)
			LogAssemblyErrors (0ms)
			InitializePlatformSupportModulesInManaged (7ms)
			SetLoadedEditorAssemblies (5ms)
			RefreshPlugins (0ms)
			BeforeProcessingInitializeOnLoad (25ms)
			ProcessInitializeOnLoadAttributes (118ms)
			ProcessInitializeOnLoadMethodAttributes (19ms)
			AfterProcessingInitializeOnLoad (8ms)
			EditorAssembliesLoaded (0ms)
		ExecutionOrderSort2 (0ms)
		AwakeInstancesAfterBackupRestoration (8ms)
Refreshing native plugins compatible for Editor in 0.00 ms, found 0 plugins.
Preloading 0 native plugins for Editor in 0.00 ms.
Unloading 24 Unused Serialized files (Serialized files now loaded: 0)
Unloading 4 unused Assets / (276.1 KB). Loaded Objects now: 581.
Memory consumption went from 97.0 MB to 96.7 MB.
Total: 3.932900 ms (FindLiveObjects: 0.169800 ms CreateObjectMapping: 0.013600 ms MarkObjects: 3.557800 ms  DeleteObjects: 0.189500 ms)

Prepare: number of updated asset objects reloaded= 0
AssetImportParameters requested are different than current active one (requested -> active):
  custom:container-muxer-webm: aa71ff27fc2769a1b78a27578f13a17b -> 
  custom:scripting/monoscript/fileName/ovi.cs: 978983d04a685c2d61191d179e13da1f -> 2b802c44c06968a747a37b6d62f77129
  custom:video-encoder-webm-vp8: eb34c28f22e8b96e1ab97ce403110664 -> 
  custom:scripting/monoscript/fileName/ptera.cs: 61e1d317b712da062299c03b9a9f8282 -> 4a67ed1a01ca695af65cf27b5854bcf0
  custom:audio-encoder-webm-vorbis: bf7c407c2cedff20999df2af8eb42d56 -> 
  custom:scripting/monoscript/fileName/dilo.cs: 3c9db1a6c2b03a17ae6a03848623096d -> 
  custom:scripting/monoscript/fileName/comp.cs: fda0003943b476b790ffb44d58d85382 -> 
  custom:container-demuxer-ogg: 62fdf1f143b41e24485cea50d1cbac27 -> 
  custom:video-decoder-webm-vp8: 9c59270c3fd7afecdb556c50c9e8de78 -> 
  custom:scripting/monoscript/fileName/para.cs: 50ff1e7338ddd96a339685334055c2cc -> c67129409a535afaa373dcf1da4b6b39
  custom:audio-decoder-ogg-vorbis: bf7c407c2cedff20999df2af8eb42d56 -> 
  custom:AudioImporter_EditorPlatform: d09bf68614088b80899f8185d706f6e7 -> 
  custom:video-decoder-ogg-theora: a1e56fd34408186e4bbccfd4996cb3dc -> 
  custom:container-demuxer-webm: 4f35f7cbe854078d1ac9338744f61a02 -> 
  custom:scripting/monoscript/fileName/dime.cs: d81f62d40699d7bbf2074d0987b6e5b4 -> 8341ec5cd2e8c88e4c52f115191649f3
  custom:scripting/monoscript/fileName/anky.cs: d5cf5b3eab929cf2b853b84f2420fa2b -> 
  custom:scripting/monoscript/fileName/rap.cs: 7d88192879dd006b39ac28e47b27484b -> 828af70891bac76f4cefd151f27dba8a
  custom:CustomObjectIndexerAttribute: 756ad292c208cfabdd7b50bc23989ffe -> 
  custom:scripting/monoscript/fileName/spino.cs: 7dfde6a661f604e8345401631a24390d -> 35319176bdb166f3fe7f79599b16028d
  custom:framework-win-MediaFoundation: 216162199b28c13a410421893ffa2e32 -> 
  custom:SearchIndexIgnoredProperties: e643bd26f0fe6173181afceb89e7c659 -> 
  custom:scripting/monoscript/fileName/brach.cs: 51f1030383e851978416b82613bd0b96 -> 1b60268d47bd59147b218b43be6e1abb
  custom:scripting/monoscript/fileName/shared.cs: 9ba28fb7fc5a6aa2b2d4c593c919e641 -> f0c3dc3c068420536d4ff5772de0179e
  custom:scripting/monoscript/fileName/tric.cs: f0e64e9b06985a50592dfea5a8936d40 -> a57242556ce7739d71f8d12c6dcbf125
  custom:scripting/monoscript/fileName/steg.cs: 4305f2e15284687d0dde0cdbc724c273 -> d74ab501e4b705eb82600f57f41a0bbf
  custom:scripting/monoscript/fileName/rex.cs: 722b0ceb0ff26ea526857704f1e3ca92 -> d718bebd91b41d737a7e1d9fcf6ab43d
========================================================================
Received Import Request.
  Time since last request: 6.705012 seconds.
  path: Assets/Jurassic Pack/Creatures/Models/Pteranodon/pteraN.png
  artifactKey: Guid(5e135ad1864faa747a709c934ea34cbd) Importer(815301076,1909f56bfc062723c751e8b465ee728b)
Start importing Assets/Jurassic Pack/Creatures/Models/Pteranodon/pteraN.png using Guid(5e135ad1864faa747a709c934ea34cbd) Importer(815301076,1909f56bfc062723c751e8b465ee728b)  -> (artifact id: '22724d3f029413dd64cc1a4ed7dbbc95') in 0.091273 seconds
Number of updated asset objects reloaded before import = 0
Number of asset objects unloaded after import = 2
========================================================================
Received Import Request.
  Time since last request: 0.000019 seconds.
  path: Assets/Jurassic Pack/Creatures/Models/Pteranodon/pteraA.png
  artifactKey: Guid(22e98c0dbc555d54eab4376ec6e16b40) Importer(815301076,1909f56bfc062723c751e8b465ee728b)
Start importing Assets/Jurassic Pack/Creatures/Models/Pteranodon/pteraA.png using Guid(22e98c0dbc555d54eab4376ec6e16b40) Importer(815301076,1909f56bfc062723c751e8b465ee728b)  -> (artifact id: '195138dff4b11c7a83ea48c0e6e563cc') in 0.027172 seconds
Number of updated asset objects reloaded before import = 0
Number of asset objects unloaded after import = 2
========================================================================
Received Prepare
Begin MonoManager ReloadAssembly
- Loaded All Assemblies, in  0.234 seconds
Refreshing native plugins compatible for Editor in 0.00 ms, found 0 plugins.
Native extension for WindowsStandalone target not found
Native extension for WebGL target not found
Mono: successfully reloaded assembly
- Finished resetting the current domain, in  0.338 seconds
Domain Reload Profiling: 571ms
	BeginReloadAssembly (156ms)
		ExecutionOrderSort (0ms)
		DisableScriptedObjects (5ms)
		BackupInstance (0ms)
		ReleaseScriptingObjects (0ms)
		CreateAndSetChildDomain (23ms)
	RebuildCommonClasses (33ms)
	RebuildNativeTypeToScriptingClass (9ms)
	initialDomainReloadingComplete (24ms)
	LoadAllAssembliesAndSetupDomain (11ms)
		LoadAssemblies (103ms)
		RebuildTransferFunctionScriptingTraits (0ms)
		AnalyzeDomain (7ms)
			TypeCache.Refresh (4ms)
				TypeCache.ScanAssembly (1ms)
			ScanForSourceGeneratedMonoScriptInfo (1ms)
			ResolveRequiredComponents (1ms)
	FinalizeReload (339ms)
		ReleaseScriptCaches (0ms)
		RebuildScriptCaches (0ms)
		SetupLoadedEditorAssemblies (183ms)
			LogAssemblyErrors (0ms)
			InitializePlatformSupportModulesInManaged (7ms)
			SetLoadedEditorAssemblies (5ms)
			RefreshPlugins (0ms)
			BeforeProcessingInitializeOnLoad (26ms)
			ProcessInitializeOnLoadAttributes (118ms)
			ProcessInitializeOnLoadMethodAttributes (18ms)
			AfterProcessingInitializeOnLoad (8ms)
			EditorAssembliesLoaded (0ms)
		ExecutionOrderSort2 (0ms)
		AwakeInstancesAfterBackupRestoration (17ms)
Refreshing native plugins compatible for Editor in 0.00 ms, found 0 plugins.
Preloading 0 native plugins for Editor in 0.00 ms.
Unloading 23 Unused Serialized files (Serialized files now loaded: 0)
Unloading 4 unused Assets / (276.4 KB). Loaded Objects now: 583.
Memory consumption went from 98.9 MB to 98.7 MB.
Total: 2.878200 ms (FindLiveObjects: 0.053700 ms CreateObjectMapping: 0.009200 ms MarkObjects: 2.627000 ms  DeleteObjects: 0.187100 ms)

Prepare: number of updated asset objects reloaded= 0
AssetImportParameters requested are different than current active one (requested -> active):
  custom:container-muxer-webm: aa71ff27fc2769a1b78a27578f13a17b -> 
  custom:scripting/monoscript/fileName/ovi.cs: 978983d04a685c2d61191d179e13da1f -> 2b802c44c06968a747a37b6d62f77129
  custom:video-encoder-webm-vp8: eb34c28f22e8b96e1ab97ce403110664 -> 
  custom:scripting/monoscript/fileName/ptera.cs: 61e1d317b712da062299c03b9a9f8282 -> 4a67ed1a01ca695af65cf27b5854bcf0
  custom:audio-encoder-webm-vorbis: bf7c407c2cedff20999df2af8eb42d56 -> 
  custom:scripting/monoscript/fileName/dilo.cs: 3c9db1a6c2b03a17ae6a03848623096d -> 
  custom:scripting/monoscript/fileName/comp.cs: fda0003943b476b790ffb44d58d85382 -> 
  custom:container-demuxer-ogg: 62fdf1f143b41e24485cea50d1cbac27 -> 
  custom:video-decoder-webm-vp8: 9c59270c3fd7afecdb556c50c9e8de78 -> 
  custom:scripting/monoscript/fileName/para.cs: 50ff1e7338ddd96a339685334055c2cc -> c67129409a535afaa373dcf1da4b6b39
  custom:audio-decoder-ogg-vorbis: bf7c407c2cedff20999df2af8eb42d56 -> 
  custom:AudioImporter_EditorPlatform: d09bf68614088b80899f8185d706f6e7 -> 
  custom:video-decoder-ogg-theora: a1e56fd34408186e4bbccfd4996cb3dc -> 
  custom:container-demuxer-webm: 4f35f7cbe854078d1ac9338744f61a02 -> 
  custom:scripting/monoscript/fileName/dime.cs: d81f62d40699d7bbf2074d0987b6e5b4 -> 8341ec5cd2e8c88e4c52f115191649f3
  custom:scripting/monoscript/fileName/anky.cs: d5cf5b3eab929cf2b853b84f2420fa2b -> 
  custom:scripting/monoscript/fileName/rap.cs: 7d88192879dd006b39ac28e47b27484b -> 828af70891bac76f4cefd151f27dba8a
  custom:CustomObjectIndexerAttribute: 756ad292c208cfabdd7b50bc23989ffe -> 
  custom:scripting/monoscript/fileName/spino.cs: 7dfde6a661f604e8345401631a24390d -> 35319176bdb166f3fe7f79599b16028d
  custom:framework-win-MediaFoundation: 216162199b28c13a410421893ffa2e32 -> 
  custom:SearchIndexIgnoredProperties: e643bd26f0fe6173181afceb89e7c659 -> 
  custom:scripting/monoscript/fileName/brach.cs: 51f1030383e851978416b82613bd0b96 -> 1b60268d47bd59147b218b43be6e1abb
  custom:scripting/monoscript/fileName/shared.cs: 9ba28fb7fc5a6aa2b2d4c593c919e641 -> f0c3dc3c068420536d4ff5772de0179e
  custom:scripting/monoscript/fileName/tric.cs: f0e64e9b06985a50592dfea5a8936d40 -> a57242556ce7739d71f8d12c6dcbf125
  custom:scripting/monoscript/fileName/steg.cs: 4305f2e15284687d0dde0cdbc724c273 -> d74ab501e4b705eb82600f57f41a0bbf
  custom:scripting/monoscript/fileName/rex.cs: 722b0ceb0ff26ea526857704f1e3ca92 -> d718bebd91b41d737a7e1d9fcf6ab43d
========================================================================
Received Prepare
Begin MonoManager ReloadAssembly
- Loaded All Assemblies, in  0.253 seconds
Refreshing native plugins compatible for Editor in 0.00 ms, found 0 plugins.
Native extension for WindowsStandalone target not found
Native extension for WebGL target not found
Mono: successfully reloaded assembly
- Finished resetting the current domain, in  0.323 seconds
Domain Reload Profiling: 575ms
	BeginReloadAssembly (165ms)
		ExecutionOrderSort (0ms)
		DisableScriptedObjects (5ms)
		BackupInstance (0ms)
		ReleaseScriptingObjects (0ms)
		CreateAndSetChildDomain (23ms)
	RebuildCommonClasses (44ms)
	RebuildNativeTypeToScriptingClass (10ms)
	initialDomainReloadingComplete (23ms)
	LoadAllAssembliesAndSetupDomain (9ms)
		LoadAssemblies (113ms)
		RebuildTransferFunctionScriptingTraits (0ms)
		AnalyzeDomain (6ms)
			TypeCache.Refresh (4ms)
				TypeCache.ScanAssembly (1ms)
			ScanForSourceGeneratedMonoScriptInfo (1ms)
			ResolveRequiredComponents (1ms)
	FinalizeReload (324ms)
		ReleaseScriptCaches (0ms)
		RebuildScriptCaches (0ms)
		SetupLoadedEditorAssemblies (186ms)
			LogAssemblyErrors (0ms)
			InitializePlatformSupportModulesInManaged (11ms)
			SetLoadedEditorAssemblies (8ms)
			RefreshPlugins (0ms)
			BeforeProcessingInitializeOnLoad (25ms)
			ProcessInitializeOnLoadAttributes (117ms)
			ProcessInitializeOnLoadMethodAttributes (19ms)
			AfterProcessingInitializeOnLoad (6ms)
			EditorAssembliesLoaded (0ms)
		ExecutionOrderSort2 (0ms)
		AwakeInstancesAfterBackupRestoration (9ms)
Refreshing native plugins compatible for Editor in 0.00 ms, found 0 plugins.
Preloading 0 native plugins for Editor in 0.00 ms.
Unloading 23 Unused Serialized files (Serialized files now loaded: 0)
Unloading 4 unused Assets / (276.2 KB). Loaded Objects now: 582.
Memory consumption went from 101.1 MB to 100.8 MB.
Total: 3.799100 ms (FindLiveObjects: 0.066800 ms CreateObjectMapping: 0.005700 ms MarkObjects: 3.291500 ms  DeleteObjects: 0.433600 ms)

Prepare: number of updated asset objects reloaded= 0
AssetImportParameters requested are different than current active one (requested -> active):
  custom:container-muxer-webm: aa71ff27fc2769a1b78a27578f13a17b -> 
  custom:scripting/monoscript/fileName/ovi.cs: 978983d04a685c2d61191d179e13da1f -> 2b802c44c06968a747a37b6d62f77129
  custom:video-encoder-webm-vp8: eb34c28f22e8b96e1ab97ce403110664 -> 
  custom:scripting/monoscript/fileName/ptera.cs: 61e1d317b712da062299c03b9a9f8282 -> 4a67ed1a01ca695af65cf27b5854bcf0
  custom:audio-encoder-webm-vorbis: bf7c407c2cedff20999df2af8eb42d56 -> 
  custom:scripting/monoscript/fileName/dilo.cs: 3c9db1a6c2b03a17ae6a03848623096d -> 
  custom:scripting/monoscript/fileName/comp.cs: fda0003943b476b790ffb44d58d85382 -> 
  custom:container-demuxer-ogg: 62fdf1f143b41e24485cea50d1cbac27 -> 
  custom:video-decoder-webm-vp8: 9c59270c3fd7afecdb556c50c9e8de78 -> 
  custom:scripting/monoscript/fileName/para.cs: 50ff1e7338ddd96a339685334055c2cc -> c67129409a535afaa373dcf1da4b6b39
  custom:audio-decoder-ogg-vorbis: bf7c407c2cedff20999df2af8eb42d56 -> 
  custom:AudioImporter_EditorPlatform: d09bf68614088b80899f8185d706f6e7 -> 
  custom:video-decoder-ogg-theora: a1e56fd34408186e4bbccfd4996cb3dc -> 
  custom:container-demuxer-webm: 4f35f7cbe854078d1ac9338744f61a02 -> 
  custom:scripting/monoscript/fileName/dime.cs: d81f62d40699d7bbf2074d0987b6e5b4 -> 8341ec5cd2e8c88e4c52f115191649f3
  custom:scripting/monoscript/fileName/anky.cs: d5cf5b3eab929cf2b853b84f2420fa2b -> 
  custom:scripting/monoscript/fileName/rap.cs: 7d88192879dd006b39ac28e47b27484b -> 828af70891bac76f4cefd151f27dba8a
  custom:CustomObjectIndexerAttribute: 756ad292c208cfabdd7b50bc23989ffe -> 
  custom:scripting/monoscript/fileName/spino.cs: 7dfde6a661f604e8345401631a24390d -> 35319176bdb166f3fe7f79599b16028d
  custom:framework-win-MediaFoundation: 216162199b28c13a410421893ffa2e32 -> 
  custom:SearchIndexIgnoredProperties: e643bd26f0fe6173181afceb89e7c659 -> 
  custom:scripting/monoscript/fileName/brach.cs: 51f1030383e851978416b82613bd0b96 -> 1b60268d47bd59147b218b43be6e1abb
  custom:scripting/monoscript/fileName/shared.cs: 9ba28fb7fc5a6aa2b2d4c593c919e641 -> f0c3dc3c068420536d4ff5772de0179e
  custom:scripting/monoscript/fileName/tric.cs: f0e64e9b06985a50592dfea5a8936d40 -> a57242556ce7739d71f8d12c6dcbf125
  custom:scripting/monoscript/fileName/steg.cs: 4305f2e15284687d0dde0cdbc724c273 -> d74ab501e4b705eb82600f57f41a0bbf
  custom:scripting/monoscript/fileName/rex.cs: 722b0ceb0ff26ea526857704f1e3ca92 -> d718bebd91b41d737a7e1d9fcf6ab43d
========================================================================
Received Import Request.
  Time since last request: 17.112151 seconds.
  path: Assets/Jurassic Pack/Creatures/Models/Tyrannosaurus Rex/rexB.png
  artifactKey: Guid(bbeb9017b69bee2488611eac213c980b) Importer(815301076,1909f56bfc062723c751e8b465ee728b)
Start importing Assets/Jurassic Pack/Creatures/Models/Tyrannosaurus Rex/rexB.png using Guid(bbeb9017b69bee2488611eac213c980b) Importer(815301076,1909f56bfc062723c751e8b465ee728b)  -> (artifact id: 'cf69a0e21ab6da45a7dce920fdceae84') in 0.115835 seconds
Number of updated asset objects reloaded before import = 0
Number of asset objects unloaded after import = 2
========================================================================
Received Import Request.
  Time since last request: 0.000019 seconds.
  path: Assets/Jurassic Pack/Creatures/Models/Tyrannosaurus Rex/rexA.png
  artifactKey: Guid(7fc904c90c804be40bcb2ae9e2de406b) Importer(815301076,1909f56bfc062723c751e8b465ee728b)
Start importing Assets/Jurassic Pack/Creatures/Models/Tyrannosaurus Rex/rexA.png using Guid(7fc904c90c804be40bcb2ae9e2de406b) Importer(815301076,1909f56bfc062723c751e8b465ee728b)  -> (artifact id: '226a79efb679c820ddcfee3562c7c2aa') in 0.022937 seconds
Number of updated asset objects reloaded before import = 0
Number of asset objects unloaded after import = 2
========================================================================
Received Prepare
Begin MonoManager ReloadAssembly
- Loaded All Assemblies, in  0.236 seconds
Refreshing native plugins compatible for Editor in 0.00 ms, found 0 plugins.
Native extension for WindowsStandalone target not found
Native extension for WebGL target not found
Mono: successfully reloaded assembly
- Finished resetting the current domain, in  0.321 seconds
Domain Reload Profiling: 556ms
	BeginReloadAssembly (159ms)
		ExecutionOrderSort (0ms)
		DisableScriptedObjects (5ms)
		BackupInstance (0ms)
		ReleaseScriptingObjects (0ms)
		CreateAndSetChildDomain (21ms)
	RebuildCommonClasses (33ms)
	RebuildNativeTypeToScriptingClass (10ms)
	initialDomainReloadingComplete (23ms)
	LoadAllAssembliesAndSetupDomain (10ms)
		LoadAssemblies (111ms)
		RebuildTransferFunctionScriptingTraits (0ms)
		AnalyzeDomain (6ms)
			TypeCache.Refresh (4ms)
				TypeCache.ScanAssembly (1ms)
			ScanForSourceGeneratedMonoScriptInfo (1ms)
			ResolveRequiredComponents (1ms)
	FinalizeReload (322ms)
		ReleaseScriptCaches (0ms)
		RebuildScriptCaches (0ms)
		SetupLoadedEditorAssemblies (185ms)
			LogAssemblyErrors (0ms)
			InitializePlatformSupportModulesInManaged (7ms)
			SetLoadedEditorAssemblies (5ms)
			RefreshPlugins (0ms)
			BeforeProcessingInitializeOnLoad (26ms)
			ProcessInitializeOnLoadAttributes (123ms)
			ProcessInitializeOnLoadMethodAttributes (17ms)
			AfterProcessingInitializeOnLoad (7ms)
			EditorAssembliesLoaded (0ms)
		ExecutionOrderSort2 (0ms)
		AwakeInstancesAfterBackupRestoration (7ms)
Refreshing native plugins compatible for Editor in 0.00 ms, found 0 plugins.
Preloading 0 native plugins for Editor in 0.00 ms.
Unloading 21 Unused Serialized files (Serialized files now loaded: 0)
Unloading 4 unused Assets / (276.1 KB). Loaded Objects now: 581.
Memory consumption went from 102.8 MB to 102.5 MB.
Total: 4.043100 ms (FindLiveObjects: 0.065100 ms CreateObjectMapping: 0.006500 ms MarkObjects: 3.764600 ms  DeleteObjects: 0.205600 ms)

Prepare: number of updated asset objects reloaded= 0
AssetImportParameters requested are different than current active one (requested -> active):
  custom:container-muxer-webm: aa71ff27fc2769a1b78a27578f13a17b -> 
  custom:scripting/monoscript/fileName/ovi.cs: 978983d04a685c2d61191d179e13da1f -> 2b802c44c06968a747a37b6d62f77129
  custom:video-encoder-webm-vp8: eb34c28f22e8b96e1ab97ce403110664 -> 
  custom:scripting/monoscript/fileName/ptera.cs: 61e1d317b712da062299c03b9a9f8282 -> 4a67ed1a01ca695af65cf27b5854bcf0
  custom:audio-encoder-webm-vorbis: bf7c407c2cedff20999df2af8eb42d56 -> 
  custom:scripting/monoscript/fileName/dilo.cs: 3c9db1a6c2b03a17ae6a03848623096d -> 
  custom:scripting/monoscript/fileName/comp.cs: fda0003943b476b790ffb44d58d85382 -> 
  custom:container-demuxer-ogg: 62fdf1f143b41e24485cea50d1cbac27 -> 
  custom:video-decoder-webm-vp8: 9c59270c3fd7afecdb556c50c9e8de78 -> 
  custom:scripting/monoscript/fileName/para.cs: 50ff1e7338ddd96a339685334055c2cc -> c67129409a535afaa373dcf1da4b6b39
  custom:audio-decoder-ogg-vorbis: bf7c407c2cedff20999df2af8eb42d56 -> 
  custom:AudioImporter_EditorPlatform: d09bf68614088b80899f8185d706f6e7 -> 
  custom:video-decoder-ogg-theora: a1e56fd34408186e4bbccfd4996cb3dc -> 
  custom:container-demuxer-webm: 4f35f7cbe854078d1ac9338744f61a02 -> 
  custom:scripting/monoscript/fileName/dime.cs: d81f62d40699d7bbf2074d0987b6e5b4 -> 8341ec5cd2e8c88e4c52f115191649f3
  custom:scripting/monoscript/fileName/anky.cs: d5cf5b3eab929cf2b853b84f2420fa2b -> 
  custom:scripting/monoscript/fileName/rap.cs: 7d88192879dd006b39ac28e47b27484b -> 828af70891bac76f4cefd151f27dba8a
  custom:CustomObjectIndexerAttribute: 756ad292c208cfabdd7b50bc23989ffe -> 
  custom:scripting/monoscript/fileName/spino.cs: 7dfde6a661f604e8345401631a24390d -> 35319176bdb166f3fe7f79599b16028d
  custom:framework-win-MediaFoundation: 216162199b28c13a410421893ffa2e32 -> 
  custom:SearchIndexIgnoredProperties: e643bd26f0fe6173181afceb89e7c659 -> 
  custom:scripting/monoscript/fileName/brach.cs: 51f1030383e851978416b82613bd0b96 -> 1b60268d47bd59147b218b43be6e1abb
  custom:scripting/monoscript/fileName/shared.cs: 9ba28fb7fc5a6aa2b2d4c593c919e641 -> f0c3dc3c068420536d4ff5772de0179e
  custom:scripting/monoscript/fileName/tric.cs: f0e64e9b06985a50592dfea5a8936d40 -> a57242556ce7739d71f8d12c6dcbf125
  custom:scripting/monoscript/fileName/steg.cs: 4305f2e15284687d0dde0cdbc724c273 -> d74ab501e4b705eb82600f57f41a0bbf
  custom:scripting/monoscript/fileName/rex.cs: 722b0ceb0ff26ea526857704f1e3ca92 -> d718bebd91b41d737a7e1d9fcf6ab43d
========================================================================
Received Prepare
Begin MonoManager ReloadAssembly
- Loaded All Assemblies, in  0.234 seconds
Refreshing native plugins compatible for Editor in 0.00 ms, found 0 plugins.
Native extension for WindowsStandalone target not found
Native extension for WebGL target not found
Mono: successfully reloaded assembly
- Finished resetting the current domain, in  0.312 seconds
Domain Reload Profiling: 545ms
	BeginReloadAssembly (157ms)
		ExecutionOrderSort (0ms)
		DisableScriptedObjects (5ms)
		BackupInstance (0ms)
		ReleaseScriptingObjects (0ms)
		CreateAndSetChildDomain (22ms)
	RebuildCommonClasses (32ms)
	RebuildNativeTypeToScriptingClass (10ms)
	initialDomainReloadingComplete (23ms)
	LoadAllAssembliesAndSetupDomain (9ms)
		LoadAssemblies (104ms)
		RebuildTransferFunctionScriptingTraits (0ms)
		AnalyzeDomain (7ms)
			TypeCache.Refresh (5ms)
				TypeCache.ScanAssembly (1ms)
			ScanForSourceGeneratedMonoScriptInfo (1ms)
			ResolveRequiredComponents (1ms)
	FinalizeReload (313ms)
		ReleaseScriptCaches (0ms)
		RebuildScriptCaches (0ms)
		SetupLoadedEditorAssemblies (179ms)
			LogAssemblyErrors (0ms)
			InitializePlatformSupportModulesInManaged (7ms)
			SetLoadedEditorAssemblies (6ms)
			RefreshPlugins (0ms)
			BeforeProcessingInitializeOnLoad (26ms)
			ProcessInitializeOnLoadAttributes (116ms)
			ProcessInitializeOnLoadMethodAttributes (17ms)
			AfterProcessingInitializeOnLoad (6ms)
			EditorAssembliesLoaded (0ms)
		ExecutionOrderSort2 (0ms)
		AwakeInstancesAfterBackupRestoration (6ms)
Refreshing native plugins compatible for Editor in 0.00 ms, found 0 plugins.
Preloading 0 native plugins for Editor in 0.00 ms.
Unloading 21 Unused Serialized files (Serialized files now loaded: 0)
Unloading 4 unused Assets / (276.1 KB). Loaded Objects now: 580.
Memory consumption went from 104.9 MB to 104.7 MB.
Total: 4.073600 ms (FindLiveObjects: 0.133000 ms CreateObjectMapping: 0.009700 ms MarkObjects: 3.723400 ms  DeleteObjects: 0.205100 ms)

Prepare: number of updated asset objects reloaded= 0
AssetImportParameters requested are different than current active one (requested -> active):
  custom:container-muxer-webm: aa71ff27fc2769a1b78a27578f13a17b -> 
  custom:scripting/monoscript/fileName/ovi.cs: 978983d04a685c2d61191d179e13da1f -> 2b802c44c06968a747a37b6d62f77129
  custom:video-encoder-webm-vp8: eb34c28f22e8b96e1ab97ce403110664 -> 
  custom:scripting/monoscript/fileName/ptera.cs: 61e1d317b712da062299c03b9a9f8282 -> 4a67ed1a01ca695af65cf27b5854bcf0
  custom:audio-encoder-webm-vorbis: bf7c407c2cedff20999df2af8eb42d56 -> 
  custom:scripting/monoscript/fileName/dilo.cs: 3c9db1a6c2b03a17ae6a03848623096d -> 
  custom:scripting/monoscript/fileName/comp.cs: fda0003943b476b790ffb44d58d85382 -> 
  custom:container-demuxer-ogg: 62fdf1f143b41e24485cea50d1cbac27 -> 
  custom:video-decoder-webm-vp8: 9c59270c3fd7afecdb556c50c9e8de78 -> 
  custom:scripting/monoscript/fileName/para.cs: 50ff1e7338ddd96a339685334055c2cc -> c67129409a535afaa373dcf1da4b6b39
  custom:audio-decoder-ogg-vorbis: bf7c407c2cedff20999df2af8eb42d56 -> 
  custom:AudioImporter_EditorPlatform: d09bf68614088b80899f8185d706f6e7 -> 
  custom:video-decoder-ogg-theora: a1e56fd34408186e4bbccfd4996cb3dc -> 
  custom:container-demuxer-webm: 4f35f7cbe854078d1ac9338744f61a02 -> 
  custom:scripting/monoscript/fileName/dime.cs: d81f62d40699d7bbf2074d0987b6e5b4 -> 8341ec5cd2e8c88e4c52f115191649f3
  custom:scripting/monoscript/fileName/anky.cs: d5cf5b3eab929cf2b853b84f2420fa2b -> 
  custom:scripting/monoscript/fileName/rap.cs: 7d88192879dd006b39ac28e47b27484b -> 828af70891bac76f4cefd151f27dba8a
  custom:CustomObjectIndexerAttribute: 756ad292c208cfabdd7b50bc23989ffe -> 
  custom:scripting/monoscript/fileName/spino.cs: 7dfde6a661f604e8345401631a24390d -> 35319176bdb166f3fe7f79599b16028d
  custom:framework-win-MediaFoundation: 216162199b28c13a410421893ffa2e32 -> 
  custom:SearchIndexIgnoredProperties: e643bd26f0fe6173181afceb89e7c659 -> 
  custom:scripting/monoscript/fileName/brach.cs: 51f1030383e851978416b82613bd0b96 -> 1b60268d47bd59147b218b43be6e1abb
  custom:scripting/monoscript/fileName/shared.cs: 9ba28fb7fc5a6aa2b2d4c593c919e641 -> f0c3dc3c068420536d4ff5772de0179e
  custom:scripting/monoscript/fileName/tric.cs: f0e64e9b06985a50592dfea5a8936d40 -> a57242556ce7739d71f8d12c6dcbf125
  custom:scripting/monoscript/fileName/steg.cs: 4305f2e15284687d0dde0cdbc724c273 -> d74ab501e4b705eb82600f57f41a0bbf
  custom:scripting/monoscript/fileName/rex.cs: 722b0ceb0ff26ea526857704f1e3ca92 -> d718bebd91b41d737a7e1d9fcf6ab43d
========================================================================
Received Import Request.
  Time since last request: 19.559726 seconds.
  path: Assets/Jurassic Pack/Creatures/Prefab/Brachiosaurus.prefab
  artifactKey: Guid(61871d595a5e3314da6f98e02c2502cd) Importer(815301076,1909f56bfc062723c751e8b465ee728b)
Start importing Assets/Jurassic Pack/Creatures/Prefab/Brachiosaurus.prefab using Guid(61871d595a5e3314da6f98e02c2502cd) Importer(815301076,1909f56bfc062723c751e8b465ee728b)  -> (artifact id: '36ef92b130a1b4d1d8960d725ecb21f8') in 0.298852 seconds
Number of updated asset objects reloaded before import = 0
Number of asset objects unloaded after import = 287
========================================================================
Received Prepare
Begin MonoManager ReloadAssembly
- Loaded All Assemblies, in  0.235 seconds
Refreshing native plugins compatible for Editor in 0.00 ms, found 0 plugins.
Native extension for WindowsStandalone target not found
Native extension for WebGL target not found
Mono: successfully reloaded assembly
- Finished resetting the current domain, in  0.282 seconds
Domain Reload Profiling: 516ms
	BeginReloadAssembly (152ms)
		ExecutionOrderSort (0ms)
		DisableScriptedObjects (5ms)
		BackupInstance (0ms)
		ReleaseScriptingObjects (0ms)
		CreateAndSetChildDomain (25ms)
	RebuildCommonClasses (39ms)
	RebuildNativeTypeToScriptingClass (10ms)
	initialDomainReloadingComplete (24ms)
	LoadAllAssembliesAndSetupDomain (8ms)
		LoadAssemblies (97ms)
		RebuildTransferFunctionScriptingTraits (0ms)
		AnalyzeDomain (6ms)
			TypeCache.Refresh (4ms)
				TypeCache.ScanAssembly (0ms)
			ScanForSourceGeneratedMonoScriptInfo (0ms)
			ResolveRequiredComponents (1ms)
	FinalizeReload (282ms)
		ReleaseScriptCaches (0ms)
		RebuildScriptCaches (0ms)
		SetupLoadedEditorAssemblies (172ms)
			LogAssemblyErrors (0ms)
			InitializePlatformSupportModulesInManaged (7ms)
			SetLoadedEditorAssemblies (5ms)
			RefreshPlugins (0ms)
			BeforeProcessingInitializeOnLoad (25ms)
			ProcessInitializeOnLoadAttributes (111ms)
			ProcessInitializeOnLoadMethodAttributes (17ms)
			AfterProcessingInitializeOnLoad (7ms)
			EditorAssembliesLoaded (0ms)
		ExecutionOrderSort2 (0ms)
		AwakeInstancesAfterBackupRestoration (6ms)
Refreshing native plugins compatible for Editor in 0.00 ms, found 0 plugins.
Preloading 0 native plugins for Editor in 0.00 ms.
Unloading 20 Unused Serialized files (Serialized files now loaded: 0)
Unloading 5 unused Assets / (276.5 KB). Loaded Objects now: 583.
Memory consumption went from 108.7 MB to 108.4 MB.
Total: 2.721700 ms (FindLiveObjects: 0.051800 ms CreateObjectMapping: 0.004700 ms MarkObjects: 2.455400 ms  DeleteObjects: 0.209100 ms)

Prepare: number of updated asset objects reloaded= 0
AssetImportParameters requested are different than current active one (requested -> active):
  custom:container-muxer-webm: aa71ff27fc2769a1b78a27578f13a17b -> 
  custom:scripting/monoscript/fileName/ovi.cs: 978983d04a685c2d61191d179e13da1f -> 2b802c44c06968a747a37b6d62f77129
  custom:video-encoder-webm-vp8: eb34c28f22e8b96e1ab97ce403110664 -> 
  custom:scripting/monoscript/fileName/ptera.cs: 61e1d317b712da062299c03b9a9f8282 -> 4a67ed1a01ca695af65cf27b5854bcf0
  custom:audio-encoder-webm-vorbis: bf7c407c2cedff20999df2af8eb42d56 -> 
  custom:scripting/monoscript/fileName/dilo.cs: 3c9db1a6c2b03a17ae6a03848623096d -> 
  custom:scripting/monoscript/fileName/comp.cs: fda0003943b476b790ffb44d58d85382 -> 
  custom:container-demuxer-ogg: 62fdf1f143b41e24485cea50d1cbac27 -> 
  custom:video-decoder-webm-vp8: 9c59270c3fd7afecdb556c50c9e8de78 -> 
  custom:scripting/monoscript/fileName/para.cs: 50ff1e7338ddd96a339685334055c2cc -> c67129409a535afaa373dcf1da4b6b39
  custom:audio-decoder-ogg-vorbis: bf7c407c2cedff20999df2af8eb42d56 -> 
  custom:AudioImporter_EditorPlatform: d09bf68614088b80899f8185d706f6e7 -> 
  custom:video-decoder-ogg-theora: a1e56fd34408186e4bbccfd4996cb3dc -> 
  custom:container-demuxer-webm: 4f35f7cbe854078d1ac9338744f61a02 -> 
  custom:scripting/monoscript/fileName/dime.cs: d81f62d40699d7bbf2074d0987b6e5b4 -> 8341ec5cd2e8c88e4c52f115191649f3
  custom:scripting/monoscript/fileName/anky.cs: d5cf5b3eab929cf2b853b84f2420fa2b -> 
  custom:scripting/monoscript/fileName/rap.cs: 7d88192879dd006b39ac28e47b27484b -> 828af70891bac76f4cefd151f27dba8a
  custom:CustomObjectIndexerAttribute: 756ad292c208cfabdd7b50bc23989ffe -> 
  custom:scripting/monoscript/fileName/spino.cs: 7dfde6a661f604e8345401631a24390d -> 35319176bdb166f3fe7f79599b16028d
  custom:framework-win-MediaFoundation: 216162199b28c13a410421893ffa2e32 -> 
  custom:SearchIndexIgnoredProperties: e643bd26f0fe6173181afceb89e7c659 -> 
  custom:scripting/monoscript/fileName/brach.cs: 51f1030383e851978416b82613bd0b96 -> 1b60268d47bd59147b218b43be6e1abb
  custom:scripting/monoscript/fileName/shared.cs: 9ba28fb7fc5a6aa2b2d4c593c919e641 -> f0c3dc3c068420536d4ff5772de0179e
  custom:scripting/monoscript/fileName/tric.cs: f0e64e9b06985a50592dfea5a8936d40 -> a57242556ce7739d71f8d12c6dcbf125
  custom:scripting/monoscript/fileName/steg.cs: 4305f2e15284687d0dde0cdbc724c273 -> d74ab501e4b705eb82600f57f41a0bbf
  custom:scripting/monoscript/fileName/rex.cs: 722b0ceb0ff26ea526857704f1e3ca92 -> d718bebd91b41d737a7e1d9fcf6ab43d
Editor requested this worker to shutdown with reason: Scaling down because of idle timeout
TcpMessagingSession - receive error: operation aborted. errorcode: 995, details: The I/O operation has been aborted because of either a thread exit or an application request.
AssetImportWorker is now disconnected from the server
Process exiting
Exiting without the bug reporter. Application will terminate with return code 0