Using pre-set license
Built from '2022.3/staging' branch; Version is '2022.3.11f1 (d00248457e15) revision 13632072'; Using compiler version '192829333'; Build Type 'Release'
OS: 'Windows 11  (10.0.22621) 64bit CoreSingleLanguage' Language: 'en' Physical Memory: 15724 MB
BatchMode: 1, IsHumanControllingUs: 0, StartBugReporterOnCrash: 0, Is64bit: 1, IsPro: 1

COMMAND LINE ARGUMENTS:
C:\Program Files\Unity\Hub\Editor\2022.3.11f1\Editor\Unity.exe
-adb2
-batchMode
-noUpm
-name
AssetImportWorker19
-projectPath
C:/Users/EXA/OneDrive/Dokumen/Grafkom/Final Project/final-project-el-psy-congroo
-logFile
Logs/AssetImportWorker19.log
-srvPort
52395
Successfully changed project path to: C:/Users/EXA/OneDrive/Dokumen/Grafkom/Final Project/final-project-el-psy-congroo
C:/Users/EXA/OneDrive/Dokumen/Grafkom/Final Project/final-project-el-psy-congroo
[UnityMemory] Configuration Parameters - Can be set up in boot.config
    "memorysetup-bucket-allocator-granularity=16"
    "memorysetup-bucket-allocator-bucket-count=8"
    "memorysetup-bucket-allocator-block-size=33554432"
    "memorysetup-bucket-allocator-block-count=8"
    "memorysetup-main-allocator-block-size=16777216"
    "memorysetup-thread-allocator-block-size=16777216"
    "memorysetup-gfx-main-allocator-block-size=16777216"
    "memorysetup-gfx-thread-allocator-block-size=16777216"
    "memorysetup-cache-allocator-block-size=4194304"
    "memorysetup-typetree-allocator-block-size=2097152"
    "memorysetup-profiler-bucket-allocator-granularity=16"
    "memorysetup-profiler-bucket-allocator-bucket-count=8"
    "memorysetup-profiler-bucket-allocator-block-size=33554432"
    "memorysetup-profiler-bucket-allocator-block-count=8"
    "memorysetup-profiler-allocator-block-size=16777216"
    "memorysetup-profiler-editor-allocator-block-size=1048576"
    "memorysetup-temp-allocator-size-main=16777216"
    "memorysetup-job-temp-allocator-block-size=2097152"
    "memorysetup-job-temp-allocator-block-size-background=1048576"
    "memorysetup-job-temp-allocator-reduction-small-platforms=262144"
    "memorysetup-allocator-temp-initial-block-size-main=262144"
    "memorysetup-allocator-temp-initial-block-size-worker=262144"
    "memorysetup-temp-allocator-size-background-worker=32768"
    "memorysetup-temp-allocator-size-job-worker=262144"
    "memorysetup-temp-allocator-size-preload-manager=33554432"
    "memorysetup-temp-allocator-size-nav-mesh-worker=65536"
    "memorysetup-temp-allocator-size-audio-worker=65536"
    "memorysetup-temp-allocator-size-cloud-worker=32768"
    "memorysetup-temp-allocator-size-gi-baking-worker=262144"
    "memorysetup-temp-allocator-size-gfx=262144"
Player connection [47052] Host "[IP] 169.254.99.221 [Port] 0 [Flags] 2 [Guid] 2732742908 [EditorId] 2732742908 [Version] 1048832 [Id] WindowsEditor(7,Exa) [Debug] 1 [PackageName] WindowsEditor [ProjectName] Editor" joined multi-casting on [225.0.0.222:54997]...

Player connection [47052] Host "[IP] 169.254.99.221 [Port] 0 [Flags] 2 [Guid] 2732742908 [EditorId] 2732742908 [Version] 1048832 [Id] WindowsEditor(7,Exa) [Debug] 1 [PackageName] WindowsEditor [ProjectName] Editor" joined alternative multi-casting on [225.0.0.222:34997]...

[Physics::Module] Initialized MultithreadedJobDispatcher with 15 workers.
Refreshing native plugins compatible for Editor in 0.00 ms, found 0 plugins.
Preloading 0 native plugins for Editor in 0.00 ms.
Initialize engine version: 2022.3.11f1 (d00248457e15)
[Subsystems] Discovering subsystems at path C:/Program Files/Unity/Hub/Editor/2022.3.11f1/Editor/Data/Resources/UnitySubsystems
[Subsystems] Discovering subsystems at path C:/Users/EXA/OneDrive/Dokumen/Grafkom/Final Project/final-project-el-psy-congroo/Assets
GfxDevice: creating device client; threaded=0; jobified=0
Direct3D:
    Version:  Direct3D 11.0 [level 11.1]
    Renderer: NVIDIA GeForce RTX 3060 Laptop GPU (ID=0x2520)
    Vendor:   NVIDIA
    VRAM:     6010 MB
    Driver:   31.0.15.4617
Initialize mono
Mono path[0] = 'C:/Program Files/Unity/Hub/Editor/2022.3.11f1/Editor/Data/Managed'
Mono path[1] = 'C:/Program Files/Unity/Hub/Editor/2022.3.11f1/Editor/Data/MonoBleedingEdge/lib/mono/unityjit-win32'
Mono config path = 'C:/Program Files/Unity/Hub/Editor/2022.3.11f1/Editor/Data/MonoBleedingEdge/etc'
Using monoOptions --debugger-agent=transport=dt_socket,embedding=1,server=y,suspend=n,address=127.0.0.1:56816
Begin MonoManager ReloadAssembly
Registering precompiled unity dll's ...
Register platform support module: C:/Program Files/Unity/Hub/Editor/2022.3.11f1/Editor/Data/PlaybackEngines/WebGLSupport/UnityEditor.WebGL.Extensions.dll
Register platform support module: C:/Program Files/Unity/Hub/Editor/2022.3.11f1/Editor/Data/PlaybackEngines/WindowsStandaloneSupport/UnityEditor.WindowsStandalone.Extensions.dll
Registered in 0.007547 seconds.
- Loaded All Assemblies, in  0.305 seconds
Native extension for WindowsStandalone target not found
Native extension for WebGL target not found
Mono: successfully reloaded assembly
- Finished resetting the current domain, in  0.216 seconds
Domain Reload Profiling: 519ms
	BeginReloadAssembly (102ms)
		ExecutionOrderSort (0ms)
		DisableScriptedObjects (0ms)
		BackupInstance (0ms)
		ReleaseScriptingObjects (0ms)
		CreateAndSetChildDomain (1ms)
	RebuildCommonClasses (28ms)
	RebuildNativeTypeToScriptingClass (8ms)
	initialDomainReloadingComplete (51ms)
	LoadAllAssembliesAndSetupDomain (113ms)
		LoadAssemblies (100ms)
		RebuildTransferFunctionScriptingTraits (0ms)
		AnalyzeDomain (111ms)
			TypeCache.Refresh (110ms)
				TypeCache.ScanAssembly (99ms)
			ScanForSourceGeneratedMonoScriptInfo (0ms)
			ResolveRequiredComponents (0ms)
	FinalizeReload (216ms)
		ReleaseScriptCaches (0ms)
		RebuildScriptCaches (0ms)
		SetupLoadedEditorAssemblies (167ms)
			LogAssemblyErrors (0ms)
			InitializePlatformSupportModulesInManaged (9ms)
			SetLoadedEditorAssemblies (4ms)
			RefreshPlugins (0ms)
			BeforeProcessingInitializeOnLoad (2ms)
			ProcessInitializeOnLoadAttributes (111ms)
			ProcessInitializeOnLoadMethodAttributes (41ms)
			AfterProcessingInitializeOnLoad (0ms)
			EditorAssembliesLoaded (0ms)
		ExecutionOrderSort2 (0ms)
		AwakeInstancesAfterBackupRestoration (0ms)
========================================================================
Worker process is ready to serve import requests
Begin MonoManager ReloadAssembly
- Loaded All Assemblies, in  0.194 seconds
Refreshing native plugins compatible for Editor in 0.00 ms, found 0 plugins.
Native extension for WindowsStandalone target not found
Native extension for WebGL target not found
Mono: successfully reloaded assembly
- Finished resetting the current domain, in  0.275 seconds
Domain Reload Profiling: 469ms
	BeginReloadAssembly (125ms)
		ExecutionOrderSort (0ms)
		DisableScriptedObjects (5ms)
		BackupInstance (0ms)
		ReleaseScriptingObjects (0ms)
		CreateAndSetChildDomain (20ms)
	RebuildCommonClasses (29ms)
	RebuildNativeTypeToScriptingClass (9ms)
	initialDomainReloadingComplete (22ms)
	LoadAllAssembliesAndSetupDomain (8ms)
		LoadAssemblies (74ms)
		RebuildTransferFunctionScriptingTraits (0ms)
		AnalyzeDomain (6ms)
			TypeCache.Refresh (4ms)
				TypeCache.ScanAssembly (1ms)
			ScanForSourceGeneratedMonoScriptInfo (1ms)
			ResolveRequiredComponents (1ms)
	FinalizeReload (276ms)
		ReleaseScriptCaches (0ms)
		RebuildScriptCaches (0ms)
		SetupLoadedEditorAssemblies (166ms)
			LogAssemblyErrors (0ms)
			InitializePlatformSupportModulesInManaged (7ms)
			SetLoadedEditorAssemblies (5ms)
			RefreshPlugins (0ms)
			BeforeProcessingInitializeOnLoad (23ms)
			ProcessInitializeOnLoadAttributes (107ms)
			ProcessInitializeOnLoadMethodAttributes (16ms)
			AfterProcessingInitializeOnLoad (7ms)
			EditorAssembliesLoaded (0ms)
		ExecutionOrderSort2 (0ms)
		AwakeInstancesAfterBackupRestoration (6ms)
Launched and connected shader compiler UnityShaderCompiler.exe after 0.05 seconds
Refreshing native plugins compatible for Editor in 0.00 ms, found 0 plugins.
Preloading 0 native plugins for Editor in 0.00 ms.
Unloading 31 Unused Serialized files (Serialized files now loaded: 0)
Unloading 3 unused Assets / (49.2 KB). Loaded Objects now: 536.
Memory consumption went from 88.6 MB to 88.5 MB.
Total: 2.216300 ms (FindLiveObjects: 0.041300 ms CreateObjectMapping: 0.003800 ms MarkObjects: 2.106600 ms  DeleteObjects: 0.063900 ms)

AssetImportParameters requested are different than current active one (requested -> active):
  custom:container-muxer-webm: aa71ff27fc2769a1b78a27578f13a17b -> 
  custom:scripting/monoscript/fileName/JPWater.cs: 197d7a51d4a61aac1a0b645c819e657d -> 
  custom:scripting/monoscript/fileName/ovi.cs: 978983d04a685c2d61191d179e13da1f -> 
  custom:video-encoder-webm-vp8: eb34c28f22e8b96e1ab97ce403110664 -> 
  custom:scripting/monoscript/fileName/ptera.cs: 61e1d317b712da062299c03b9a9f8282 -> 
  custom:audio-encoder-webm-vorbis: bf7c407c2cedff20999df2af8eb42d56 -> 
  custom:scripting/monoscript/fileName/dilo.cs: 3c9db1a6c2b03a17ae6a03848623096d -> 
  custom:scripting/monoscript/fileName/comp.cs: fda0003943b476b790ffb44d58d85382 -> 
  custom:container-demuxer-ogg: 62fdf1f143b41e24485cea50d1cbac27 -> 
  custom:video-decoder-webm-vp8: 9c59270c3fd7afecdb556c50c9e8de78 -> 
  custom:scripting/monoscript/fileName/para.cs: 50ff1e7338ddd96a339685334055c2cc -> 
  custom:audio-decoder-ogg-vorbis: bf7c407c2cedff20999df2af8eb42d56 -> 
  custom:AudioImporter_EditorPlatform: d09bf68614088b80899f8185d706f6e7 -> 
  custom:video-decoder-ogg-theora: a1e56fd34408186e4bbccfd4996cb3dc -> 
  custom:container-demuxer-webm: 4f35f7cbe854078d1ac9338744f61a02 -> 
  custom:scripting/monoscript/fileName/dime.cs: d81f62d40699d7bbf2074d0987b6e5b4 -> 
  custom:scripting/monoscript/fileName/anky.cs: d5cf5b3eab929cf2b853b84f2420fa2b -> 
  custom:scripting/monoscript/fileName/rap.cs: 7d88192879dd006b39ac28e47b27484b -> 
  custom:CustomObjectIndexerAttribute: 756ad292c208cfabdd7b50bc23989ffe -> 
  custom:scripting/monoscript/fileName/spino.cs: 7dfde6a661f604e8345401631a24390d -> 
  custom:framework-win-MediaFoundation: 216162199b28c13a410421893ffa2e32 -> 
  custom:SearchIndexIgnoredProperties: e643bd26f0fe6173181afceb89e7c659 -> 
  custom:scripting/monoscript/fileName/brach.cs: 51f1030383e851978416b82613bd0b96 -> 1b60268d47bd59147b218b43be6e1abb
  custom:scripting/monoscript/fileName/shared.cs: 9ba28fb7fc5a6aa2b2d4c593c919e641 -> f0c3dc3c068420536d4ff5772de0179e
  custom:scripting/monoscript/fileName/tric.cs: f0e64e9b06985a50592dfea5a8936d40 -> a57242556ce7739d71f8d12c6dcbf125
  custom:scripting/monoscript/fileName/steg.cs: 4305f2e15284687d0dde0cdbc724c273 -> 
  custom:scripting/monoscript/fileName/rex.cs: 722b0ceb0ff26ea526857704f1e3ca92 -> d718bebd91b41d737a7e1d9fcf6ab43d
========================================================================
Received Import Request.
  Time since last request: 378346.524613 seconds.
  path: Assets/DescriptionDisplay1.cs
  artifactKey: Guid(8c89c11752a35d7438a4cf75cde80fb7) Importer(815301076,1909f56bfc062723c751e8b465ee728b)
Start importing Assets/DescriptionDisplay1.cs using Guid(8c89c11752a35d7438a4cf75cde80fb7) Importer(815301076,1909f56bfc062723c751e8b465ee728b)  -> (artifact id: '51ba036a0564a2f6597ec6a80d629e66') in 0.002501 seconds
Number of updated asset objects reloaded before import = 0
Number of asset objects unloaded after import = 0
========================================================================
Received Import Request.
  Time since last request: 17.072394 seconds.
  path: Assets/DescriptionDisplayTri.cs
  artifactKey: Guid(8c89c11752a35d7438a4cf75cde80fb7) Importer(815301076,1909f56bfc062723c751e8b465ee728b)
Start importing Assets/DescriptionDisplayTri.cs using Guid(8c89c11752a35d7438a4cf75cde80fb7) Importer(815301076,1909f56bfc062723c751e8b465ee728b)  -> (artifact id: '082636e2ce758d3614041a47c3ca1877') in 0.000490 seconds
Number of updated asset objects reloaded before import = 0
Number of asset objects unloaded after import = 0
========================================================================
Received Prepare
Begin MonoManager ReloadAssembly
- Loaded All Assemblies, in  0.207 seconds
Refreshing native plugins compatible for Editor in 0.00 ms, found 0 plugins.
Native extension for WindowsStandalone target not found
Native extension for WebGL target not found
Mono: successfully reloaded assembly
- Finished resetting the current domain, in  0.294 seconds
Domain Reload Profiling: 500ms
	BeginReloadAssembly (133ms)
		ExecutionOrderSort (0ms)
		DisableScriptedObjects (8ms)
		BackupInstance (0ms)
		ReleaseScriptingObjects (0ms)
		CreateAndSetChildDomain (18ms)
	RebuildCommonClasses (30ms)
	RebuildNativeTypeToScriptingClass (9ms)
	initialDomainReloadingComplete (24ms)
	LoadAllAssembliesAndSetupDomain (10ms)
		LoadAssemblies (82ms)
		RebuildTransferFunctionScriptingTraits (0ms)
		AnalyzeDomain (7ms)
			TypeCache.Refresh (4ms)
				TypeCache.ScanAssembly (1ms)
			ScanForSourceGeneratedMonoScriptInfo (1ms)
			ResolveRequiredComponents (1ms)
	FinalizeReload (295ms)
		ReleaseScriptCaches (0ms)
		RebuildScriptCaches (0ms)
		SetupLoadedEditorAssemblies (175ms)
			LogAssemblyErrors (0ms)
			InitializePlatformSupportModulesInManaged (7ms)
			SetLoadedEditorAssemblies (5ms)
			RefreshPlugins (0ms)
			BeforeProcessingInitializeOnLoad (25ms)
			ProcessInitializeOnLoadAttributes (113ms)
			ProcessInitializeOnLoadMethodAttributes (17ms)
			AfterProcessingInitializeOnLoad (7ms)
			EditorAssembliesLoaded (0ms)
		ExecutionOrderSort2 (0ms)
		AwakeInstancesAfterBackupRestoration (6ms)
Refreshing native plugins compatible for Editor in 0.00 ms, found 0 plugins.
Preloading 0 native plugins for Editor in 0.00 ms.
Unloading 19 Unused Serialized files (Serialized files now loaded: 0)
Unloading 1 unused Assets / (22.7 KB). Loaded Objects now: 537.
Memory consumption went from 87.9 MB to 87.9 MB.
Total: 2.172700 ms (FindLiveObjects: 0.044100 ms CreateObjectMapping: 0.004800 ms MarkObjects: 2.102100 ms  DeleteObjects: 0.021000 ms)

Prepare: number of updated asset objects reloaded= 0
AssetImportParameters requested are different than current active one (requested -> active):
  custom:container-muxer-webm: aa71ff27fc2769a1b78a27578f13a17b -> 
  custom:scripting/monoscript/fileName/JPWater.cs: 197d7a51d4a61aac1a0b645c819e657d -> 
  custom:scripting/monoscript/fileName/ovi.cs: 978983d04a685c2d61191d179e13da1f -> 
  custom:video-encoder-webm-vp8: eb34c28f22e8b96e1ab97ce403110664 -> 
  custom:scripting/monoscript/fileName/ptera.cs: 61e1d317b712da062299c03b9a9f8282 -> 
  custom:audio-encoder-webm-vorbis: bf7c407c2cedff20999df2af8eb42d56 -> 
  custom:scripting/monoscript/fileName/dilo.cs: 3c9db1a6c2b03a17ae6a03848623096d -> 
  custom:scripting/monoscript/fileName/comp.cs: fda0003943b476b790ffb44d58d85382 -> 
  custom:container-demuxer-ogg: 62fdf1f143b41e24485cea50d1cbac27 -> 
  custom:video-decoder-webm-vp8: 9c59270c3fd7afecdb556c50c9e8de78 -> 
  custom:scripting/monoscript/fileName/para.cs: 50ff1e7338ddd96a339685334055c2cc -> 
  custom:audio-decoder-ogg-vorbis: bf7c407c2cedff20999df2af8eb42d56 -> 
  custom:AudioImporter_EditorPlatform: d09bf68614088b80899f8185d706f6e7 -> 
  custom:video-decoder-ogg-theora: a1e56fd34408186e4bbccfd4996cb3dc -> 
  custom:container-demuxer-webm: 4f35f7cbe854078d1ac9338744f61a02 -> 
  custom:scripting/monoscript/fileName/dime.cs: d81f62d40699d7bbf2074d0987b6e5b4 -> 
  custom:scripting/monoscript/fileName/anky.cs: d5cf5b3eab929cf2b853b84f2420fa2b -> 
  custom:scripting/monoscript/fileName/rap.cs: 7d88192879dd006b39ac28e47b27484b -> 
  custom:CustomObjectIndexerAttribute: 756ad292c208cfabdd7b50bc23989ffe -> 
  custom:scripting/monoscript/fileName/spino.cs: 7dfde6a661f604e8345401631a24390d -> 
  custom:framework-win-MediaFoundation: 216162199b28c13a410421893ffa2e32 -> 
  custom:SearchIndexIgnoredProperties: e643bd26f0fe6173181afceb89e7c659 -> 
  custom:scripting/monoscript/fileName/brach.cs: 51f1030383e851978416b82613bd0b96 -> 1b60268d47bd59147b218b43be6e1abb
  custom:scripting/monoscript/fileName/shared.cs: 9ba28fb7fc5a6aa2b2d4c593c919e641 -> f0c3dc3c068420536d4ff5772de0179e
  custom:scripting/monoscript/fileName/tric.cs: f0e64e9b06985a50592dfea5a8936d40 -> a57242556ce7739d71f8d12c6dcbf125
  custom:scripting/monoscript/fileName/steg.cs: 4305f2e15284687d0dde0cdbc724c273 -> 
  custom:scripting/monoscript/fileName/rex.cs: 722b0ceb0ff26ea526857704f1e3ca92 -> d718bebd91b41d737a7e1d9fcf6ab43d
========================================================================
Received Prepare
Begin MonoManager ReloadAssembly
- Loaded All Assemblies, in  0.198 seconds
Refreshing native plugins compatible for Editor in 0.00 ms, found 0 plugins.
Native extension for WindowsStandalone target not found
Native extension for WebGL target not found
Mono: successfully reloaded assembly
- Finished resetting the current domain, in  0.278 seconds
Domain Reload Profiling: 475ms
	BeginReloadAssembly (125ms)
		ExecutionOrderSort (0ms)
		DisableScriptedObjects (6ms)
		BackupInstance (0ms)
		ReleaseScriptingObjects (0ms)
		CreateAndSetChildDomain (15ms)
	RebuildCommonClasses (30ms)
	RebuildNativeTypeToScriptingClass (9ms)
	initialDomainReloadingComplete (23ms)
	LoadAllAssembliesAndSetupDomain (10ms)
		LoadAssemblies (80ms)
		RebuildTransferFunctionScriptingTraits (0ms)
		AnalyzeDomain (7ms)
			TypeCache.Refresh (5ms)
				TypeCache.ScanAssembly (0ms)
			ScanForSourceGeneratedMonoScriptInfo (0ms)
			ResolveRequiredComponents (1ms)
	FinalizeReload (279ms)
		ReleaseScriptCaches (0ms)
		RebuildScriptCaches (0ms)
		SetupLoadedEditorAssemblies (166ms)
			LogAssemblyErrors (0ms)
			InitializePlatformSupportModulesInManaged (7ms)
			SetLoadedEditorAssemblies (5ms)
			RefreshPlugins (0ms)
			BeforeProcessingInitializeOnLoad (23ms)
			ProcessInitializeOnLoadAttributes (107ms)
			ProcessInitializeOnLoadMethodAttributes (17ms)
			AfterProcessingInitializeOnLoad (6ms)
			EditorAssembliesLoaded (0ms)
		ExecutionOrderSort2 (0ms)
		AwakeInstancesAfterBackupRestoration (6ms)
Refreshing native plugins compatible for Editor in 0.00 ms, found 0 plugins.
Preloading 0 native plugins for Editor in 0.00 ms.
Unloading 20 Unused Serialized files (Serialized files now loaded: 0)
Unloading 1 unused Assets / (22.7 KB). Loaded Objects now: 537.
Memory consumption went from 90.1 MB to 90.1 MB.
Total: 2.034500 ms (FindLiveObjects: 0.043200 ms CreateObjectMapping: 0.004000 ms MarkObjects: 1.966500 ms  DeleteObjects: 0.019600 ms)

Prepare: number of updated asset objects reloaded= 0
AssetImportParameters requested are different than current active one (requested -> active):
  custom:container-muxer-webm: aa71ff27fc2769a1b78a27578f13a17b -> 
  custom:scripting/monoscript/fileName/JPWater.cs: 197d7a51d4a61aac1a0b645c819e657d -> 
  custom:scripting/monoscript/fileName/ovi.cs: 978983d04a685c2d61191d179e13da1f -> 
  custom:video-encoder-webm-vp8: eb34c28f22e8b96e1ab97ce403110664 -> 
  custom:scripting/monoscript/fileName/ptera.cs: 61e1d317b712da062299c03b9a9f8282 -> 
  custom:audio-encoder-webm-vorbis: bf7c407c2cedff20999df2af8eb42d56 -> 
  custom:scripting/monoscript/fileName/dilo.cs: 3c9db1a6c2b03a17ae6a03848623096d -> 
  custom:scripting/monoscript/fileName/comp.cs: fda0003943b476b790ffb44d58d85382 -> 
  custom:container-demuxer-ogg: 62fdf1f143b41e24485cea50d1cbac27 -> 
  custom:video-decoder-webm-vp8: 9c59270c3fd7afecdb556c50c9e8de78 -> 
  custom:scripting/monoscript/fileName/para.cs: 50ff1e7338ddd96a339685334055c2cc -> 
  custom:audio-decoder-ogg-vorbis: bf7c407c2cedff20999df2af8eb42d56 -> 
  custom:AudioImporter_EditorPlatform: d09bf68614088b80899f8185d706f6e7 -> 
  custom:video-decoder-ogg-theora: a1e56fd34408186e4bbccfd4996cb3dc -> 
  custom:container-demuxer-webm: 4f35f7cbe854078d1ac9338744f61a02 -> 
  custom:scripting/monoscript/fileName/dime.cs: d81f62d40699d7bbf2074d0987b6e5b4 -> 
  custom:scripting/monoscript/fileName/anky.cs: d5cf5b3eab929cf2b853b84f2420fa2b -> 
  custom:scripting/monoscript/fileName/rap.cs: 7d88192879dd006b39ac28e47b27484b -> 
  custom:CustomObjectIndexerAttribute: 756ad292c208cfabdd7b50bc23989ffe -> 
  custom:scripting/monoscript/fileName/spino.cs: 7dfde6a661f604e8345401631a24390d -> 
  custom:framework-win-MediaFoundation: 216162199b28c13a410421893ffa2e32 -> 
  custom:SearchIndexIgnoredProperties: e643bd26f0fe6173181afceb89e7c659 -> 
  custom:scripting/monoscript/fileName/brach.cs: 51f1030383e851978416b82613bd0b96 -> 1b60268d47bd59147b218b43be6e1abb
  custom:scripting/monoscript/fileName/shared.cs: 9ba28fb7fc5a6aa2b2d4c593c919e641 -> f0c3dc3c068420536d4ff5772de0179e
  custom:scripting/monoscript/fileName/tric.cs: f0e64e9b06985a50592dfea5a8936d40 -> a57242556ce7739d71f8d12c6dcbf125
  custom:scripting/monoscript/fileName/steg.cs: 4305f2e15284687d0dde0cdbc724c273 -> 
  custom:scripting/monoscript/fileName/rex.cs: 722b0ceb0ff26ea526857704f1e3ca92 -> d718bebd91b41d737a7e1d9fcf6ab43d
========================================================================
Received Prepare
Begin MonoManager ReloadAssembly
- Loaded All Assemblies, in  0.206 seconds
Refreshing native plugins compatible for Editor in 0.00 ms, found 0 plugins.
Native extension for WindowsStandalone target not found
Native extension for WebGL target not found
Mono: successfully reloaded assembly
- Finished resetting the current domain, in  0.283 seconds
Domain Reload Profiling: 487ms
	BeginReloadAssembly (133ms)
		ExecutionOrderSort (0ms)
		DisableScriptedObjects (5ms)
		BackupInstance (0ms)
		ReleaseScriptingObjects (0ms)
		CreateAndSetChildDomain (18ms)
	RebuildCommonClasses (30ms)
	RebuildNativeTypeToScriptingClass (9ms)
	initialDomainReloadingComplete (25ms)
	LoadAllAssembliesAndSetupDomain (7ms)
		LoadAssemblies (85ms)
		RebuildTransferFunctionScriptingTraits (0ms)
		AnalyzeDomain (4ms)
			TypeCache.Refresh (3ms)
				TypeCache.ScanAssembly (0ms)
			ScanForSourceGeneratedMonoScriptInfo (0ms)
			ResolveRequiredComponents (1ms)
	FinalizeReload (283ms)
		ReleaseScriptCaches (0ms)
		RebuildScriptCaches (0ms)
		SetupLoadedEditorAssemblies (176ms)
			LogAssemblyErrors (0ms)
			InitializePlatformSupportModulesInManaged (7ms)
			SetLoadedEditorAssemblies (6ms)
			RefreshPlugins (0ms)
			BeforeProcessingInitializeOnLoad (25ms)
			ProcessInitializeOnLoadAttributes (114ms)
			ProcessInitializeOnLoadMethodAttributes (17ms)
			AfterProcessingInitializeOnLoad (7ms)
			EditorAssembliesLoaded (0ms)
		ExecutionOrderSort2 (0ms)
		AwakeInstancesAfterBackupRestoration (6ms)
Refreshing native plugins compatible for Editor in 0.00 ms, found 0 plugins.
Preloading 0 native plugins for Editor in 0.00 ms.
Unloading 20 Unused Serialized files (Serialized files now loaded: 0)
Unloading 1 unused Assets / (22.7 KB). Loaded Objects now: 537.
Memory consumption went from 92.0 MB to 92.0 MB.
Total: 2.214300 ms (FindLiveObjects: 0.043300 ms CreateObjectMapping: 0.004200 ms MarkObjects: 2.143700 ms  DeleteObjects: 0.022200 ms)

Prepare: number of updated asset objects reloaded= 0
AssetImportParameters requested are different than current active one (requested -> active):
  custom:container-muxer-webm: aa71ff27fc2769a1b78a27578f13a17b -> 
  custom:scripting/monoscript/fileName/JPWater.cs: 197d7a51d4a61aac1a0b645c819e657d -> 
  custom:scripting/monoscript/fileName/ovi.cs: 978983d04a685c2d61191d179e13da1f -> 
  custom:video-encoder-webm-vp8: eb34c28f22e8b96e1ab97ce403110664 -> 
  custom:scripting/monoscript/fileName/ptera.cs: 61e1d317b712da062299c03b9a9f8282 -> 
  custom:audio-encoder-webm-vorbis: bf7c407c2cedff20999df2af8eb42d56 -> 
  custom:scripting/monoscript/fileName/dilo.cs: 3c9db1a6c2b03a17ae6a03848623096d -> 
  custom:scripting/monoscript/fileName/comp.cs: fda0003943b476b790ffb44d58d85382 -> 
  custom:container-demuxer-ogg: 62fdf1f143b41e24485cea50d1cbac27 -> 
  custom:video-decoder-webm-vp8: 9c59270c3fd7afecdb556c50c9e8de78 -> 
  custom:scripting/monoscript/fileName/para.cs: 50ff1e7338ddd96a339685334055c2cc -> 
  custom:audio-decoder-ogg-vorbis: bf7c407c2cedff20999df2af8eb42d56 -> 
  custom:AudioImporter_EditorPlatform: d09bf68614088b80899f8185d706f6e7 -> 
  custom:video-decoder-ogg-theora: a1e56fd34408186e4bbccfd4996cb3dc -> 
  custom:container-demuxer-webm: 4f35f7cbe854078d1ac9338744f61a02 -> 
  custom:scripting/monoscript/fileName/dime.cs: d81f62d40699d7bbf2074d0987b6e5b4 -> 
  custom:scripting/monoscript/fileName/anky.cs: d5cf5b3eab929cf2b853b84f2420fa2b -> 
  custom:scripting/monoscript/fileName/rap.cs: 7d88192879dd006b39ac28e47b27484b -> 
  custom:CustomObjectIndexerAttribute: 756ad292c208cfabdd7b50bc23989ffe -> 
  custom:scripting/monoscript/fileName/spino.cs: 7dfde6a661f604e8345401631a24390d -> 
  custom:framework-win-MediaFoundation: 216162199b28c13a410421893ffa2e32 -> 
  custom:SearchIndexIgnoredProperties: e643bd26f0fe6173181afceb89e7c659 -> 
  custom:scripting/monoscript/fileName/brach.cs: 51f1030383e851978416b82613bd0b96 -> 1b60268d47bd59147b218b43be6e1abb
  custom:scripting/monoscript/fileName/shared.cs: 9ba28fb7fc5a6aa2b2d4c593c919e641 -> f0c3dc3c068420536d4ff5772de0179e
  custom:scripting/monoscript/fileName/tric.cs: f0e64e9b06985a50592dfea5a8936d40 -> a57242556ce7739d71f8d12c6dcbf125
  custom:scripting/monoscript/fileName/steg.cs: 4305f2e15284687d0dde0cdbc724c273 -> 
  custom:scripting/monoscript/fileName/rex.cs: 722b0ceb0ff26ea526857704f1e3ca92 -> d718bebd91b41d737a7e1d9fcf6ab43d
========================================================================
Received Prepare
Begin MonoManager ReloadAssembly
- Loaded All Assemblies, in  0.206 seconds
Refreshing native plugins compatible for Editor in 0.00 ms, found 0 plugins.
Native extension for WindowsStandalone target not found
Native extension for WebGL target not found
Mono: successfully reloaded assembly
- Finished resetting the current domain, in  0.287 seconds
Domain Reload Profiling: 491ms
	BeginReloadAssembly (128ms)
		ExecutionOrderSort (0ms)
		DisableScriptedObjects (6ms)
		BackupInstance (0ms)
		ReleaseScriptingObjects (0ms)
		CreateAndSetChildDomain (15ms)
	RebuildCommonClasses (33ms)
	RebuildNativeTypeToScriptingClass (9ms)
	initialDomainReloadingComplete (23ms)
	LoadAllAssembliesAndSetupDomain (10ms)
		LoadAssemblies (83ms)
		RebuildTransferFunctionScriptingTraits (0ms)
		AnalyzeDomain (8ms)
			TypeCache.Refresh (5ms)
				TypeCache.ScanAssembly (1ms)
			ScanForSourceGeneratedMonoScriptInfo (1ms)
			ResolveRequiredComponents (1ms)
	FinalizeReload (287ms)
		ReleaseScriptCaches (0ms)
		RebuildScriptCaches (0ms)
		SetupLoadedEditorAssemblies (172ms)
			LogAssemblyErrors (0ms)
			InitializePlatformSupportModulesInManaged (7ms)
			SetLoadedEditorAssemblies (7ms)
			RefreshPlugins (0ms)
			BeforeProcessingInitializeOnLoad (26ms)
			ProcessInitializeOnLoadAttributes (109ms)
			ProcessInitializeOnLoadMethodAttributes (17ms)
			AfterProcessingInitializeOnLoad (7ms)
			EditorAssembliesLoaded (0ms)
		ExecutionOrderSort2 (0ms)
		AwakeInstancesAfterBackupRestoration (6ms)
Refreshing native plugins compatible for Editor in 0.00 ms, found 0 plugins.
Preloading 0 native plugins for Editor in 0.00 ms.
Unloading 20 Unused Serialized files (Serialized files now loaded: 0)
Unloading 1 unused Assets / (22.7 KB). Loaded Objects now: 537.
Memory consumption went from 94.0 MB to 93.9 MB.
Total: 2.522500 ms (FindLiveObjects: 0.057400 ms CreateObjectMapping: 0.004500 ms MarkObjects: 2.436400 ms  DeleteObjects: 0.023300 ms)

Prepare: number of updated asset objects reloaded= 0
AssetImportParameters requested are different than current active one (requested -> active):
  custom:container-muxer-webm: aa71ff27fc2769a1b78a27578f13a17b -> 
  custom:scripting/monoscript/fileName/JPWater.cs: 197d7a51d4a61aac1a0b645c819e657d -> 
  custom:scripting/monoscript/fileName/ovi.cs: 978983d04a685c2d61191d179e13da1f -> 
  custom:video-encoder-webm-vp8: eb34c28f22e8b96e1ab97ce403110664 -> 
  custom:scripting/monoscript/fileName/ptera.cs: 61e1d317b712da062299c03b9a9f8282 -> 
  custom:audio-encoder-webm-vorbis: bf7c407c2cedff20999df2af8eb42d56 -> 
  custom:scripting/monoscript/fileName/dilo.cs: 3c9db1a6c2b03a17ae6a03848623096d -> 
  custom:scripting/monoscript/fileName/comp.cs: fda0003943b476b790ffb44d58d85382 -> 
  custom:container-demuxer-ogg: 62fdf1f143b41e24485cea50d1cbac27 -> 
  custom:video-decoder-webm-vp8: 9c59270c3fd7afecdb556c50c9e8de78 -> 
  custom:scripting/monoscript/fileName/para.cs: 50ff1e7338ddd96a339685334055c2cc -> 
  custom:audio-decoder-ogg-vorbis: bf7c407c2cedff20999df2af8eb42d56 -> 
  custom:AudioImporter_EditorPlatform: d09bf68614088b80899f8185d706f6e7 -> 
  custom:video-decoder-ogg-theora: a1e56fd34408186e4bbccfd4996cb3dc -> 
  custom:container-demuxer-webm: 4f35f7cbe854078d1ac9338744f61a02 -> 
  custom:scripting/monoscript/fileName/dime.cs: d81f62d40699d7bbf2074d0987b6e5b4 -> 
  custom:scripting/monoscript/fileName/anky.cs: d5cf5b3eab929cf2b853b84f2420fa2b -> 
  custom:scripting/monoscript/fileName/rap.cs: 7d88192879dd006b39ac28e47b27484b -> 
  custom:CustomObjectIndexerAttribute: 756ad292c208cfabdd7b50bc23989ffe -> 
  custom:scripting/monoscript/fileName/spino.cs: 7dfde6a661f604e8345401631a24390d -> 
  custom:framework-win-MediaFoundation: 216162199b28c13a410421893ffa2e32 -> 
  custom:SearchIndexIgnoredProperties: e643bd26f0fe6173181afceb89e7c659 -> 
  custom:scripting/monoscript/fileName/brach.cs: 51f1030383e851978416b82613bd0b96 -> 1b60268d47bd59147b218b43be6e1abb
  custom:scripting/monoscript/fileName/shared.cs: 9ba28fb7fc5a6aa2b2d4c593c919e641 -> f0c3dc3c068420536d4ff5772de0179e
  custom:scripting/monoscript/fileName/tric.cs: f0e64e9b06985a50592dfea5a8936d40 -> a57242556ce7739d71f8d12c6dcbf125
  custom:scripting/monoscript/fileName/steg.cs: 4305f2e15284687d0dde0cdbc724c273 -> 
  custom:scripting/monoscript/fileName/rex.cs: 722b0ceb0ff26ea526857704f1e3ca92 -> d718bebd91b41d737a7e1d9fcf6ab43d
========================================================================
Received Prepare
Begin MonoManager ReloadAssembly
- Loaded All Assemblies, in  0.204 seconds
Refreshing native plugins compatible for Editor in 0.00 ms, found 0 plugins.
Native extension for WindowsStandalone target not found
Native extension for WebGL target not found
Mono: successfully reloaded assembly
- Finished resetting the current domain, in  0.291 seconds
Domain Reload Profiling: 494ms
	BeginReloadAssembly (130ms)
		ExecutionOrderSort (0ms)
		DisableScriptedObjects (5ms)
		BackupInstance (0ms)
		ReleaseScriptingObjects (0ms)
		CreateAndSetChildDomain (16ms)
	RebuildCommonClasses (31ms)
	RebuildNativeTypeToScriptingClass (9ms)
	initialDomainReloadingComplete (22ms)
	LoadAllAssembliesAndSetupDomain (10ms)
		LoadAssemblies (84ms)
		RebuildTransferFunctionScriptingTraits (0ms)
		AnalyzeDomain (7ms)
			TypeCache.Refresh (5ms)
				TypeCache.ScanAssembly (1ms)
			ScanForSourceGeneratedMonoScriptInfo (1ms)
			ResolveRequiredComponents (1ms)
	FinalizeReload (292ms)
		ReleaseScriptCaches (0ms)
		RebuildScriptCaches (0ms)
		SetupLoadedEditorAssemblies (172ms)
			LogAssemblyErrors (0ms)
			InitializePlatformSupportModulesInManaged (7ms)
			SetLoadedEditorAssemblies (6ms)
			RefreshPlugins (0ms)
			BeforeProcessingInitializeOnLoad (25ms)
			ProcessInitializeOnLoadAttributes (110ms)
			ProcessInitializeOnLoadMethodAttributes (17ms)
			AfterProcessingInitializeOnLoad (7ms)
			EditorAssembliesLoaded (0ms)
		ExecutionOrderSort2 (0ms)
		AwakeInstancesAfterBackupRestoration (6ms)
Refreshing native plugins compatible for Editor in 0.00 ms, found 0 plugins.
Preloading 0 native plugins for Editor in 0.00 ms.
Unloading 20 Unused Serialized files (Serialized files now loaded: 0)
Unloading 1 unused Assets / (22.7 KB). Loaded Objects now: 537.
Memory consumption went from 95.9 MB to 95.9 MB.
Total: 2.814800 ms (FindLiveObjects: 0.070200 ms CreateObjectMapping: 0.005100 ms MarkObjects: 2.716500 ms  DeleteObjects: 0.021600 ms)

Prepare: number of updated asset objects reloaded= 0
AssetImportParameters requested are different than current active one (requested -> active):
  custom:container-muxer-webm: aa71ff27fc2769a1b78a27578f13a17b -> 
  custom:scripting/monoscript/fileName/JPWater.cs: 197d7a51d4a61aac1a0b645c819e657d -> 
  custom:scripting/monoscript/fileName/ovi.cs: 978983d04a685c2d61191d179e13da1f -> 
  custom:video-encoder-webm-vp8: eb34c28f22e8b96e1ab97ce403110664 -> 
  custom:scripting/monoscript/fileName/ptera.cs: 61e1d317b712da062299c03b9a9f8282 -> 
  custom:audio-encoder-webm-vorbis: bf7c407c2cedff20999df2af8eb42d56 -> 
  custom:scripting/monoscript/fileName/dilo.cs: 3c9db1a6c2b03a17ae6a03848623096d -> 
  custom:scripting/monoscript/fileName/comp.cs: fda0003943b476b790ffb44d58d85382 -> 
  custom:container-demuxer-ogg: 62fdf1f143b41e24485cea50d1cbac27 -> 
  custom:video-decoder-webm-vp8: 9c59270c3fd7afecdb556c50c9e8de78 -> 
  custom:scripting/monoscript/fileName/para.cs: 50ff1e7338ddd96a339685334055c2cc -> 
  custom:audio-decoder-ogg-vorbis: bf7c407c2cedff20999df2af8eb42d56 -> 
  custom:AudioImporter_EditorPlatform: d09bf68614088b80899f8185d706f6e7 -> 
  custom:video-decoder-ogg-theora: a1e56fd34408186e4bbccfd4996cb3dc -> 
  custom:container-demuxer-webm: 4f35f7cbe854078d1ac9338744f61a02 -> 
  custom:scripting/monoscript/fileName/dime.cs: d81f62d40699d7bbf2074d0987b6e5b4 -> 
  custom:scripting/monoscript/fileName/anky.cs: d5cf5b3eab929cf2b853b84f2420fa2b -> 
  custom:scripting/monoscript/fileName/rap.cs: 7d88192879dd006b39ac28e47b27484b -> 
  custom:CustomObjectIndexerAttribute: 756ad292c208cfabdd7b50bc23989ffe -> 
  custom:scripting/monoscript/fileName/spino.cs: 7dfde6a661f604e8345401631a24390d -> 
  custom:framework-win-MediaFoundation: 216162199b28c13a410421893ffa2e32 -> 
  custom:SearchIndexIgnoredProperties: e643bd26f0fe6173181afceb89e7c659 -> 
  custom:scripting/monoscript/fileName/brach.cs: 51f1030383e851978416b82613bd0b96 -> 1b60268d47bd59147b218b43be6e1abb
  custom:scripting/monoscript/fileName/shared.cs: 9ba28fb7fc5a6aa2b2d4c593c919e641 -> f0c3dc3c068420536d4ff5772de0179e
  custom:scripting/monoscript/fileName/tric.cs: f0e64e9b06985a50592dfea5a8936d40 -> a57242556ce7739d71f8d12c6dcbf125
  custom:scripting/monoscript/fileName/steg.cs: 4305f2e15284687d0dde0cdbc724c273 -> 
  custom:scripting/monoscript/fileName/rex.cs: 722b0ceb0ff26ea526857704f1e3ca92 -> d718bebd91b41d737a7e1d9fcf6ab43d
========================================================================
Received Import Request.
  Time since last request: 235.958656 seconds.
  path: Assets/JurrasicAsset/Terrain.asset
  artifactKey: Guid(8009e39746305474e954b25522b6d696) Importer(815301076,1909f56bfc062723c751e8b465ee728b)
Start importing Assets/JurrasicAsset/Terrain.asset using Guid(8009e39746305474e954b25522b6d696) Importer(815301076,1909f56bfc062723c751e8b465ee728b)  -> (artifact id: 'd6db7a78969b843a5c2f11bbbb68a17e') in 0.137794 seconds
Number of updated asset objects reloaded before import = 0
Number of asset objects unloaded after import = 27
========================================================================
Received Import Request.
  Time since last request: 11.203283 seconds.
  path: Assets/JurrasicAsset/DinoDescription
  artifactKey: Guid(bf1d22e897f38624caa7c08c025bc065) Importer(815301076,1909f56bfc062723c751e8b465ee728b)
Start importing Assets/JurrasicAsset/DinoDescription using Guid(bf1d22e897f38624caa7c08c025bc065) Importer(815301076,1909f56bfc062723c751e8b465ee728b)  -> (artifact id: '0a4f367c4f6a75c0fa58773cde93fafb') in 0.000608 seconds
Number of updated asset objects reloaded before import = 0
Number of asset objects unloaded after import = 0
========================================================================
Received Prepare
Begin MonoManager ReloadAssembly
- Loaded All Assemblies, in  0.216 seconds
Refreshing native plugins compatible for Editor in 0.00 ms, found 0 plugins.
Native extension for WindowsStandalone target not found
Native extension for WebGL target not found
Mono: successfully reloaded assembly
- Finished resetting the current domain, in  0.286 seconds
Domain Reload Profiling: 501ms
	BeginReloadAssembly (137ms)
		ExecutionOrderSort (0ms)
		DisableScriptedObjects (4ms)
		BackupInstance (0ms)
		ReleaseScriptingObjects (0ms)
		CreateAndSetChildDomain (22ms)
	RebuildCommonClasses (34ms)
	RebuildNativeTypeToScriptingClass (12ms)
	initialDomainReloadingComplete (22ms)
	LoadAllAssembliesAndSetupDomain (8ms)
		LoadAssemblies (86ms)
		RebuildTransferFunctionScriptingTraits (0ms)
		AnalyzeDomain (6ms)
			TypeCache.Refresh (4ms)
				TypeCache.ScanAssembly (1ms)
			ScanForSourceGeneratedMonoScriptInfo (1ms)
			ResolveRequiredComponents (1ms)
	FinalizeReload (287ms)
		ReleaseScriptCaches (0ms)
		RebuildScriptCaches (0ms)
		SetupLoadedEditorAssemblies (178ms)
			LogAssemblyErrors (0ms)
			InitializePlatformSupportModulesInManaged (7ms)
			SetLoadedEditorAssemblies (5ms)
			RefreshPlugins (0ms)
			BeforeProcessingInitializeOnLoad (24ms)
			ProcessInitializeOnLoadAttributes (118ms)
			ProcessInitializeOnLoadMethodAttributes (17ms)
			AfterProcessingInitializeOnLoad (7ms)
			EditorAssembliesLoaded (0ms)
		ExecutionOrderSort2 (0ms)
		AwakeInstancesAfterBackupRestoration (6ms)
Refreshing native plugins compatible for Editor in 0.00 ms, found 0 plugins.
Preloading 0 native plugins for Editor in 0.00 ms.
Unloading 19 Unused Serialized files (Serialized files now loaded: 0)
Unloading 1 unused Assets / (22.7 KB). Loaded Objects now: 540.
Memory consumption went from 97.7 MB to 97.7 MB.
Total: 3.153600 ms (FindLiveObjects: 0.091300 ms CreateObjectMapping: 0.009200 ms MarkObjects: 3.029400 ms  DeleteObjects: 0.022700 ms)

Prepare: number of updated asset objects reloaded= 0
AssetImportParameters requested are different than current active one (requested -> active):
  custom:container-muxer-webm: aa71ff27fc2769a1b78a27578f13a17b -> 
  custom:scripting/monoscript/fileName/JPWater.cs: 197d7a51d4a61aac1a0b645c819e657d -> 
  custom:scripting/monoscript/fileName/ovi.cs: 978983d04a685c2d61191d179e13da1f -> 
  custom:video-encoder-webm-vp8: eb34c28f22e8b96e1ab97ce403110664 -> 
  custom:scripting/monoscript/fileName/ptera.cs: 61e1d317b712da062299c03b9a9f8282 -> 
  custom:audio-encoder-webm-vorbis: bf7c407c2cedff20999df2af8eb42d56 -> 
  custom:scripting/monoscript/fileName/dilo.cs: 3c9db1a6c2b03a17ae6a03848623096d -> 
  custom:scripting/monoscript/fileName/comp.cs: fda0003943b476b790ffb44d58d85382 -> 
  custom:container-demuxer-ogg: 62fdf1f143b41e24485cea50d1cbac27 -> 
  custom:video-decoder-webm-vp8: 9c59270c3fd7afecdb556c50c9e8de78 -> 
  custom:scripting/monoscript/fileName/para.cs: 50ff1e7338ddd96a339685334055c2cc -> 
  custom:audio-decoder-ogg-vorbis: bf7c407c2cedff20999df2af8eb42d56 -> 
  custom:AudioImporter_EditorPlatform: d09bf68614088b80899f8185d706f6e7 -> 
  custom:video-decoder-ogg-theora: a1e56fd34408186e4bbccfd4996cb3dc -> 
  custom:container-demuxer-webm: 4f35f7cbe854078d1ac9338744f61a02 -> 
  custom:scripting/monoscript/fileName/dime.cs: d81f62d40699d7bbf2074d0987b6e5b4 -> 
  custom:scripting/monoscript/fileName/anky.cs: d5cf5b3eab929cf2b853b84f2420fa2b -> 
  custom:scripting/monoscript/fileName/rap.cs: 7d88192879dd006b39ac28e47b27484b -> 
  custom:CustomObjectIndexerAttribute: 756ad292c208cfabdd7b50bc23989ffe -> 
  custom:scripting/monoscript/fileName/spino.cs: 7dfde6a661f604e8345401631a24390d -> 
  custom:framework-win-MediaFoundation: 216162199b28c13a410421893ffa2e32 -> 
  custom:SearchIndexIgnoredProperties: e643bd26f0fe6173181afceb89e7c659 -> 
  custom:scripting/monoscript/fileName/brach.cs: 51f1030383e851978416b82613bd0b96 -> 1b60268d47bd59147b218b43be6e1abb
  custom:scripting/monoscript/fileName/shared.cs: 9ba28fb7fc5a6aa2b2d4c593c919e641 -> f0c3dc3c068420536d4ff5772de0179e
  custom:scripting/monoscript/fileName/tric.cs: f0e64e9b06985a50592dfea5a8936d40 -> a57242556ce7739d71f8d12c6dcbf125
  custom:scripting/monoscript/fileName/steg.cs: 4305f2e15284687d0dde0cdbc724c273 -> 
  custom:scripting/monoscript/fileName/rex.cs: 722b0ceb0ff26ea526857704f1e3ca92 -> d718bebd91b41d737a7e1d9fcf6ab43d
========================================================================
Received Prepare
Begin MonoManager ReloadAssembly
- Loaded All Assemblies, in  0.197 seconds
Refreshing native plugins compatible for Editor in 0.00 ms, found 0 plugins.
Native extension for WindowsStandalone target not found
Native extension for WebGL target not found
Mono: successfully reloaded assembly
- Finished resetting the current domain, in  0.291 seconds
Domain Reload Profiling: 486ms
	BeginReloadAssembly (124ms)
		ExecutionOrderSort (0ms)
		DisableScriptedObjects (5ms)
		BackupInstance (0ms)
		ReleaseScriptingObjects (0ms)
		CreateAndSetChildDomain (16ms)
	RebuildCommonClasses (30ms)
	RebuildNativeTypeToScriptingClass (9ms)
	initialDomainReloadingComplete (23ms)
	LoadAllAssembliesAndSetupDomain (9ms)
		LoadAssemblies (79ms)
		RebuildTransferFunctionScriptingTraits (0ms)
		AnalyzeDomain (7ms)
			TypeCache.Refresh (5ms)
				TypeCache.ScanAssembly (1ms)
			ScanForSourceGeneratedMonoScriptInfo (1ms)
			ResolveRequiredComponents (1ms)
	FinalizeReload (291ms)
		ReleaseScriptCaches (0ms)
		RebuildScriptCaches (0ms)
		SetupLoadedEditorAssemblies (176ms)
			LogAssemblyErrors (0ms)
			InitializePlatformSupportModulesInManaged (7ms)
			SetLoadedEditorAssemblies (5ms)
			RefreshPlugins (0ms)
			BeforeProcessingInitializeOnLoad (25ms)
			ProcessInitializeOnLoadAttributes (107ms)
			ProcessInitializeOnLoadMethodAttributes (21ms)
			AfterProcessingInitializeOnLoad (11ms)
			EditorAssembliesLoaded (0ms)
		ExecutionOrderSort2 (0ms)
		AwakeInstancesAfterBackupRestoration (6ms)
Refreshing native plugins compatible for Editor in 0.00 ms, found 0 plugins.
Preloading 0 native plugins for Editor in 0.00 ms.
Unloading 20 Unused Serialized files (Serialized files now loaded: 0)
Unloading 1 unused Assets / (22.7 KB). Loaded Objects now: 540.
Memory consumption went from 99.9 MB to 99.9 MB.
Total: 2.226800 ms (FindLiveObjects: 0.058000 ms CreateObjectMapping: 0.005500 ms MarkObjects: 2.142800 ms  DeleteObjects: 0.019300 ms)

Prepare: number of updated asset objects reloaded= 0
AssetImportParameters requested are different than current active one (requested -> active):
  custom:container-muxer-webm: aa71ff27fc2769a1b78a27578f13a17b -> 
  custom:scripting/monoscript/fileName/JPWater.cs: 197d7a51d4a61aac1a0b645c819e657d -> 
  custom:scripting/monoscript/fileName/ovi.cs: 978983d04a685c2d61191d179e13da1f -> 
  custom:video-encoder-webm-vp8: eb34c28f22e8b96e1ab97ce403110664 -> 
  custom:scripting/monoscript/fileName/ptera.cs: 61e1d317b712da062299c03b9a9f8282 -> 
  custom:audio-encoder-webm-vorbis: bf7c407c2cedff20999df2af8eb42d56 -> 
  custom:scripting/monoscript/fileName/dilo.cs: 3c9db1a6c2b03a17ae6a03848623096d -> 
  custom:scripting/monoscript/fileName/comp.cs: fda0003943b476b790ffb44d58d85382 -> 
  custom:container-demuxer-ogg: 62fdf1f143b41e24485cea50d1cbac27 -> 
  custom:video-decoder-webm-vp8: 9c59270c3fd7afecdb556c50c9e8de78 -> 
  custom:scripting/monoscript/fileName/para.cs: 50ff1e7338ddd96a339685334055c2cc -> 
  custom:audio-decoder-ogg-vorbis: bf7c407c2cedff20999df2af8eb42d56 -> 
  custom:AudioImporter_EditorPlatform: d09bf68614088b80899f8185d706f6e7 -> 
  custom:video-decoder-ogg-theora: a1e56fd34408186e4bbccfd4996cb3dc -> 
  custom:container-demuxer-webm: 4f35f7cbe854078d1ac9338744f61a02 -> 
  custom:scripting/monoscript/fileName/dime.cs: d81f62d40699d7bbf2074d0987b6e5b4 -> 
  custom:scripting/monoscript/fileName/anky.cs: d5cf5b3eab929cf2b853b84f2420fa2b -> 
  custom:scripting/monoscript/fileName/rap.cs: 7d88192879dd006b39ac28e47b27484b -> 
  custom:CustomObjectIndexerAttribute: 756ad292c208cfabdd7b50bc23989ffe -> 
  custom:scripting/monoscript/fileName/spino.cs: 7dfde6a661f604e8345401631a24390d -> 
  custom:framework-win-MediaFoundation: 216162199b28c13a410421893ffa2e32 -> 
  custom:SearchIndexIgnoredProperties: e643bd26f0fe6173181afceb89e7c659 -> 
  custom:scripting/monoscript/fileName/brach.cs: 51f1030383e851978416b82613bd0b96 -> 1b60268d47bd59147b218b43be6e1abb
  custom:scripting/monoscript/fileName/shared.cs: 9ba28fb7fc5a6aa2b2d4c593c919e641 -> f0c3dc3c068420536d4ff5772de0179e
  custom:scripting/monoscript/fileName/tric.cs: f0e64e9b06985a50592dfea5a8936d40 -> a57242556ce7739d71f8d12c6dcbf125
  custom:scripting/monoscript/fileName/steg.cs: 4305f2e15284687d0dde0cdbc724c273 -> 
  custom:scripting/monoscript/fileName/rex.cs: 722b0ceb0ff26ea526857704f1e3ca92 -> d718bebd91b41d737a7e1d9fcf6ab43d
========================================================================
Received Import Request.
  Time since last request: 16.464899 seconds.
  path: Assets/JurrasicAsset/DinoDescription/DescriptionDisplayTri.cs
  artifactKey: Guid(8c89c11752a35d7438a4cf75cde80fb7) Importer(815301076,1909f56bfc062723c751e8b465ee728b)
Start importing Assets/JurrasicAsset/DinoDescription/DescriptionDisplayTri.cs using Guid(8c89c11752a35d7438a4cf75cde80fb7) Importer(815301076,1909f56bfc062723c751e8b465ee728b)  -> (artifact id: 'cecea9c6cfc9fd734ef98941bd39723b') in 0.009105 seconds
Number of updated asset objects reloaded before import = 0
Number of asset objects unloaded after import = 0
========================================================================
Received Import Request.
  Time since last request: 3.200249 seconds.
  path: Assets/JurrasicAsset/DinoDescription/DescriptionDisplayTri1.cs
  artifactKey: Guid(5d9814f7aef5bdb409be5ab99be9e82b) Importer(815301076,1909f56bfc062723c751e8b465ee728b)
Start importing Assets/JurrasicAsset/DinoDescription/DescriptionDisplayTri1.cs using Guid(5d9814f7aef5bdb409be5ab99be9e82b) Importer(815301076,1909f56bfc062723c751e8b465ee728b)  -> (artifact id: 'c948768a64be19f51e67673ea927cd2c') in 0.000524 seconds
Number of updated asset objects reloaded before import = 0
Number of asset objects unloaded after import = 0
========================================================================
Received Import Request.
  Time since last request: 0.372111 seconds.
  path: Assets/JurrasicAsset/DinoDescription/DescriptionDisplayTri2.cs
  artifactKey: Guid(08298cfc8c603764e97da0c65956cb64) Importer(815301076,1909f56bfc062723c751e8b465ee728b)
Start importing Assets/JurrasicAsset/DinoDescription/DescriptionDisplayTri2.cs using Guid(08298cfc8c603764e97da0c65956cb64) Importer(815301076,1909f56bfc062723c751e8b465ee728b)  -> (artifact id: 'abd677c70bde149ada0fdcb4da9088b9') in 0.000652 seconds
Number of updated asset objects reloaded before import = 0
Number of asset objects unloaded after import = 0
========================================================================
Received Import Request.
  Time since last request: 0.306561 seconds.
  path: Assets/JurrasicAsset/DinoDescription/DescriptionDisplayTri3.cs
  artifactKey: Guid(0077d928f72e653458646a02b8ad000b) Importer(815301076,1909f56bfc062723c751e8b465ee728b)
Start importing Assets/JurrasicAsset/DinoDescription/DescriptionDisplayTri3.cs using Guid(0077d928f72e653458646a02b8ad000b) Importer(815301076,1909f56bfc062723c751e8b465ee728b)  -> (artifact id: '9067e4dbb29cdccdc0d9aa71cb5cb527') in 0.000643 seconds
Number of updated asset objects reloaded before import = 0
Number of asset objects unloaded after import = 0
========================================================================
Received Import Request.
  Time since last request: 13.318132 seconds.
  path: Assets/JurrasicAsset/DinoDescription/DescriptionDisplayStega.cs
  artifactKey: Guid(5d9814f7aef5bdb409be5ab99be9e82b) Importer(815301076,1909f56bfc062723c751e8b465ee728b)
Start importing Assets/JurrasicAsset/DinoDescription/DescriptionDisplayStega.cs using Guid(5d9814f7aef5bdb409be5ab99be9e82b) Importer(815301076,1909f56bfc062723c751e8b465ee728b)  -> (artifact id: 'f643f15113d01719ba62f7ecb1e3ca2d') in 0.000532 seconds
Number of updated asset objects reloaded before import = 0
Number of asset objects unloaded after import = 0
========================================================================
Received Import Request.
  Time since last request: 27.795077 seconds.
  path: Assets/JurrasicAsset/DinoDescription/DescriptionDisplayTrex.cs
  artifactKey: Guid(08298cfc8c603764e97da0c65956cb64) Importer(815301076,1909f56bfc062723c751e8b465ee728b)
Start importing Assets/JurrasicAsset/DinoDescription/DescriptionDisplayTrex.cs using Guid(08298cfc8c603764e97da0c65956cb64) Importer(815301076,1909f56bfc062723c751e8b465ee728b)  -> (artifact id: '26316fc04bcae3ffa2f6e5c8bbaa143c') in 0.000558 seconds
Number of updated asset objects reloaded before import = 0
Number of asset objects unloaded after import = 0
========================================================================
Received Import Request.
  Time since last request: 19.238484 seconds.
  path: Assets/JurrasicAsset/DinoDescription/DescriptionDisplayBrach.cs
  artifactKey: Guid(8c89c11752a35d7438a4cf75cde80fb7) Importer(815301076,1909f56bfc062723c751e8b465ee728b)
Start importing Assets/JurrasicAsset/DinoDescription/DescriptionDisplayBrach.cs using Guid(8c89c11752a35d7438a4cf75cde80fb7) Importer(815301076,1909f56bfc062723c751e8b465ee728b)  -> (artifact id: '1b5f8bae69dee05466b4ecd31e057dfc') in 0.000520 seconds
Number of updated asset objects reloaded before import = 0
Number of asset objects unloaded after import = 0
========================================================================
Received Import Request.
  Time since last request: 2.714304 seconds.
  path: Assets/JurrasicAsset/DinoDescription/DescriptionDisplayBrach1.cs
  artifactKey: Guid(c3b327bf24c58a64ca268db74227a5e5) Importer(815301076,1909f56bfc062723c751e8b465ee728b)
Start importing Assets/JurrasicAsset/DinoDescription/DescriptionDisplayBrach1.cs using Guid(c3b327bf24c58a64ca268db74227a5e5) Importer(815301076,1909f56bfc062723c751e8b465ee728b)  -> (artifact id: '9bc25729e8fe818e6b1b744feb98f2ad') in 0.000567 seconds
Number of updated asset objects reloaded before import = 0
Number of asset objects unloaded after import = 0
========================================================================
Received Import Request.
  Time since last request: 25.837395 seconds.
  path: Assets/JurrasicAsset/DinoDescription/DescriptionDisplayPachy.cs
  artifactKey: Guid(c3b327bf24c58a64ca268db74227a5e5) Importer(815301076,1909f56bfc062723c751e8b465ee728b)
Start importing Assets/JurrasicAsset/DinoDescription/DescriptionDisplayPachy.cs using Guid(c3b327bf24c58a64ca268db74227a5e5) Importer(815301076,1909f56bfc062723c751e8b465ee728b)  -> (artifact id: 'f228624dbec9d48ba03f88f18c4e4c1a') in 0.000492 seconds
Number of updated asset objects reloaded before import = 0
Number of asset objects unloaded after import = 0
========================================================================
Received Import Request.
  Time since last request: 1.664207 seconds.
  path: Assets/JurrasicAsset/DinoDescription/DescriptionDisplay.cs
  artifactKey: Guid(508b1aca9b536634d8d65167f719227e) Importer(815301076,1909f56bfc062723c751e8b465ee728b)
Start importing Assets/JurrasicAsset/DinoDescription/DescriptionDisplay.cs using Guid(508b1aca9b536634d8d65167f719227e) Importer(815301076,1909f56bfc062723c751e8b465ee728b)  -> (artifact id: '485798112ca46aec6eef7c44eff7a4d3') in 0.000582 seconds
Number of updated asset objects reloaded before import = 0
Number of asset objects unloaded after import = 0
========================================================================
Received Import Request.
  Time since last request: 1.310679 seconds.
  path: Assets/JurrasicAsset/DinoDescription/Brac.cs
  artifactKey: Guid(0077d928f72e653458646a02b8ad000b) Importer(815301076,1909f56bfc062723c751e8b465ee728b)
Start importing Assets/JurrasicAsset/DinoDescription/Brac.cs using Guid(0077d928f72e653458646a02b8ad000b) Importer(815301076,1909f56bfc062723c751e8b465ee728b)  -> (artifact id: '5457f17fecdbd0b5a30ab39215d9eb15') in 0.000512 seconds
Number of updated asset objects reloaded before import = 0
Number of asset objects unloaded after import = 0
========================================================================
Received Import Request.
  Time since last request: 21.747376 seconds.
  path: Assets/JurrasicAsset/DinoDescription/DescriptionDisplayTri.cs
  artifactKey: Guid(0077d928f72e653458646a02b8ad000b) Importer(815301076,1909f56bfc062723c751e8b465ee728b)
Start importing Assets/JurrasicAsset/DinoDescription/DescriptionDisplayTri.cs using Guid(0077d928f72e653458646a02b8ad000b) Importer(815301076,1909f56bfc062723c751e8b465ee728b)  -> (artifact id: '6e1c9891b6acdafb91a7d61f257fd7d8') in 0.000578 seconds
Number of updated asset objects reloaded before import = 0
Number of asset objects unloaded after import = 0
========================================================================
Received Import Request.
  Time since last request: 77.931979 seconds.
  path: Assets/JurrasicAsset/DinoDescription/DescriptionDisplayBrach.cs
  artifactKey: Guid(8c89c11752a35d7438a4cf75cde80fb7) Importer(815301076,1909f56bfc062723c751e8b465ee728b)
Start importing Assets/JurrasicAsset/DinoDescription/DescriptionDisplayBrach.cs using Guid(8c89c11752a35d7438a4cf75cde80fb7) Importer(815301076,1909f56bfc062723c751e8b465ee728b)  -> (artifact id: 'b214140e90ba59d3e0e9e6aa21ca5d7e') in 0.000612 seconds
Number of updated asset objects reloaded before import = 0
Number of asset objects unloaded after import = 0
========================================================================
Received Import Request.
  Time since last request: 82.814984 seconds.
  path: Assets/JurrasicAsset/DinoDescription/DescriptionDisplayPachy.cs
  artifactKey: Guid(c3b327bf24c58a64ca268db74227a5e5) Importer(815301076,1909f56bfc062723c751e8b465ee728b)
Start importing Assets/JurrasicAsset/DinoDescription/DescriptionDisplayPachy.cs using Guid(c3b327bf24c58a64ca268db74227a5e5) Importer(815301076,1909f56bfc062723c751e8b465ee728b)  -> (artifact id: 'f218b31bd1cdb7d639d15216d7d88789') in 0.000619 seconds
Number of updated asset objects reloaded before import = 0
Number of asset objects unloaded after import = 0
========================================================================
Received Import Request.
  Time since last request: 70.458088 seconds.
  path: Assets/JurrasicAsset/DinoDescription/DescriptionDisplayStega.cs
  artifactKey: Guid(5d9814f7aef5bdb409be5ab99be9e82b) Importer(815301076,1909f56bfc062723c751e8b465ee728b)
Start importing Assets/JurrasicAsset/DinoDescription/DescriptionDisplayStega.cs using Guid(5d9814f7aef5bdb409be5ab99be9e82b) Importer(815301076,1909f56bfc062723c751e8b465ee728b)  -> (artifact id: '2f4fbbc1b806fa3c5537ab33d2e4a8ea') in 0.001088 seconds
Number of updated asset objects reloaded before import = 0
Number of asset objects unloaded after import = 0
========================================================================
Received Prepare
Begin MonoManager ReloadAssembly
- Loaded All Assemblies, in  0.205 seconds
Refreshing native plugins compatible for Editor in 0.00 ms, found 0 plugins.
Native extension for WindowsStandalone target not found
Native extension for WebGL target not found
Mono: successfully reloaded assembly
- Finished resetting the current domain, in  0.286 seconds
Domain Reload Profiling: 489ms
	BeginReloadAssembly (133ms)
		ExecutionOrderSort (0ms)
		DisableScriptedObjects (5ms)
		BackupInstance (0ms)
		ReleaseScriptingObjects (0ms)
		CreateAndSetChildDomain (21ms)
	RebuildCommonClasses (29ms)
	RebuildNativeTypeToScriptingClass (9ms)
	initialDomainReloadingComplete (24ms)
	LoadAllAssembliesAndSetupDomain (10ms)
		LoadAssemblies (83ms)
		RebuildTransferFunctionScriptingTraits (0ms)
		AnalyzeDomain (7ms)
			TypeCache.Refresh (5ms)
				TypeCache.ScanAssembly (0ms)
			ScanForSourceGeneratedMonoScriptInfo (1ms)
			ResolveRequiredComponents (1ms)
	FinalizeReload (286ms)
		ReleaseScriptCaches (0ms)
		RebuildScriptCaches (0ms)
		SetupLoadedEditorAssemblies (173ms)
			LogAssemblyErrors (0ms)
			InitializePlatformSupportModulesInManaged (7ms)
			SetLoadedEditorAssemblies (6ms)
			RefreshPlugins (0ms)
			BeforeProcessingInitializeOnLoad (25ms)
			ProcessInitializeOnLoadAttributes (109ms)
			ProcessInitializeOnLoadMethodAttributes (18ms)
			AfterProcessingInitializeOnLoad (7ms)
			EditorAssembliesLoaded (0ms)
		ExecutionOrderSort2 (0ms)
		AwakeInstancesAfterBackupRestoration (6ms)
Refreshing native plugins compatible for Editor in 0.00 ms, found 0 plugins.
Preloading 0 native plugins for Editor in 0.00 ms.
Unloading 23 Unused Serialized files (Serialized files now loaded: 0)
Unloading 1 unused Assets / (22.7 KB). Loaded Objects now: 544.
Memory consumption went from 101.6 MB to 101.6 MB.
Total: 2.206200 ms (FindLiveObjects: 0.071700 ms CreateObjectMapping: 0.004500 ms MarkObjects: 2.107600 ms  DeleteObjects: 0.021600 ms)

Prepare: number of updated asset objects reloaded= 0
AssetImportParameters requested are different than current active one (requested -> active):
  custom:container-muxer-webm: aa71ff27fc2769a1b78a27578f13a17b -> 
  custom:scripting/monoscript/fileName/JPWater.cs: 197d7a51d4a61aac1a0b645c819e657d -> 
  custom:scripting/monoscript/fileName/ovi.cs: 978983d04a685c2d61191d179e13da1f -> 
  custom:video-encoder-webm-vp8: eb34c28f22e8b96e1ab97ce403110664 -> 
  custom:scripting/monoscript/fileName/ptera.cs: 61e1d317b712da062299c03b9a9f8282 -> 
  custom:audio-encoder-webm-vorbis: bf7c407c2cedff20999df2af8eb42d56 -> 
  custom:scripting/monoscript/fileName/dilo.cs: 3c9db1a6c2b03a17ae6a03848623096d -> 
  custom:scripting/monoscript/fileName/comp.cs: fda0003943b476b790ffb44d58d85382 -> 
  custom:container-demuxer-ogg: 62fdf1f143b41e24485cea50d1cbac27 -> 
  custom:video-decoder-webm-vp8: 9c59270c3fd7afecdb556c50c9e8de78 -> 
  custom:scripting/monoscript/fileName/para.cs: 50ff1e7338ddd96a339685334055c2cc -> 
  custom:audio-decoder-ogg-vorbis: bf7c407c2cedff20999df2af8eb42d56 -> 
  custom:AudioImporter_EditorPlatform: d09bf68614088b80899f8185d706f6e7 -> 
  custom:video-decoder-ogg-theora: a1e56fd34408186e4bbccfd4996cb3dc -> 
  custom:container-demuxer-webm: 4f35f7cbe854078d1ac9338744f61a02 -> 
  custom:scripting/monoscript/fileName/dime.cs: d81f62d40699d7bbf2074d0987b6e5b4 -> 
  custom:scripting/monoscript/fileName/anky.cs: d5cf5b3eab929cf2b853b84f2420fa2b -> 
  custom:scripting/monoscript/fileName/rap.cs: 7d88192879dd006b39ac28e47b27484b -> 
  custom:CustomObjectIndexerAttribute: 756ad292c208cfabdd7b50bc23989ffe -> 
  custom:scripting/monoscript/fileName/spino.cs: 7dfde6a661f604e8345401631a24390d -> 
  custom:framework-win-MediaFoundation: 216162199b28c13a410421893ffa2e32 -> 
  custom:SearchIndexIgnoredProperties: e643bd26f0fe6173181afceb89e7c659 -> 
  custom:scripting/monoscript/fileName/brach.cs: 51f1030383e851978416b82613bd0b96 -> 1b60268d47bd59147b218b43be6e1abb
  custom:scripting/monoscript/fileName/shared.cs: 9ba28fb7fc5a6aa2b2d4c593c919e641 -> f0c3dc3c068420536d4ff5772de0179e
  custom:scripting/monoscript/fileName/tric.cs: f0e64e9b06985a50592dfea5a8936d40 -> a57242556ce7739d71f8d12c6dcbf125
  custom:scripting/monoscript/fileName/steg.cs: 4305f2e15284687d0dde0cdbc724c273 -> 
  custom:scripting/monoscript/fileName/rex.cs: 722b0ceb0ff26ea526857704f1e3ca92 -> d718bebd91b41d737a7e1d9fcf6ab43d
========================================================================
Received Import Request.
  Time since last request: 87.560439 seconds.
  path: Assets/JurrasicAsset/DinoDescription/DescriptionDisplayStega.cs
  artifactKey: Guid(5d9814f7aef5bdb409be5ab99be9e82b) Importer(815301076,1909f56bfc062723c751e8b465ee728b)
Start importing Assets/JurrasicAsset/DinoDescription/DescriptionDisplayStega.cs using Guid(5d9814f7aef5bdb409be5ab99be9e82b) Importer(815301076,1909f56bfc062723c751e8b465ee728b)  -> (artifact id: '20ee1343ee8166fc93b72c2a04d743ab') in 0.005936 seconds
Number of updated asset objects reloaded before import = 0
Number of asset objects unloaded after import = 0
========================================================================
Received Import Request.
  Time since last request: 9.690118 seconds.
  path: Assets/JurrasicAsset/DinoDescription/DescriptionDisplayPachy.cs
  artifactKey: Guid(c3b327bf24c58a64ca268db74227a5e5) Importer(815301076,1909f56bfc062723c751e8b465ee728b)
Start importing Assets/JurrasicAsset/DinoDescription/DescriptionDisplayPachy.cs using Guid(c3b327bf24c58a64ca268db74227a5e5) Importer(815301076,1909f56bfc062723c751e8b465ee728b)  -> (artifact id: '6815eaf7c5823683fdd7f3d104fed6f7') in 0.000527 seconds
Number of updated asset objects reloaded before import = 0
Number of asset objects unloaded after import = 0
========================================================================
Received Import Request.
  Time since last request: 5.757226 seconds.
  path: Assets/JurrasicAsset/DinoDescription/DescriptionDisplayBrach.cs
  artifactKey: Guid(8c89c11752a35d7438a4cf75cde80fb7) Importer(815301076,1909f56bfc062723c751e8b465ee728b)
Start importing Assets/JurrasicAsset/DinoDescription/DescriptionDisplayBrach.cs using Guid(8c89c11752a35d7438a4cf75cde80fb7) Importer(815301076,1909f56bfc062723c751e8b465ee728b)  -> (artifact id: 'f4b367591e85092275cd21935ba44b7c') in 0.000724 seconds
Number of updated asset objects reloaded before import = 0
Number of asset objects unloaded after import = 0
========================================================================
Received Prepare
Begin MonoManager ReloadAssembly
- Loaded All Assemblies, in  0.202 seconds
Refreshing native plugins compatible for Editor in 0.00 ms, found 0 plugins.
Native extension for WindowsStandalone target not found
Native extension for WebGL target not found
Mono: successfully reloaded assembly
- Finished resetting the current domain, in  0.275 seconds
Domain Reload Profiling: 476ms
	BeginReloadAssembly (128ms)
		ExecutionOrderSort (0ms)
		DisableScriptedObjects (5ms)
		BackupInstance (0ms)
		ReleaseScriptingObjects (0ms)
		CreateAndSetChildDomain (17ms)
	RebuildCommonClasses (32ms)
	RebuildNativeTypeToScriptingClass (9ms)
	initialDomainReloadingComplete (25ms)
	LoadAllAssembliesAndSetupDomain (7ms)
		LoadAssemblies (82ms)
		RebuildTransferFunctionScriptingTraits (0ms)
		AnalyzeDomain (4ms)
			TypeCache.Refresh (3ms)
				TypeCache.ScanAssembly (0ms)
			ScanForSourceGeneratedMonoScriptInfo (0ms)
			ResolveRequiredComponents (1ms)
	FinalizeReload (275ms)
		ReleaseScriptCaches (0ms)
		RebuildScriptCaches (0ms)
		SetupLoadedEditorAssemblies (165ms)
			LogAssemblyErrors (0ms)
			InitializePlatformSupportModulesInManaged (6ms)
			SetLoadedEditorAssemblies (5ms)
			RefreshPlugins (0ms)
			BeforeProcessingInitializeOnLoad (23ms)
			ProcessInitializeOnLoadAttributes (105ms)
			ProcessInitializeOnLoadMethodAttributes (18ms)
			AfterProcessingInitializeOnLoad (7ms)
			EditorAssembliesLoaded (0ms)
		ExecutionOrderSort2 (0ms)
		AwakeInstancesAfterBackupRestoration (6ms)
Refreshing native plugins compatible for Editor in 0.00 ms, found 0 plugins.
Preloading 0 native plugins for Editor in 0.00 ms.
Unloading 23 Unused Serialized files (Serialized files now loaded: 0)
Unloading 1 unused Assets / (22.7 KB). Loaded Objects now: 544.
Memory consumption went from 103.6 MB to 103.5 MB.
Total: 2.166000 ms (FindLiveObjects: 0.042900 ms CreateObjectMapping: 0.003800 ms MarkObjects: 2.100500 ms  DeleteObjects: 0.018100 ms)

Prepare: number of updated asset objects reloaded= 0
AssetImportParameters requested are different than current active one (requested -> active):
  custom:container-muxer-webm: aa71ff27fc2769a1b78a27578f13a17b -> 
  custom:scripting/monoscript/fileName/JPWater.cs: 197d7a51d4a61aac1a0b645c819e657d -> 
  custom:scripting/monoscript/fileName/ovi.cs: 978983d04a685c2d61191d179e13da1f -> 
  custom:video-encoder-webm-vp8: eb34c28f22e8b96e1ab97ce403110664 -> 
  custom:scripting/monoscript/fileName/ptera.cs: 61e1d317b712da062299c03b9a9f8282 -> 
  custom:audio-encoder-webm-vorbis: bf7c407c2cedff20999df2af8eb42d56 -> 
  custom:scripting/monoscript/fileName/dilo.cs: 3c9db1a6c2b03a17ae6a03848623096d -> 
  custom:scripting/monoscript/fileName/comp.cs: fda0003943b476b790ffb44d58d85382 -> 
  custom:container-demuxer-ogg: 62fdf1f143b41e24485cea50d1cbac27 -> 
  custom:video-decoder-webm-vp8: 9c59270c3fd7afecdb556c50c9e8de78 -> 
  custom:scripting/monoscript/fileName/para.cs: 50ff1e7338ddd96a339685334055c2cc -> 
  custom:audio-decoder-ogg-vorbis: bf7c407c2cedff20999df2af8eb42d56 -> 
  custom:AudioImporter_EditorPlatform: d09bf68614088b80899f8185d706f6e7 -> 
  custom:video-decoder-ogg-theora: a1e56fd34408186e4bbccfd4996cb3dc -> 
  custom:container-demuxer-webm: 4f35f7cbe854078d1ac9338744f61a02 -> 
  custom:scripting/monoscript/fileName/dime.cs: d81f62d40699d7bbf2074d0987b6e5b4 -> 
  custom:scripting/monoscript/fileName/anky.cs: d5cf5b3eab929cf2b853b84f2420fa2b -> 
  custom:scripting/monoscript/fileName/rap.cs: 7d88192879dd006b39ac28e47b27484b -> 
  custom:CustomObjectIndexerAttribute: 756ad292c208cfabdd7b50bc23989ffe -> 
  custom:scripting/monoscript/fileName/spino.cs: 7dfde6a661f604e8345401631a24390d -> 
  custom:framework-win-MediaFoundation: 216162199b28c13a410421893ffa2e32 -> 
  custom:SearchIndexIgnoredProperties: e643bd26f0fe6173181afceb89e7c659 -> 
  custom:scripting/monoscript/fileName/brach.cs: 51f1030383e851978416b82613bd0b96 -> 1b60268d47bd59147b218b43be6e1abb
  custom:scripting/monoscript/fileName/shared.cs: 9ba28fb7fc5a6aa2b2d4c593c919e641 -> f0c3dc3c068420536d4ff5772de0179e
  custom:scripting/monoscript/fileName/tric.cs: f0e64e9b06985a50592dfea5a8936d40 -> a57242556ce7739d71f8d12c6dcbf125
  custom:scripting/monoscript/fileName/steg.cs: 4305f2e15284687d0dde0cdbc724c273 -> 
  custom:scripting/monoscript/fileName/rex.cs: 722b0ceb0ff26ea526857704f1e3ca92 -> d718bebd91b41d737a7e1d9fcf6ab43d
========================================================================
Received Prepare
Begin MonoManager ReloadAssembly
- Loaded All Assemblies, in  0.197 seconds
Refreshing native plugins compatible for Editor in 0.00 ms, found 0 plugins.
Native extension for WindowsStandalone target not found
Native extension for WebGL target not found
Mono: successfully reloaded assembly
- Finished resetting the current domain, in  0.282 seconds
Domain Reload Profiling: 477ms
	BeginReloadAssembly (123ms)
		ExecutionOrderSort (0ms)
		DisableScriptedObjects (5ms)
		BackupInstance (0ms)
		ReleaseScriptingObjects (0ms)
		CreateAndSetChildDomain (15ms)
	RebuildCommonClasses (31ms)
	RebuildNativeTypeToScriptingClass (9ms)
	initialDomainReloadingComplete (25ms)
	LoadAllAssembliesAndSetupDomain (7ms)
		LoadAssemblies (78ms)
		RebuildTransferFunctionScriptingTraits (0ms)
		AnalyzeDomain (5ms)
			TypeCache.Refresh (3ms)
				TypeCache.ScanAssembly (0ms)
			ScanForSourceGeneratedMonoScriptInfo (0ms)
			ResolveRequiredComponents (1ms)
	FinalizeReload (282ms)
		ReleaseScriptCaches (0ms)
		RebuildScriptCaches (0ms)
		SetupLoadedEditorAssemblies (170ms)
			LogAssemblyErrors (0ms)
			InitializePlatformSupportModulesInManaged (7ms)
			SetLoadedEditorAssemblies (6ms)
			RefreshPlugins (0ms)
			BeforeProcessingInitializeOnLoad (26ms)
			ProcessInitializeOnLoadAttributes (107ms)
			ProcessInitializeOnLoadMethodAttributes (17ms)
			AfterProcessingInitializeOnLoad (7ms)
			EditorAssembliesLoaded (0ms)
		ExecutionOrderSort2 (0ms)
		AwakeInstancesAfterBackupRestoration (6ms)
Refreshing native plugins compatible for Editor in 0.00 ms, found 0 plugins.
Preloading 0 native plugins for Editor in 0.00 ms.
Unloading 24 Unused Serialized files (Serialized files now loaded: 0)
Unloading 1 unused Assets / (22.7 KB). Loaded Objects now: 544.
Memory consumption went from 105.8 MB to 105.7 MB.
Total: 2.176500 ms (FindLiveObjects: 0.041100 ms CreateObjectMapping: 0.004500 ms MarkObjects: 2.110200 ms  DeleteObjects: 0.019900 ms)

Prepare: number of updated asset objects reloaded= 0
AssetImportParameters requested are different than current active one (requested -> active):
  custom:container-muxer-webm: aa71ff27fc2769a1b78a27578f13a17b -> 
  custom:scripting/monoscript/fileName/JPWater.cs: 197d7a51d4a61aac1a0b645c819e657d -> 
  custom:scripting/monoscript/fileName/ovi.cs: 978983d04a685c2d61191d179e13da1f -> 
  custom:video-encoder-webm-vp8: eb34c28f22e8b96e1ab97ce403110664 -> 
  custom:scripting/monoscript/fileName/ptera.cs: 61e1d317b712da062299c03b9a9f8282 -> 
  custom:audio-encoder-webm-vorbis: bf7c407c2cedff20999df2af8eb42d56 -> 
  custom:scripting/monoscript/fileName/dilo.cs: 3c9db1a6c2b03a17ae6a03848623096d -> 
  custom:scripting/monoscript/fileName/comp.cs: fda0003943b476b790ffb44d58d85382 -> 
  custom:container-demuxer-ogg: 62fdf1f143b41e24485cea50d1cbac27 -> 
  custom:video-decoder-webm-vp8: 9c59270c3fd7afecdb556c50c9e8de78 -> 
  custom:scripting/monoscript/fileName/para.cs: 50ff1e7338ddd96a339685334055c2cc -> 
  custom:audio-decoder-ogg-vorbis: bf7c407c2cedff20999df2af8eb42d56 -> 
  custom:AudioImporter_EditorPlatform: d09bf68614088b80899f8185d706f6e7 -> 
  custom:video-decoder-ogg-theora: a1e56fd34408186e4bbccfd4996cb3dc -> 
  custom:container-demuxer-webm: 4f35f7cbe854078d1ac9338744f61a02 -> 
  custom:scripting/monoscript/fileName/dime.cs: d81f62d40699d7bbf2074d0987b6e5b4 -> 
  custom:scripting/monoscript/fileName/anky.cs: d5cf5b3eab929cf2b853b84f2420fa2b -> 
  custom:scripting/monoscript/fileName/rap.cs: 7d88192879dd006b39ac28e47b27484b -> 
  custom:CustomObjectIndexerAttribute: 756ad292c208cfabdd7b50bc23989ffe -> 
  custom:scripting/monoscript/fileName/spino.cs: 7dfde6a661f604e8345401631a24390d -> 
  custom:framework-win-MediaFoundation: 216162199b28c13a410421893ffa2e32 -> 
  custom:SearchIndexIgnoredProperties: e643bd26f0fe6173181afceb89e7c659 -> 
  custom:scripting/monoscript/fileName/brach.cs: 51f1030383e851978416b82613bd0b96 -> 1b60268d47bd59147b218b43be6e1abb
  custom:scripting/monoscript/fileName/shared.cs: 9ba28fb7fc5a6aa2b2d4c593c919e641 -> f0c3dc3c068420536d4ff5772de0179e
  custom:scripting/monoscript/fileName/tric.cs: f0e64e9b06985a50592dfea5a8936d40 -> a57242556ce7739d71f8d12c6dcbf125
  custom:scripting/monoscript/fileName/steg.cs: 4305f2e15284687d0dde0cdbc724c273 -> 
  custom:scripting/monoscript/fileName/rex.cs: 722b0ceb0ff26ea526857704f1e3ca92 -> d718bebd91b41d737a7e1d9fcf6ab43d
========================================================================
Received Prepare
Begin MonoManager ReloadAssembly
- Loaded All Assemblies, in  0.196 seconds
Refreshing native plugins compatible for Editor in 0.00 ms, found 0 plugins.
Native extension for WindowsStandalone target not found
Native extension for WebGL target not found
Mono: successfully reloaded assembly
- Finished resetting the current domain, in  0.270 seconds
Domain Reload Profiling: 465ms
	BeginReloadAssembly (128ms)
		ExecutionOrderSort (0ms)
		DisableScriptedObjects (5ms)
		BackupInstance (0ms)
		ReleaseScriptingObjects (0ms)
		CreateAndSetChildDomain (18ms)
	RebuildCommonClasses (29ms)
	RebuildNativeTypeToScriptingClass (9ms)
	initialDomainReloadingComplete (22ms)
	LoadAllAssembliesAndSetupDomain (6ms)
		LoadAssemblies (81ms)
		RebuildTransferFunctionScriptingTraits (0ms)
		AnalyzeDomain (4ms)
			TypeCache.Refresh (2ms)
				TypeCache.ScanAssembly (0ms)
			ScanForSourceGeneratedMonoScriptInfo (0ms)
			ResolveRequiredComponents (1ms)
	FinalizeReload (271ms)
		ReleaseScriptCaches (0ms)
		RebuildScriptCaches (0ms)
		SetupLoadedEditorAssemblies (166ms)
			LogAssemblyErrors (0ms)
			InitializePlatformSupportModulesInManaged (7ms)
			SetLoadedEditorAssemblies (5ms)
			RefreshPlugins (0ms)
			BeforeProcessingInitializeOnLoad (24ms)
			ProcessInitializeOnLoadAttributes (106ms)
			ProcessInitializeOnLoadMethodAttributes (17ms)
			AfterProcessingInitializeOnLoad (7ms)
			EditorAssembliesLoaded (0ms)
		ExecutionOrderSort2 (0ms)
		AwakeInstancesAfterBackupRestoration (6ms)
Refreshing native plugins compatible for Editor in 0.00 ms, found 0 plugins.
Preloading 0 native plugins for Editor in 0.00 ms.
Unloading 24 Unused Serialized files (Serialized files now loaded: 0)
Unloading 1 unused Assets / (22.7 KB). Loaded Objects now: 544.
Memory consumption went from 107.7 MB to 107.7 MB.
Total: 2.358200 ms (FindLiveObjects: 0.044100 ms CreateObjectMapping: 0.004400 ms MarkObjects: 2.288100 ms  DeleteObjects: 0.020200 ms)

Prepare: number of updated asset objects reloaded= 0
AssetImportParameters requested are different than current active one (requested -> active):
  custom:container-muxer-webm: aa71ff27fc2769a1b78a27578f13a17b -> 
  custom:scripting/monoscript/fileName/JPWater.cs: 197d7a51d4a61aac1a0b645c819e657d -> 
  custom:scripting/monoscript/fileName/ovi.cs: 978983d04a685c2d61191d179e13da1f -> 
  custom:video-encoder-webm-vp8: eb34c28f22e8b96e1ab97ce403110664 -> 
  custom:scripting/monoscript/fileName/ptera.cs: 61e1d317b712da062299c03b9a9f8282 -> 
  custom:audio-encoder-webm-vorbis: bf7c407c2cedff20999df2af8eb42d56 -> 
  custom:scripting/monoscript/fileName/dilo.cs: 3c9db1a6c2b03a17ae6a03848623096d -> 
  custom:scripting/monoscript/fileName/comp.cs: fda0003943b476b790ffb44d58d85382 -> 
  custom:container-demuxer-ogg: 62fdf1f143b41e24485cea50d1cbac27 -> 
  custom:video-decoder-webm-vp8: 9c59270c3fd7afecdb556c50c9e8de78 -> 
  custom:scripting/monoscript/fileName/para.cs: 50ff1e7338ddd96a339685334055c2cc -> 
  custom:audio-decoder-ogg-vorbis: bf7c407c2cedff20999df2af8eb42d56 -> 
  custom:AudioImporter_EditorPlatform: d09bf68614088b80899f8185d706f6e7 -> 
  custom:video-decoder-ogg-theora: a1e56fd34408186e4bbccfd4996cb3dc -> 
  custom:container-demuxer-webm: 4f35f7cbe854078d1ac9338744f61a02 -> 
  custom:scripting/monoscript/fileName/dime.cs: d81f62d40699d7bbf2074d0987b6e5b4 -> 
  custom:scripting/monoscript/fileName/anky.cs: d5cf5b3eab929cf2b853b84f2420fa2b -> 
  custom:scripting/monoscript/fileName/rap.cs: 7d88192879dd006b39ac28e47b27484b -> 
  custom:CustomObjectIndexerAttribute: 756ad292c208cfabdd7b50bc23989ffe -> 
  custom:scripting/monoscript/fileName/spino.cs: 7dfde6a661f604e8345401631a24390d -> 
  custom:framework-win-MediaFoundation: 216162199b28c13a410421893ffa2e32 -> 
  custom:SearchIndexIgnoredProperties: e643bd26f0fe6173181afceb89e7c659 -> 
  custom:scripting/monoscript/fileName/brach.cs: 51f1030383e851978416b82613bd0b96 -> 1b60268d47bd59147b218b43be6e1abb
  custom:scripting/monoscript/fileName/shared.cs: 9ba28fb7fc5a6aa2b2d4c593c919e641 -> f0c3dc3c068420536d4ff5772de0179e
  custom:scripting/monoscript/fileName/tric.cs: f0e64e9b06985a50592dfea5a8936d40 -> a57242556ce7739d71f8d12c6dcbf125
  custom:scripting/monoscript/fileName/steg.cs: 4305f2e15284687d0dde0cdbc724c273 -> 
  custom:scripting/monoscript/fileName/rex.cs: 722b0ceb0ff26ea526857704f1e3ca92 -> d718bebd91b41d737a7e1d9fcf6ab43d
========================================================================
Received Prepare
Begin MonoManager ReloadAssembly
- Loaded All Assemblies, in  0.196 seconds
Refreshing native plugins compatible for Editor in 0.00 ms, found 0 plugins.
Native extension for WindowsStandalone target not found
Native extension for WebGL target not found
Mono: successfully reloaded assembly
- Finished resetting the current domain, in  0.290 seconds
Domain Reload Profiling: 485ms
	BeginReloadAssembly (131ms)
		ExecutionOrderSort (0ms)
		DisableScriptedObjects (5ms)
		BackupInstance (0ms)
		ReleaseScriptingObjects (0ms)
		CreateAndSetChildDomain (16ms)
	RebuildCommonClasses (27ms)
	RebuildNativeTypeToScriptingClass (8ms)
	initialDomainReloadingComplete (22ms)
	LoadAllAssembliesAndSetupDomain (6ms)
		LoadAssemblies (87ms)
		RebuildTransferFunctionScriptingTraits (0ms)
		AnalyzeDomain (4ms)
			TypeCache.Refresh (2ms)
				TypeCache.ScanAssembly (0ms)
			ScanForSourceGeneratedMonoScriptInfo (0ms)
			ResolveRequiredComponents (1ms)
	FinalizeReload (291ms)
		ReleaseScriptCaches (0ms)
		RebuildScriptCaches (0ms)
		SetupLoadedEditorAssemblies (173ms)
			LogAssemblyErrors (0ms)
			InitializePlatformSupportModulesInManaged (7ms)
			SetLoadedEditorAssemblies (5ms)
			RefreshPlugins (0ms)
			BeforeProcessingInitializeOnLoad (24ms)
			ProcessInitializeOnLoadAttributes (114ms)
			ProcessInitializeOnLoadMethodAttributes (17ms)
			AfterProcessingInitializeOnLoad (7ms)
			EditorAssembliesLoaded (0ms)
		ExecutionOrderSort2 (0ms)
		AwakeInstancesAfterBackupRestoration (6ms)
Refreshing native plugins compatible for Editor in 0.00 ms, found 0 plugins.
Preloading 0 native plugins for Editor in 0.00 ms.
Unloading 24 Unused Serialized files (Serialized files now loaded: 0)
Unloading 1 unused Assets / (22.7 KB). Loaded Objects now: 544.
Memory consumption went from 109.6 MB to 109.6 MB.
Total: 3.071900 ms (FindLiveObjects: 0.092200 ms CreateObjectMapping: 0.005700 ms MarkObjects: 2.947000 ms  DeleteObjects: 0.025600 ms)

Prepare: number of updated asset objects reloaded= 0
AssetImportParameters requested are different than current active one (requested -> active):
  custom:container-muxer-webm: aa71ff27fc2769a1b78a27578f13a17b -> 
  custom:scripting/monoscript/fileName/JPWater.cs: 197d7a51d4a61aac1a0b645c819e657d -> 
  custom:scripting/monoscript/fileName/ovi.cs: 978983d04a685c2d61191d179e13da1f -> 
  custom:video-encoder-webm-vp8: eb34c28f22e8b96e1ab97ce403110664 -> 
  custom:scripting/monoscript/fileName/ptera.cs: 61e1d317b712da062299c03b9a9f8282 -> 
  custom:audio-encoder-webm-vorbis: bf7c407c2cedff20999df2af8eb42d56 -> 
  custom:scripting/monoscript/fileName/dilo.cs: 3c9db1a6c2b03a17ae6a03848623096d -> 
  custom:scripting/monoscript/fileName/comp.cs: fda0003943b476b790ffb44d58d85382 -> 
  custom:container-demuxer-ogg: 62fdf1f143b41e24485cea50d1cbac27 -> 
  custom:video-decoder-webm-vp8: 9c59270c3fd7afecdb556c50c9e8de78 -> 
  custom:scripting/monoscript/fileName/para.cs: 50ff1e7338ddd96a339685334055c2cc -> 
  custom:audio-decoder-ogg-vorbis: bf7c407c2cedff20999df2af8eb42d56 -> 
  custom:AudioImporter_EditorPlatform: d09bf68614088b80899f8185d706f6e7 -> 
  custom:video-decoder-ogg-theora: a1e56fd34408186e4bbccfd4996cb3dc -> 
  custom:container-demuxer-webm: 4f35f7cbe854078d1ac9338744f61a02 -> 
  custom:scripting/monoscript/fileName/dime.cs: d81f62d40699d7bbf2074d0987b6e5b4 -> 
  custom:scripting/monoscript/fileName/anky.cs: d5cf5b3eab929cf2b853b84f2420fa2b -> 
  custom:scripting/monoscript/fileName/rap.cs: 7d88192879dd006b39ac28e47b27484b -> 
  custom:CustomObjectIndexerAttribute: 756ad292c208cfabdd7b50bc23989ffe -> 
  custom:scripting/monoscript/fileName/spino.cs: 7dfde6a661f604e8345401631a24390d -> 
  custom:framework-win-MediaFoundation: 216162199b28c13a410421893ffa2e32 -> 
  custom:SearchIndexIgnoredProperties: e643bd26f0fe6173181afceb89e7c659 -> 
  custom:scripting/monoscript/fileName/brach.cs: 51f1030383e851978416b82613bd0b96 -> 1b60268d47bd59147b218b43be6e1abb
  custom:scripting/monoscript/fileName/shared.cs: 9ba28fb7fc5a6aa2b2d4c593c919e641 -> f0c3dc3c068420536d4ff5772de0179e
  custom:scripting/monoscript/fileName/tric.cs: f0e64e9b06985a50592dfea5a8936d40 -> a57242556ce7739d71f8d12c6dcbf125
  custom:scripting/monoscript/fileName/steg.cs: 4305f2e15284687d0dde0cdbc724c273 -> 
  custom:scripting/monoscript/fileName/rex.cs: 722b0ceb0ff26ea526857704f1e3ca92 -> d718bebd91b41d737a7e1d9fcf6ab43d
