Using pre-set license
Built from '2022.3/staging' branch; Version is '2022.3.11f1 (d00248457e15) revision 13632072'; Using compiler version '192829333'; Build Type 'Release'
OS: 'Windows 11  (10.0.22621) 64bit CoreSingleLanguage' Language: 'en' Physical Memory: 15724 MB
BatchMode: 1, IsHumanControllingUs: 0, StartBugReporterOnCrash: 0, Is64bit: 1, IsPro: 1

COMMAND LINE ARGUMENTS:
C:\Program Files\Unity\Hub\Editor\2022.3.11f1\Editor\Unity.exe
-adb2
-batchMode
-noUpm
-name
AssetImportWorker12
-projectPath
C:/Users/EXA/OneDrive/Dokumen/Grafkom/Final Project/final-project-el-psy-congroo
-logFile
Logs/AssetImportWorker12.log
-srvPort
52395
Successfully changed project path to: C:/Users/EXA/OneDrive/Dokumen/Grafkom/Final Project/final-project-el-psy-congroo
C:/Users/EXA/OneDrive/Dokumen/Grafkom/Final Project/final-project-el-psy-congroo
[UnityMemory] Configuration Parameters - Can be set up in boot.config
    "memorysetup-bucket-allocator-granularity=16"
    "memorysetup-bucket-allocator-bucket-count=8"
    "memorysetup-bucket-allocator-block-size=33554432"
    "memorysetup-bucket-allocator-block-count=8"
    "memorysetup-main-allocator-block-size=16777216"
    "memorysetup-thread-allocator-block-size=16777216"
    "memorysetup-gfx-main-allocator-block-size=16777216"
    "memorysetup-gfx-thread-allocator-block-size=16777216"
    "memorysetup-cache-allocator-block-size=4194304"
    "memorysetup-typetree-allocator-block-size=2097152"
    "memorysetup-profiler-bucket-allocator-granularity=16"
    "memorysetup-profiler-bucket-allocator-bucket-count=8"
    "memorysetup-profiler-bucket-allocator-block-size=33554432"
    "memorysetup-profiler-bucket-allocator-block-count=8"
    "memorysetup-profiler-allocator-block-size=16777216"
    "memorysetup-profiler-editor-allocator-block-size=1048576"
    "memorysetup-temp-allocator-size-main=16777216"
    "memorysetup-job-temp-allocator-block-size=2097152"
    "memorysetup-job-temp-allocator-block-size-background=1048576"
    "memorysetup-job-temp-allocator-reduction-small-platforms=262144"
    "memorysetup-allocator-temp-initial-block-size-main=262144"
    "memorysetup-allocator-temp-initial-block-size-worker=262144"
    "memorysetup-temp-allocator-size-background-worker=32768"
    "memorysetup-temp-allocator-size-job-worker=262144"
    "memorysetup-temp-allocator-size-preload-manager=33554432"
    "memorysetup-temp-allocator-size-nav-mesh-worker=65536"
    "memorysetup-temp-allocator-size-audio-worker=65536"
    "memorysetup-temp-allocator-size-cloud-worker=32768"
    "memorysetup-temp-allocator-size-gi-baking-worker=262144"
    "memorysetup-temp-allocator-size-gfx=262144"
Player connection [40764] Host "[IP] 169.254.99.221 [Port] 0 [Flags] 2 [Guid] 207741873 [EditorId] 207741873 [Version] 1048832 [Id] WindowsEditor(7,Exa) [Debug] 1 [PackageName] WindowsEditor [ProjectName] Editor" joined multi-casting on [225.0.0.222:54997]...

Player connection [40764] Host "[IP] 169.254.99.221 [Port] 0 [Flags] 2 [Guid] 207741873 [EditorId] 207741873 [Version] 1048832 [Id] WindowsEditor(7,Exa) [Debug] 1 [PackageName] WindowsEditor [ProjectName] Editor" joined alternative multi-casting on [225.0.0.222:34997]...

[Physics::Module] Initialized MultithreadedJobDispatcher with 15 workers.
Refreshing native plugins compatible for Editor in 0.00 ms, found 0 plugins.
Preloading 0 native plugins for Editor in 0.00 ms.
Initialize engine version: 2022.3.11f1 (d00248457e15)
[Subsystems] Discovering subsystems at path C:/Program Files/Unity/Hub/Editor/2022.3.11f1/Editor/Data/Resources/UnitySubsystems
[Subsystems] Discovering subsystems at path C:/Users/EXA/OneDrive/Dokumen/Grafkom/Final Project/final-project-el-psy-congroo/Assets
GfxDevice: creating device client; threaded=0; jobified=0
Direct3D:
    Version:  Direct3D 11.0 [level 11.1]
    Renderer: NVIDIA GeForce RTX 3060 Laptop GPU (ID=0x2520)
    Vendor:   NVIDIA
    VRAM:     6010 MB
    Driver:   31.0.15.4617
Initialize mono
Mono path[0] = 'C:/Program Files/Unity/Hub/Editor/2022.3.11f1/Editor/Data/Managed'
Mono path[1] = 'C:/Program Files/Unity/Hub/Editor/2022.3.11f1/Editor/Data/MonoBleedingEdge/lib/mono/unityjit-win32'
Mono config path = 'C:/Program Files/Unity/Hub/Editor/2022.3.11f1/Editor/Data/MonoBleedingEdge/etc'
Using monoOptions --debugger-agent=transport=dt_socket,embedding=1,server=y,suspend=n,address=127.0.0.1:56800
Begin MonoManager ReloadAssembly
Registering precompiled unity dll's ...
Register platform support module: C:/Program Files/Unity/Hub/Editor/2022.3.11f1/Editor/Data/PlaybackEngines/WebGLSupport/UnityEditor.WebGL.Extensions.dll
Register platform support module: C:/Program Files/Unity/Hub/Editor/2022.3.11f1/Editor/Data/PlaybackEngines/WindowsStandaloneSupport/UnityEditor.WindowsStandalone.Extensions.dll
Registered in 0.007494 seconds.
- Loaded All Assemblies, in  0.431 seconds
Native extension for WindowsStandalone target not found
Native extension for WebGL target not found
Mono: successfully reloaded assembly
- Finished resetting the current domain, in  0.239 seconds
Domain Reload Profiling: 668ms
	BeginReloadAssembly (163ms)
		ExecutionOrderSort (0ms)
		DisableScriptedObjects (0ms)
		BackupInstance (0ms)
		ReleaseScriptingObjects (0ms)
		CreateAndSetChildDomain (1ms)
	RebuildCommonClasses (29ms)
	RebuildNativeTypeToScriptingClass (9ms)
	initialDomainReloadingComplete (56ms)
	LoadAllAssembliesAndSetupDomain (172ms)
		LoadAssemblies (163ms)
		RebuildTransferFunctionScriptingTraits (0ms)
		AnalyzeDomain (168ms)
			TypeCache.Refresh (166ms)
				TypeCache.ScanAssembly (146ms)
			ScanForSourceGeneratedMonoScriptInfo (1ms)
			ResolveRequiredComponents (1ms)
	FinalizeReload (239ms)
		ReleaseScriptCaches (0ms)
		RebuildScriptCaches (0ms)
		SetupLoadedEditorAssemblies (185ms)
			LogAssemblyErrors (0ms)
			InitializePlatformSupportModulesInManaged (9ms)
			SetLoadedEditorAssemblies (4ms)
			RefreshPlugins (0ms)
			BeforeProcessingInitializeOnLoad (2ms)
			ProcessInitializeOnLoadAttributes (121ms)
			ProcessInitializeOnLoadMethodAttributes (49ms)
			AfterProcessingInitializeOnLoad (0ms)
			EditorAssembliesLoaded (0ms)
		ExecutionOrderSort2 (0ms)
		AwakeInstancesAfterBackupRestoration (0ms)
========================================================================
Worker process is ready to serve import requests
Begin MonoManager ReloadAssembly
- Loaded All Assemblies, in  0.194 seconds
Refreshing native plugins compatible for Editor in 0.00 ms, found 0 plugins.
Native extension for WindowsStandalone target not found
Native extension for WebGL target not found
Mono: successfully reloaded assembly
- Finished resetting the current domain, in  0.273 seconds
Domain Reload Profiling: 466ms
	BeginReloadAssembly (127ms)
		ExecutionOrderSort (0ms)
		DisableScriptedObjects (5ms)
		BackupInstance (0ms)
		ReleaseScriptingObjects (0ms)
		CreateAndSetChildDomain (19ms)
	RebuildCommonClasses (28ms)
	RebuildNativeTypeToScriptingClass (9ms)
	initialDomainReloadingComplete (21ms)
	LoadAllAssembliesAndSetupDomain (8ms)
		LoadAssemblies (75ms)
		RebuildTransferFunctionScriptingTraits (0ms)
		AnalyzeDomain (6ms)
			TypeCache.Refresh (4ms)
				TypeCache.ScanAssembly (1ms)
			ScanForSourceGeneratedMonoScriptInfo (1ms)
			ResolveRequiredComponents (1ms)
	FinalizeReload (274ms)
		ReleaseScriptCaches (0ms)
		RebuildScriptCaches (0ms)
		SetupLoadedEditorAssemblies (166ms)
			LogAssemblyErrors (0ms)
			InitializePlatformSupportModulesInManaged (7ms)
			SetLoadedEditorAssemblies (5ms)
			RefreshPlugins (0ms)
			BeforeProcessingInitializeOnLoad (23ms)
			ProcessInitializeOnLoadAttributes (108ms)
			ProcessInitializeOnLoadMethodAttributes (17ms)
			AfterProcessingInitializeOnLoad (7ms)
			EditorAssembliesLoaded (0ms)
		ExecutionOrderSort2 (0ms)
		AwakeInstancesAfterBackupRestoration (6ms)
Launched and connected shader compiler UnityShaderCompiler.exe after 0.07 seconds
Refreshing native plugins compatible for Editor in 0.00 ms, found 0 plugins.
Preloading 0 native plugins for Editor in 0.00 ms.
Unloading 39 Unused Serialized files (Serialized files now loaded: 0)
Unloading 3 unused Assets / (48.7 KB). Loaded Objects now: 541.
Memory consumption went from 88.2 MB to 88.2 MB.
Total: 2.194000 ms (FindLiveObjects: 0.045100 ms CreateObjectMapping: 0.003900 ms MarkObjects: 2.080300 ms  DeleteObjects: 0.063600 ms)

AssetImportParameters requested are different than current active one (requested -> active):
  custom:container-muxer-webm: aa71ff27fc2769a1b78a27578f13a17b -> 
  custom:scripting/monoscript/fileName/JPWater.cs: 197d7a51d4a61aac1a0b645c819e657d -> 
  custom:scripting/monoscript/fileName/ovi.cs: 978983d04a685c2d61191d179e13da1f -> 2b802c44c06968a747a37b6d62f77129
  custom:video-encoder-webm-vp8: eb34c28f22e8b96e1ab97ce403110664 -> 
  custom:scripting/monoscript/fileName/ptera.cs: 61e1d317b712da062299c03b9a9f8282 -> 4a67ed1a01ca695af65cf27b5854bcf0
  custom:audio-encoder-webm-vorbis: bf7c407c2cedff20999df2af8eb42d56 -> 
  custom:scripting/monoscript/fileName/dilo.cs: 3c9db1a6c2b03a17ae6a03848623096d -> aa33587ecc58a87dab44aa71202aa5f7
  custom:scripting/monoscript/fileName/comp.cs: fda0003943b476b790ffb44d58d85382 -> 291156e63a91aedddf6bd7712fa1c550
  custom:container-demuxer-ogg: 62fdf1f143b41e24485cea50d1cbac27 -> 
  custom:video-decoder-webm-vp8: 9c59270c3fd7afecdb556c50c9e8de78 -> 
  custom:scripting/monoscript/fileName/para.cs: 50ff1e7338ddd96a339685334055c2cc -> c67129409a535afaa373dcf1da4b6b39
  custom:audio-decoder-ogg-vorbis: bf7c407c2cedff20999df2af8eb42d56 -> 
  custom:AudioImporter_EditorPlatform: d09bf68614088b80899f8185d706f6e7 -> 
  custom:video-decoder-ogg-theora: a1e56fd34408186e4bbccfd4996cb3dc -> 
  custom:container-demuxer-webm: 4f35f7cbe854078d1ac9338744f61a02 -> 
  custom:scripting/monoscript/fileName/dime.cs: d81f62d40699d7bbf2074d0987b6e5b4 -> 8341ec5cd2e8c88e4c52f115191649f3
  custom:scripting/monoscript/fileName/anky.cs: d5cf5b3eab929cf2b853b84f2420fa2b -> a57ea0a22764c6c0a141be720fc29c47
  custom:scripting/monoscript/fileName/rap.cs: 7d88192879dd006b39ac28e47b27484b -> 828af70891bac76f4cefd151f27dba8a
  custom:CustomObjectIndexerAttribute: 756ad292c208cfabdd7b50bc23989ffe -> 
  custom:scripting/monoscript/fileName/spino.cs: 7dfde6a661f604e8345401631a24390d -> 35319176bdb166f3fe7f79599b16028d
  custom:framework-win-MediaFoundation: 216162199b28c13a410421893ffa2e32 -> 
  custom:SearchIndexIgnoredProperties: e643bd26f0fe6173181afceb89e7c659 -> 
  custom:scripting/monoscript/fileName/brach.cs: 51f1030383e851978416b82613bd0b96 -> 1b60268d47bd59147b218b43be6e1abb
  custom:scripting/monoscript/fileName/shared.cs: 9ba28fb7fc5a6aa2b2d4c593c919e641 -> f0c3dc3c068420536d4ff5772de0179e
  custom:scripting/monoscript/fileName/tric.cs: f0e64e9b06985a50592dfea5a8936d40 -> a57242556ce7739d71f8d12c6dcbf125
  custom:scripting/monoscript/fileName/steg.cs: 4305f2e15284687d0dde0cdbc724c273 -> d74ab501e4b705eb82600f57f41a0bbf
  custom:scripting/monoscript/fileName/rex.cs: 722b0ceb0ff26ea526857704f1e3ca92 -> d718bebd91b41d737a7e1d9fcf6ab43d
========================================================================
Received Prepare
Begin MonoManager ReloadAssembly
- Loaded All Assemblies, in  0.199 seconds
Refreshing native plugins compatible for Editor in 0.00 ms, found 0 plugins.
Native extension for WindowsStandalone target not found
Native extension for WebGL target not found
Mono: successfully reloaded assembly
- Finished resetting the current domain, in  0.286 seconds
Domain Reload Profiling: 483ms
	BeginReloadAssembly (125ms)
		ExecutionOrderSort (0ms)
		DisableScriptedObjects (5ms)
		BackupInstance (0ms)
		ReleaseScriptingObjects (0ms)
		CreateAndSetChildDomain (16ms)
	RebuildCommonClasses (30ms)
	RebuildNativeTypeToScriptingClass (9ms)
	initialDomainReloadingComplete (26ms)
	LoadAllAssembliesAndSetupDomain (8ms)
		LoadAssemblies (81ms)
		RebuildTransferFunctionScriptingTraits (0ms)
		AnalyzeDomain (5ms)
			TypeCache.Refresh (3ms)
				TypeCache.ScanAssembly (0ms)
			ScanForSourceGeneratedMonoScriptInfo (0ms)
			ResolveRequiredComponents (1ms)
	FinalizeReload (286ms)
		ReleaseScriptCaches (0ms)
		RebuildScriptCaches (0ms)
		SetupLoadedEditorAssemblies (171ms)
			LogAssemblyErrors (0ms)
			InitializePlatformSupportModulesInManaged (7ms)
			SetLoadedEditorAssemblies (5ms)
			RefreshPlugins (0ms)
			BeforeProcessingInitializeOnLoad (25ms)
			ProcessInitializeOnLoadAttributes (109ms)
			ProcessInitializeOnLoadMethodAttributes (17ms)
			AfterProcessingInitializeOnLoad (7ms)
			EditorAssembliesLoaded (0ms)
		ExecutionOrderSort2 (0ms)
		AwakeInstancesAfterBackupRestoration (6ms)
Refreshing native plugins compatible for Editor in 0.00 ms, found 0 plugins.
Preloading 0 native plugins for Editor in 0.00 ms.
Unloading 28 Unused Serialized files (Serialized files now loaded: 0)
Unloading 1 unused Assets / (22.7 KB). Loaded Objects now: 542.
Memory consumption went from 87.8 MB to 87.8 MB.
Total: 1.822300 ms (FindLiveObjects: 0.042300 ms CreateObjectMapping: 0.006200 ms MarkObjects: 1.755900 ms  DeleteObjects: 0.017100 ms)

Prepare: number of updated asset objects reloaded= 0
AssetImportParameters requested are different than current active one (requested -> active):
  custom:container-muxer-webm: aa71ff27fc2769a1b78a27578f13a17b -> 
  custom:scripting/monoscript/fileName/JPWater.cs: 197d7a51d4a61aac1a0b645c819e657d -> 
  custom:scripting/monoscript/fileName/ovi.cs: 978983d04a685c2d61191d179e13da1f -> 2b802c44c06968a747a37b6d62f77129
  custom:video-encoder-webm-vp8: eb34c28f22e8b96e1ab97ce403110664 -> 
  custom:scripting/monoscript/fileName/ptera.cs: 61e1d317b712da062299c03b9a9f8282 -> 4a67ed1a01ca695af65cf27b5854bcf0
  custom:audio-encoder-webm-vorbis: bf7c407c2cedff20999df2af8eb42d56 -> 
  custom:scripting/monoscript/fileName/dilo.cs: 3c9db1a6c2b03a17ae6a03848623096d -> aa33587ecc58a87dab44aa71202aa5f7
  custom:scripting/monoscript/fileName/comp.cs: fda0003943b476b790ffb44d58d85382 -> 291156e63a91aedddf6bd7712fa1c550
  custom:container-demuxer-ogg: 62fdf1f143b41e24485cea50d1cbac27 -> 
  custom:video-decoder-webm-vp8: 9c59270c3fd7afecdb556c50c9e8de78 -> 
  custom:scripting/monoscript/fileName/para.cs: 50ff1e7338ddd96a339685334055c2cc -> c67129409a535afaa373dcf1da4b6b39
  custom:audio-decoder-ogg-vorbis: bf7c407c2cedff20999df2af8eb42d56 -> 
  custom:AudioImporter_EditorPlatform: d09bf68614088b80899f8185d706f6e7 -> 
  custom:video-decoder-ogg-theora: a1e56fd34408186e4bbccfd4996cb3dc -> 
  custom:container-demuxer-webm: 4f35f7cbe854078d1ac9338744f61a02 -> 
  custom:scripting/monoscript/fileName/dime.cs: d81f62d40699d7bbf2074d0987b6e5b4 -> 8341ec5cd2e8c88e4c52f115191649f3
  custom:scripting/monoscript/fileName/anky.cs: d5cf5b3eab929cf2b853b84f2420fa2b -> a57ea0a22764c6c0a141be720fc29c47
  custom:scripting/monoscript/fileName/rap.cs: 7d88192879dd006b39ac28e47b27484b -> 828af70891bac76f4cefd151f27dba8a
  custom:CustomObjectIndexerAttribute: 756ad292c208cfabdd7b50bc23989ffe -> 
  custom:scripting/monoscript/fileName/spino.cs: 7dfde6a661f604e8345401631a24390d -> 35319176bdb166f3fe7f79599b16028d
  custom:framework-win-MediaFoundation: 216162199b28c13a410421893ffa2e32 -> 
  custom:SearchIndexIgnoredProperties: e643bd26f0fe6173181afceb89e7c659 -> 
  custom:scripting/monoscript/fileName/brach.cs: 51f1030383e851978416b82613bd0b96 -> 1b60268d47bd59147b218b43be6e1abb
  custom:scripting/monoscript/fileName/shared.cs: 9ba28fb7fc5a6aa2b2d4c593c919e641 -> f0c3dc3c068420536d4ff5772de0179e
  custom:scripting/monoscript/fileName/tric.cs: f0e64e9b06985a50592dfea5a8936d40 -> a57242556ce7739d71f8d12c6dcbf125
  custom:scripting/monoscript/fileName/steg.cs: 4305f2e15284687d0dde0cdbc724c273 -> d74ab501e4b705eb82600f57f41a0bbf
  custom:scripting/monoscript/fileName/rex.cs: 722b0ceb0ff26ea526857704f1e3ca92 -> d718bebd91b41d737a7e1d9fcf6ab43d
========================================================================
Received Prepare
Begin MonoManager ReloadAssembly
- Loaded All Assemblies, in  0.202 seconds
Refreshing native plugins compatible for Editor in 0.00 ms, found 0 plugins.
Native extension for WindowsStandalone target not found
Native extension for WebGL target not found
Mono: successfully reloaded assembly
- Finished resetting the current domain, in  0.285 seconds
Domain Reload Profiling: 485ms
	BeginReloadAssembly (130ms)
		ExecutionOrderSort (0ms)
		DisableScriptedObjects (5ms)
		BackupInstance (0ms)
		ReleaseScriptingObjects (0ms)
		CreateAndSetChildDomain (18ms)
	RebuildCommonClasses (31ms)
	RebuildNativeTypeToScriptingClass (10ms)
	initialDomainReloadingComplete (22ms)
	LoadAllAssembliesAndSetupDomain (7ms)
		LoadAssemblies (84ms)
		RebuildTransferFunctionScriptingTraits (0ms)
		AnalyzeDomain (4ms)
			TypeCache.Refresh (2ms)
				TypeCache.ScanAssembly (0ms)
			ScanForSourceGeneratedMonoScriptInfo (0ms)
			ResolveRequiredComponents (1ms)
	FinalizeReload (285ms)
		ReleaseScriptCaches (0ms)
		RebuildScriptCaches (0ms)
		SetupLoadedEditorAssemblies (174ms)
			LogAssemblyErrors (0ms)
			InitializePlatformSupportModulesInManaged (7ms)
			SetLoadedEditorAssemblies (6ms)
			RefreshPlugins (0ms)
			BeforeProcessingInitializeOnLoad (24ms)
			ProcessInitializeOnLoadAttributes (114ms)
			ProcessInitializeOnLoadMethodAttributes (17ms)
			AfterProcessingInitializeOnLoad (6ms)
			EditorAssembliesLoaded (0ms)
		ExecutionOrderSort2 (0ms)
		AwakeInstancesAfterBackupRestoration (6ms)
Refreshing native plugins compatible for Editor in 0.00 ms, found 0 plugins.
Preloading 0 native plugins for Editor in 0.00 ms.
Unloading 28 Unused Serialized files (Serialized files now loaded: 0)
Unloading 1 unused Assets / (22.7 KB). Loaded Objects now: 542.
Memory consumption went from 89.7 MB to 89.7 MB.
Total: 2.283900 ms (FindLiveObjects: 0.059700 ms CreateObjectMapping: 0.004800 ms MarkObjects: 2.198000 ms  DeleteObjects: 0.019900 ms)

Prepare: number of updated asset objects reloaded= 0
AssetImportParameters requested are different than current active one (requested -> active):
  custom:container-muxer-webm: aa71ff27fc2769a1b78a27578f13a17b -> 
  custom:scripting/monoscript/fileName/JPWater.cs: 197d7a51d4a61aac1a0b645c819e657d -> 
  custom:scripting/monoscript/fileName/ovi.cs: 978983d04a685c2d61191d179e13da1f -> 2b802c44c06968a747a37b6d62f77129
  custom:video-encoder-webm-vp8: eb34c28f22e8b96e1ab97ce403110664 -> 
  custom:scripting/monoscript/fileName/ptera.cs: 61e1d317b712da062299c03b9a9f8282 -> 4a67ed1a01ca695af65cf27b5854bcf0
  custom:audio-encoder-webm-vorbis: bf7c407c2cedff20999df2af8eb42d56 -> 
  custom:scripting/monoscript/fileName/dilo.cs: 3c9db1a6c2b03a17ae6a03848623096d -> aa33587ecc58a87dab44aa71202aa5f7
  custom:scripting/monoscript/fileName/comp.cs: fda0003943b476b790ffb44d58d85382 -> 291156e63a91aedddf6bd7712fa1c550
  custom:container-demuxer-ogg: 62fdf1f143b41e24485cea50d1cbac27 -> 
  custom:video-decoder-webm-vp8: 9c59270c3fd7afecdb556c50c9e8de78 -> 
  custom:scripting/monoscript/fileName/para.cs: 50ff1e7338ddd96a339685334055c2cc -> c67129409a535afaa373dcf1da4b6b39
  custom:audio-decoder-ogg-vorbis: bf7c407c2cedff20999df2af8eb42d56 -> 
  custom:AudioImporter_EditorPlatform: d09bf68614088b80899f8185d706f6e7 -> 
  custom:video-decoder-ogg-theora: a1e56fd34408186e4bbccfd4996cb3dc -> 
  custom:container-demuxer-webm: 4f35f7cbe854078d1ac9338744f61a02 -> 
  custom:scripting/monoscript/fileName/dime.cs: d81f62d40699d7bbf2074d0987b6e5b4 -> 8341ec5cd2e8c88e4c52f115191649f3
  custom:scripting/monoscript/fileName/anky.cs: d5cf5b3eab929cf2b853b84f2420fa2b -> a57ea0a22764c6c0a141be720fc29c47
  custom:scripting/monoscript/fileName/rap.cs: 7d88192879dd006b39ac28e47b27484b -> 828af70891bac76f4cefd151f27dba8a
  custom:CustomObjectIndexerAttribute: 756ad292c208cfabdd7b50bc23989ffe -> 
  custom:scripting/monoscript/fileName/spino.cs: 7dfde6a661f604e8345401631a24390d -> 35319176bdb166f3fe7f79599b16028d
  custom:framework-win-MediaFoundation: 216162199b28c13a410421893ffa2e32 -> 
  custom:SearchIndexIgnoredProperties: e643bd26f0fe6173181afceb89e7c659 -> 
  custom:scripting/monoscript/fileName/brach.cs: 51f1030383e851978416b82613bd0b96 -> 1b60268d47bd59147b218b43be6e1abb
  custom:scripting/monoscript/fileName/shared.cs: 9ba28fb7fc5a6aa2b2d4c593c919e641 -> f0c3dc3c068420536d4ff5772de0179e
  custom:scripting/monoscript/fileName/tric.cs: f0e64e9b06985a50592dfea5a8936d40 -> a57242556ce7739d71f8d12c6dcbf125
  custom:scripting/monoscript/fileName/steg.cs: 4305f2e15284687d0dde0cdbc724c273 -> d74ab501e4b705eb82600f57f41a0bbf
  custom:scripting/monoscript/fileName/rex.cs: 722b0ceb0ff26ea526857704f1e3ca92 -> d718bebd91b41d737a7e1d9fcf6ab43d
========================================================================
Received Prepare
Begin MonoManager ReloadAssembly
- Loaded All Assemblies, in  0.201 seconds
Refreshing native plugins compatible for Editor in 0.00 ms, found 0 plugins.
Native extension for WindowsStandalone target not found
Native extension for WebGL target not found
Mono: successfully reloaded assembly
- Finished resetting the current domain, in  0.277 seconds
Domain Reload Profiling: 478ms
	BeginReloadAssembly (127ms)
		ExecutionOrderSort (0ms)
		DisableScriptedObjects (5ms)
		BackupInstance (0ms)
		ReleaseScriptingObjects (0ms)
		CreateAndSetChildDomain (17ms)
	RebuildCommonClasses (32ms)
	RebuildNativeTypeToScriptingClass (9ms)
	initialDomainReloadingComplete (23ms)
	LoadAllAssembliesAndSetupDomain (7ms)
		LoadAssemblies (81ms)
		RebuildTransferFunctionScriptingTraits (0ms)
		AnalyzeDomain (4ms)
			TypeCache.Refresh (3ms)
				TypeCache.ScanAssembly (0ms)
			ScanForSourceGeneratedMonoScriptInfo (0ms)
			ResolveRequiredComponents (1ms)
	FinalizeReload (278ms)
		ReleaseScriptCaches (0ms)
		RebuildScriptCaches (0ms)
		SetupLoadedEditorAssemblies (169ms)
			LogAssemblyErrors (0ms)
			InitializePlatformSupportModulesInManaged (7ms)
			SetLoadedEditorAssemblies (5ms)
			RefreshPlugins (0ms)
			BeforeProcessingInitializeOnLoad (25ms)
			ProcessInitializeOnLoadAttributes (108ms)
			ProcessInitializeOnLoadMethodAttributes (17ms)
			AfterProcessingInitializeOnLoad (7ms)
			EditorAssembliesLoaded (0ms)
		ExecutionOrderSort2 (0ms)
		AwakeInstancesAfterBackupRestoration (6ms)
Refreshing native plugins compatible for Editor in 0.00 ms, found 0 plugins.
Preloading 0 native plugins for Editor in 0.00 ms.
Unloading 28 Unused Serialized files (Serialized files now loaded: 0)
Unloading 1 unused Assets / (22.8 KB). Loaded Objects now: 542.
Memory consumption went from 91.7 MB to 91.7 MB.
Total: 1.962900 ms (FindLiveObjects: 0.038400 ms CreateObjectMapping: 0.003900 ms MarkObjects: 1.899300 ms  DeleteObjects: 0.020300 ms)

Prepare: number of updated asset objects reloaded= 0
AssetImportParameters requested are different than current active one (requested -> active):
  custom:container-muxer-webm: aa71ff27fc2769a1b78a27578f13a17b -> 
  custom:scripting/monoscript/fileName/JPWater.cs: 197d7a51d4a61aac1a0b645c819e657d -> 
  custom:scripting/monoscript/fileName/ovi.cs: 978983d04a685c2d61191d179e13da1f -> 2b802c44c06968a747a37b6d62f77129
  custom:video-encoder-webm-vp8: eb34c28f22e8b96e1ab97ce403110664 -> 
  custom:scripting/monoscript/fileName/ptera.cs: 61e1d317b712da062299c03b9a9f8282 -> 4a67ed1a01ca695af65cf27b5854bcf0
  custom:audio-encoder-webm-vorbis: bf7c407c2cedff20999df2af8eb42d56 -> 
  custom:scripting/monoscript/fileName/dilo.cs: 3c9db1a6c2b03a17ae6a03848623096d -> aa33587ecc58a87dab44aa71202aa5f7
  custom:scripting/monoscript/fileName/comp.cs: fda0003943b476b790ffb44d58d85382 -> 291156e63a91aedddf6bd7712fa1c550
  custom:container-demuxer-ogg: 62fdf1f143b41e24485cea50d1cbac27 -> 
  custom:video-decoder-webm-vp8: 9c59270c3fd7afecdb556c50c9e8de78 -> 
  custom:scripting/monoscript/fileName/para.cs: 50ff1e7338ddd96a339685334055c2cc -> c67129409a535afaa373dcf1da4b6b39
  custom:audio-decoder-ogg-vorbis: bf7c407c2cedff20999df2af8eb42d56 -> 
  custom:AudioImporter_EditorPlatform: d09bf68614088b80899f8185d706f6e7 -> 
  custom:video-decoder-ogg-theora: a1e56fd34408186e4bbccfd4996cb3dc -> 
  custom:container-demuxer-webm: 4f35f7cbe854078d1ac9338744f61a02 -> 
  custom:scripting/monoscript/fileName/dime.cs: d81f62d40699d7bbf2074d0987b6e5b4 -> 8341ec5cd2e8c88e4c52f115191649f3
  custom:scripting/monoscript/fileName/anky.cs: d5cf5b3eab929cf2b853b84f2420fa2b -> a57ea0a22764c6c0a141be720fc29c47
  custom:scripting/monoscript/fileName/rap.cs: 7d88192879dd006b39ac28e47b27484b -> 828af70891bac76f4cefd151f27dba8a
  custom:CustomObjectIndexerAttribute: 756ad292c208cfabdd7b50bc23989ffe -> 
  custom:scripting/monoscript/fileName/spino.cs: 7dfde6a661f604e8345401631a24390d -> 35319176bdb166f3fe7f79599b16028d
  custom:framework-win-MediaFoundation: 216162199b28c13a410421893ffa2e32 -> 
  custom:SearchIndexIgnoredProperties: e643bd26f0fe6173181afceb89e7c659 -> 
  custom:scripting/monoscript/fileName/brach.cs: 51f1030383e851978416b82613bd0b96 -> 1b60268d47bd59147b218b43be6e1abb
  custom:scripting/monoscript/fileName/shared.cs: 9ba28fb7fc5a6aa2b2d4c593c919e641 -> f0c3dc3c068420536d4ff5772de0179e
  custom:scripting/monoscript/fileName/tric.cs: f0e64e9b06985a50592dfea5a8936d40 -> a57242556ce7739d71f8d12c6dcbf125
  custom:scripting/monoscript/fileName/steg.cs: 4305f2e15284687d0dde0cdbc724c273 -> d74ab501e4b705eb82600f57f41a0bbf
  custom:scripting/monoscript/fileName/rex.cs: 722b0ceb0ff26ea526857704f1e3ca92 -> d718bebd91b41d737a7e1d9fcf6ab43d
========================================================================
Received Import Request.
  Time since last request: 370542.422947 seconds.
  path: Assets/Conifers [BOTD]/Shared Sources/Textures/BODT Conifer Bark Array [Normal] [AO] [Specular].asset
  artifactKey: Guid(14f4181ca612e43c9b344f073e03a7c6) Importer(815301076,1909f56bfc062723c751e8b465ee728b)
Start importing Assets/Conifers [BOTD]/Shared Sources/Textures/BODT Conifer Bark Array [Normal] [AO] [Specular].asset using Guid(14f4181ca612e43c9b344f073e03a7c6) Importer(815301076,1909f56bfc062723c751e8b465ee728b)  -> (artifact id: 'c2003315c1422daf3098bcaa4b5973bd') in 0.252060 seconds
Number of updated asset objects reloaded before import = 0
Number of asset objects unloaded after import = 1
========================================================================
Received Import Request.
  Time since last request: 3.432221 seconds.
  path: Assets/Creatures/Models/Brachiosaurus/brachC.png
  artifactKey: Guid(021b6eaa960c2d34cb8286c85e4b3166) Importer(815301076,1909f56bfc062723c751e8b465ee728b)
Start importing Assets/Creatures/Models/Brachiosaurus/brachC.png using Guid(021b6eaa960c2d34cb8286c85e4b3166) Importer(815301076,1909f56bfc062723c751e8b465ee728b)  -> (artifact id: 'a523ff836765f65e2b6ccfbb9957d9f1') in 0.028294 seconds
Number of updated asset objects reloaded before import = 0
Number of asset objects unloaded after import = 2
========================================================================
Received Import Request.
  Time since last request: 0.595578 seconds.
  path: Assets/Grass And Flowers Pack 1/Example Scene/Camera 2.renderTexture
  artifactKey: Guid(02cdf9448854f8940b8b930e5ee25c48) Importer(815301076,1909f56bfc062723c751e8b465ee728b)
Start importing Assets/Grass And Flowers Pack 1/Example Scene/Camera 2.renderTexture using Guid(02cdf9448854f8940b8b930e5ee25c48) Importer(815301076,1909f56bfc062723c751e8b465ee728b)  -> (artifact id: '3e5c0c145948d4fc98acc2729de4bbaa') in 0.013073 seconds
Number of updated asset objects reloaded before import = 0
Number of asset objects unloaded after import = 2
========================================================================
Received Import Request.
  Time since last request: 0.028173 seconds.
  path: Assets/Creatures/Models/Compsognathus/compC.png
  artifactKey: Guid(c44c9e5c53a937f4da302d023ea40c2a) Importer(815301076,1909f56bfc062723c751e8b465ee728b)
Start importing Assets/Creatures/Models/Compsognathus/compC.png using Guid(c44c9e5c53a937f4da302d023ea40c2a) Importer(815301076,1909f56bfc062723c751e8b465ee728b)  -> (artifact id: '64b96cda73e23158ead0ec165fafb911') in 0.017959 seconds
Number of updated asset objects reloaded before import = 0
Number of asset objects unloaded after import = 2
========================================================================
Received Import Request.
  Time since last request: 0.000032 seconds.
  path: Assets/Creatures/Models/Compsognathus/compN.png
  artifactKey: Guid(00b594ec552b16d489c6aca1d47018ad) Importer(815301076,1909f56bfc062723c751e8b465ee728b)
Start importing Assets/Creatures/Models/Compsognathus/compN.png using Guid(00b594ec552b16d489c6aca1d47018ad) Importer(815301076,1909f56bfc062723c751e8b465ee728b)  -> (artifact id: 'e3ed3f3bf577d9316ca86e08dc290260') in 0.024587 seconds
Number of updated asset objects reloaded before import = 0
Number of asset objects unloaded after import = 2
========================================================================
Received Import Request.
  Time since last request: 0.672377 seconds.
  path: Assets/Creatures/Models/Dilophosaurus/diloA.png
  artifactKey: Guid(48d639352a6e6cf47ac048c6dbf8540f) Importer(815301076,1909f56bfc062723c751e8b465ee728b)
Start importing Assets/Creatures/Models/Dilophosaurus/diloA.png using Guid(48d639352a6e6cf47ac048c6dbf8540f) Importer(815301076,1909f56bfc062723c751e8b465ee728b)  -> (artifact id: '4c99464b3827946336b2f20e3afaa410') in 0.018366 seconds
Number of updated asset objects reloaded before import = 0
Number of asset objects unloaded after import = 2
========================================================================
Received Import Request.
  Time since last request: 0.254524 seconds.
  path: Assets/Creatures/Models/Dilophosaurus/diloN.png
  artifactKey: Guid(9c98ebe9915ccc147b6dbc0bc8a92f81) Importer(815301076,1909f56bfc062723c751e8b465ee728b)
Start importing Assets/Creatures/Models/Dilophosaurus/diloN.png using Guid(9c98ebe9915ccc147b6dbc0bc8a92f81) Importer(815301076,1909f56bfc062723c751e8b465ee728b)  -> (artifact id: '5425dd5c3487ead5417bd2f143028a2a') in 0.017162 seconds
Number of updated asset objects reloaded before import = 0
Number of asset objects unloaded after import = 2
========================================================================
Received Import Request.
  Time since last request: 0.020793 seconds.
  path: Assets/Creatures/Models/Dimetrodon/dimeB.png
  artifactKey: Guid(fe9e105a3320095479389ad2e34c6e98) Importer(815301076,1909f56bfc062723c751e8b465ee728b)
Start importing Assets/Creatures/Models/Dimetrodon/dimeB.png using Guid(fe9e105a3320095479389ad2e34c6e98) Importer(815301076,1909f56bfc062723c751e8b465ee728b)  -> (artifact id: 'dd60efef6d17546131b07db7f28d537e') in 0.018946 seconds
Number of updated asset objects reloaded before import = 0
Number of asset objects unloaded after import = 2
========================================================================
Received Import Request.
  Time since last request: 0.000020 seconds.
  path: Assets/Creatures/Models/Dimetrodon/dimeC.png
  artifactKey: Guid(4b7730027d4d0334bbd4708f1122d683) Importer(815301076,1909f56bfc062723c751e8b465ee728b)
Start importing Assets/Creatures/Models/Dimetrodon/dimeC.png using Guid(4b7730027d4d0334bbd4708f1122d683) Importer(815301076,1909f56bfc062723c751e8b465ee728b)  -> (artifact id: 'fc1521d879aef7606935c7fa24b26b91') in 0.020518 seconds
Number of updated asset objects reloaded before import = 0
Number of asset objects unloaded after import = 2
========================================================================
Received Import Request.
  Time since last request: 7.610660 seconds.
  path: Assets/Creatures/Models/Stegosaurus/steg.mat
  artifactKey: Guid(d191c9a9330efe24eb0483a9a6e30607) Importer(815301076,1909f56bfc062723c751e8b465ee728b)
Start importing Assets/Creatures/Models/Stegosaurus/steg.mat using Guid(d191c9a9330efe24eb0483a9a6e30607) Importer(815301076,1909f56bfc062723c751e8b465ee728b)  -> (artifact id: '5e66a1a28526b8838c16875f8a2a9847') in 0.061192 seconds
Number of updated asset objects reloaded before import = 0
Number of asset objects unloaded after import = 3
========================================================================
Received Import Request.
  Time since last request: 0.000026 seconds.
  path: Assets/Creatures/Models/Stegosaurus/stegB.png
  artifactKey: Guid(335ccbe76496b6642be1ac3de09568bc) Importer(815301076,1909f56bfc062723c751e8b465ee728b)
Start importing Assets/Creatures/Models/Stegosaurus/stegB.png using Guid(335ccbe76496b6642be1ac3de09568bc) Importer(815301076,1909f56bfc062723c751e8b465ee728b)  -> (artifact id: 'b5fa9e9021a82f80225d8acaed80ad53') in 0.019973 seconds
Number of updated asset objects reloaded before import = 0
Number of asset objects unloaded after import = 2
========================================================================
Received Import Request.
  Time since last request: 0.000026 seconds.
  path: Assets/Creatures/Models/Stegosaurus/stegC.png
  artifactKey: Guid(a0c54df15ff22c64a92fb57d42a4aad1) Importer(815301076,1909f56bfc062723c751e8b465ee728b)
Start importing Assets/Creatures/Models/Stegosaurus/stegC.png using Guid(a0c54df15ff22c64a92fb57d42a4aad1) Importer(815301076,1909f56bfc062723c751e8b465ee728b)  -> (artifact id: '789de58864572b8dfd6ba9279c5af619') in 0.027269 seconds
Number of updated asset objects reloaded before import = 0
Number of asset objects unloaded after import = 2
========================================================================
Received Import Request.
  Time since last request: 0.000022 seconds.
  path: Assets/Creatures/Models/Stegosaurus/stegA.png
  artifactKey: Guid(adf5eb9bd30fd3d4b9cf6ec5d84e1d7a) Importer(815301076,1909f56bfc062723c751e8b465ee728b)
Start importing Assets/Creatures/Models/Stegosaurus/stegA.png using Guid(adf5eb9bd30fd3d4b9cf6ec5d84e1d7a) Importer(815301076,1909f56bfc062723c751e8b465ee728b)  -> (artifact id: '9acb301786ef5fa38e706394375cd552') in 0.029983 seconds
Number of updated asset objects reloaded before import = 0
Number of asset objects unloaded after import = 2
========================================================================
Received Import Request.
  Time since last request: 0.000030 seconds.
  path: Assets/Creatures/Models/Stegosaurus/stegN.png
  artifactKey: Guid(767ccc281ed68954b9821b893e19d98c) Importer(815301076,1909f56bfc062723c751e8b465ee728b)
Start importing Assets/Creatures/Models/Stegosaurus/stegN.png using Guid(767ccc281ed68954b9821b893e19d98c) Importer(815301076,1909f56bfc062723c751e8b465ee728b)  -> (artifact id: 'acc463b2869e164ac218bf5c446a4ed7') in 0.041721 seconds
Number of updated asset objects reloaded before import = 0
Number of asset objects unloaded after import = 2
========================================================================
Received Import Request.
  Time since last request: 2.284664 seconds.
  path: Assets/Creatures/Models/Spinosaurus/spino.mat
  artifactKey: Guid(ae923451cd1b81c44bde4b88771406fa) Importer(815301076,1909f56bfc062723c751e8b465ee728b)
Start importing Assets/Creatures/Models/Spinosaurus/spino.mat using Guid(ae923451cd1b81c44bde4b88771406fa) Importer(815301076,1909f56bfc062723c751e8b465ee728b)  -> (artifact id: '430963518af8558a65950de7df353885') in 0.019865 seconds
Number of updated asset objects reloaded before import = 0
Number of asset objects unloaded after import = 3
========================================================================
Received Import Request.
  Time since last request: 0.000017 seconds.
  path: Assets/Creatures/Models/Spinosaurus/spinoC.png
  artifactKey: Guid(837eb8ad1519cd3499006fb58a01484c) Importer(815301076,1909f56bfc062723c751e8b465ee728b)
Start importing Assets/Creatures/Models/Spinosaurus/spinoC.png using Guid(837eb8ad1519cd3499006fb58a01484c) Importer(815301076,1909f56bfc062723c751e8b465ee728b)  -> (artifact id: '589e07da47bdbd5155a51b0f84050a42') in 0.019345 seconds
Number of updated asset objects reloaded before import = 0
Number of asset objects unloaded after import = 2
========================================================================
Received Import Request.
  Time since last request: 0.000034 seconds.
  path: Assets/Creatures/Models/Spinosaurus/spinoN.png
  artifactKey: Guid(8af1146a37ff9484e8beecf507de78d1) Importer(815301076,1909f56bfc062723c751e8b465ee728b)
Start importing Assets/Creatures/Models/Spinosaurus/spinoN.png using Guid(8af1146a37ff9484e8beecf507de78d1) Importer(815301076,1909f56bfc062723c751e8b465ee728b)  -> (artifact id: '6d5d160371b55439f1293017b5b482c8') in 0.027386 seconds
Number of updated asset objects reloaded before import = 0
Number of asset objects unloaded after import = 2
========================================================================
Received Prepare
Begin MonoManager ReloadAssembly
- Loaded All Assemblies, in  0.214 seconds
Refreshing native plugins compatible for Editor in 0.00 ms, found 0 plugins.
Native extension for WindowsStandalone target not found
Native extension for WebGL target not found
Mono: successfully reloaded assembly
- Finished resetting the current domain, in  0.280 seconds
Domain Reload Profiling: 493ms
	BeginReloadAssembly (138ms)
		ExecutionOrderSort (0ms)
		DisableScriptedObjects (4ms)
		BackupInstance (0ms)
		ReleaseScriptingObjects (0ms)
		CreateAndSetChildDomain (18ms)
	RebuildCommonClasses (32ms)
	RebuildNativeTypeToScriptingClass (10ms)
	initialDomainReloadingComplete (24ms)
	LoadAllAssembliesAndSetupDomain (8ms)
		LoadAssemblies (91ms)
		RebuildTransferFunctionScriptingTraits (0ms)
		AnalyzeDomain (5ms)
			TypeCache.Refresh (3ms)
				TypeCache.ScanAssembly (0ms)
			ScanForSourceGeneratedMonoScriptInfo (0ms)
			ResolveRequiredComponents (1ms)
	FinalizeReload (281ms)
		ReleaseScriptCaches (0ms)
		RebuildScriptCaches (0ms)
		SetupLoadedEditorAssemblies (169ms)
			LogAssemblyErrors (0ms)
			InitializePlatformSupportModulesInManaged (7ms)
			SetLoadedEditorAssemblies (5ms)
			RefreshPlugins (0ms)
			BeforeProcessingInitializeOnLoad (26ms)
			ProcessInitializeOnLoadAttributes (107ms)
			ProcessInitializeOnLoadMethodAttributes (17ms)
			AfterProcessingInitializeOnLoad (7ms)
			EditorAssembliesLoaded (0ms)
		ExecutionOrderSort2 (0ms)
		AwakeInstancesAfterBackupRestoration (6ms)
Refreshing native plugins compatible for Editor in 0.00 ms, found 0 plugins.
Preloading 0 native plugins for Editor in 0.00 ms.
Unloading 27 Unused Serialized files (Serialized files now loaded: 0)
Unloading 1 unused Assets / (22.7 KB). Loaded Objects now: 588.
Memory consumption went from 97.9 MB to 97.9 MB.
Total: 2.045000 ms (FindLiveObjects: 0.041900 ms CreateObjectMapping: 0.003600 ms MarkObjects: 1.982300 ms  DeleteObjects: 0.016400 ms)

Prepare: number of updated asset objects reloaded= 0
AssetImportParameters requested are different than current active one (requested -> active):
  custom:container-muxer-webm: aa71ff27fc2769a1b78a27578f13a17b -> 
  custom:scripting/monoscript/fileName/JPWater.cs: 197d7a51d4a61aac1a0b645c819e657d -> 
  custom:scripting/monoscript/fileName/ovi.cs: 978983d04a685c2d61191d179e13da1f -> 2b802c44c06968a747a37b6d62f77129
  custom:video-encoder-webm-vp8: eb34c28f22e8b96e1ab97ce403110664 -> 
  custom:scripting/monoscript/fileName/ptera.cs: 61e1d317b712da062299c03b9a9f8282 -> 4a67ed1a01ca695af65cf27b5854bcf0
  custom:audio-encoder-webm-vorbis: bf7c407c2cedff20999df2af8eb42d56 -> 
  custom:scripting/monoscript/fileName/dilo.cs: 3c9db1a6c2b03a17ae6a03848623096d -> aa33587ecc58a87dab44aa71202aa5f7
  custom:scripting/monoscript/fileName/comp.cs: fda0003943b476b790ffb44d58d85382 -> 291156e63a91aedddf6bd7712fa1c550
  custom:container-demuxer-ogg: 62fdf1f143b41e24485cea50d1cbac27 -> 
  custom:video-decoder-webm-vp8: 9c59270c3fd7afecdb556c50c9e8de78 -> 
  custom:scripting/monoscript/fileName/para.cs: 50ff1e7338ddd96a339685334055c2cc -> c67129409a535afaa373dcf1da4b6b39
  custom:audio-decoder-ogg-vorbis: bf7c407c2cedff20999df2af8eb42d56 -> 
  custom:AudioImporter_EditorPlatform: d09bf68614088b80899f8185d706f6e7 -> 
  custom:video-decoder-ogg-theora: a1e56fd34408186e4bbccfd4996cb3dc -> 
  custom:container-demuxer-webm: 4f35f7cbe854078d1ac9338744f61a02 -> 
  custom:scripting/monoscript/fileName/dime.cs: d81f62d40699d7bbf2074d0987b6e5b4 -> 8341ec5cd2e8c88e4c52f115191649f3
  custom:scripting/monoscript/fileName/anky.cs: d5cf5b3eab929cf2b853b84f2420fa2b -> a57ea0a22764c6c0a141be720fc29c47
  custom:scripting/monoscript/fileName/rap.cs: 7d88192879dd006b39ac28e47b27484b -> 828af70891bac76f4cefd151f27dba8a
  custom:CustomObjectIndexerAttribute: 756ad292c208cfabdd7b50bc23989ffe -> 
  custom:scripting/monoscript/fileName/spino.cs: 7dfde6a661f604e8345401631a24390d -> 35319176bdb166f3fe7f79599b16028d
  custom:framework-win-MediaFoundation: 216162199b28c13a410421893ffa2e32 -> 
  custom:SearchIndexIgnoredProperties: e643bd26f0fe6173181afceb89e7c659 -> 
  custom:scripting/monoscript/fileName/brach.cs: 51f1030383e851978416b82613bd0b96 -> 1b60268d47bd59147b218b43be6e1abb
  custom:scripting/monoscript/fileName/shared.cs: 9ba28fb7fc5a6aa2b2d4c593c919e641 -> f0c3dc3c068420536d4ff5772de0179e
  custom:scripting/monoscript/fileName/tric.cs: f0e64e9b06985a50592dfea5a8936d40 -> a57242556ce7739d71f8d12c6dcbf125
  custom:scripting/monoscript/fileName/steg.cs: 4305f2e15284687d0dde0cdbc724c273 -> d74ab501e4b705eb82600f57f41a0bbf
  custom:scripting/monoscript/fileName/rex.cs: 722b0ceb0ff26ea526857704f1e3ca92 -> d718bebd91b41d737a7e1d9fcf6ab43d
Editor requested this worker to shutdown with reason: Scaling down because of idle timeout
TcpMessagingSession - receive error: operation aborted. errorcode: 995, details: The I/O operation has been aborted because of either a thread exit or an application request.
AssetImportWorker is now disconnected from the server
Process exiting
Exiting without the bug reporter. Application will terminate with return code 0