Using pre-set license
Built from '2022.3/staging' branch; Version is '2022.3.11f1 (d00248457e15) revision 13632072'; Using compiler version '192829333'; Build Type 'Release'
OS: 'Windows 11  (10.0.22621) 64bit CoreSingleLanguage' Language: 'en' Physical Memory: 15724 MB
BatchMode: 1, IsHumanControllingUs: 0, StartBugReporterOnCrash: 0, Is64bit: 1, IsPro: 1

COMMAND LINE ARGUMENTS:
C:\Program Files\Unity\Hub\Editor\2022.3.11f1\Editor\Unity.exe
-adb2
-batchMode
-noUpm
-name
AssetImportWorker3
-projectPath
C:/Users/EXA/OneDrive/Dokumen/Grafkom/Final Project/final-project-el-psy-congroo
-logFile
Logs/AssetImportWorker3.log
-srvPort
52395
Successfully changed project path to: C:/Users/EXA/OneDrive/Dokumen/Grafkom/Final Project/final-project-el-psy-congroo
C:/Users/EXA/OneDrive/Dokumen/Grafkom/Final Project/final-project-el-psy-congroo
[UnityMemory] Configuration Parameters - Can be set up in boot.config
    "memorysetup-bucket-allocator-granularity=16"
    "memorysetup-bucket-allocator-bucket-count=8"
    "memorysetup-bucket-allocator-block-size=33554432"
    "memorysetup-bucket-allocator-block-count=8"
    "memorysetup-main-allocator-block-size=16777216"
    "memorysetup-thread-allocator-block-size=16777216"
    "memorysetup-gfx-main-allocator-block-size=16777216"
    "memorysetup-gfx-thread-allocator-block-size=16777216"
    "memorysetup-cache-allocator-block-size=4194304"
    "memorysetup-typetree-allocator-block-size=2097152"
    "memorysetup-profiler-bucket-allocator-granularity=16"
    "memorysetup-profiler-bucket-allocator-bucket-count=8"
    "memorysetup-profiler-bucket-allocator-block-size=33554432"
    "memorysetup-profiler-bucket-allocator-block-count=8"
    "memorysetup-profiler-allocator-block-size=16777216"
    "memorysetup-profiler-editor-allocator-block-size=1048576"
    "memorysetup-temp-allocator-size-main=16777216"
    "memorysetup-job-temp-allocator-block-size=2097152"
    "memorysetup-job-temp-allocator-block-size-background=1048576"
    "memorysetup-job-temp-allocator-reduction-small-platforms=262144"
    "memorysetup-allocator-temp-initial-block-size-main=262144"
    "memorysetup-allocator-temp-initial-block-size-worker=262144"
    "memorysetup-temp-allocator-size-background-worker=32768"
    "memorysetup-temp-allocator-size-job-worker=262144"
    "memorysetup-temp-allocator-size-preload-manager=33554432"
    "memorysetup-temp-allocator-size-nav-mesh-worker=65536"
    "memorysetup-temp-allocator-size-audio-worker=65536"
    "memorysetup-temp-allocator-size-cloud-worker=32768"
    "memorysetup-temp-allocator-size-gi-baking-worker=262144"
    "memorysetup-temp-allocator-size-gfx=262144"
Player connection [38400] Host "[IP] 169.254.99.221 [Port] 0 [Flags] 2 [Guid] 357916293 [EditorId] 357916293 [Version] 1048832 [Id] WindowsEditor(7,Exa) [Debug] 1 [PackageName] WindowsEditor [ProjectName] Editor" joined multi-casting on [225.0.0.222:54997]...

Player connection [38400] Host "[IP] 169.254.99.221 [Port] 0 [Flags] 2 [Guid] 357916293 [EditorId] 357916293 [Version] 1048832 [Id] WindowsEditor(7,Exa) [Debug] 1 [PackageName] WindowsEditor [ProjectName] Editor" joined alternative multi-casting on [225.0.0.222:34997]...

[Physics::Module] Initialized MultithreadedJobDispatcher with 15 workers.
Refreshing native plugins compatible for Editor in 0.00 ms, found 0 plugins.
Preloading 0 native plugins for Editor in 0.00 ms.
Initialize engine version: 2022.3.11f1 (d00248457e15)
[Subsystems] Discovering subsystems at path C:/Program Files/Unity/Hub/Editor/2022.3.11f1/Editor/Data/Resources/UnitySubsystems
[Subsystems] Discovering subsystems at path C:/Users/EXA/OneDrive/Dokumen/Grafkom/Final Project/final-project-el-psy-congroo/Assets
GfxDevice: creating device client; threaded=0; jobified=0
Direct3D:
    Version:  Direct3D 11.0 [level 11.1]
    Renderer: NVIDIA GeForce RTX 3060 Laptop GPU (ID=0x2520)
    Vendor:   NVIDIA
    VRAM:     6010 MB
    Driver:   31.0.15.4617
Initialize mono
Mono path[0] = 'C:/Program Files/Unity/Hub/Editor/2022.3.11f1/Editor/Data/Managed'
Mono path[1] = 'C:/Program Files/Unity/Hub/Editor/2022.3.11f1/Editor/Data/MonoBleedingEdge/lib/mono/unityjit-win32'
Mono config path = 'C:/Program Files/Unity/Hub/Editor/2022.3.11f1/Editor/Data/MonoBleedingEdge/etc'
Using monoOptions --debugger-agent=transport=dt_socket,embedding=1,server=y,suspend=n,address=127.0.0.1:56320
Begin MonoManager ReloadAssembly
Registering precompiled unity dll's ...
Register platform support module: C:/Program Files/Unity/Hub/Editor/2022.3.11f1/Editor/Data/PlaybackEngines/WebGLSupport/UnityEditor.WebGL.Extensions.dll
Register platform support module: C:/Program Files/Unity/Hub/Editor/2022.3.11f1/Editor/Data/PlaybackEngines/WindowsStandaloneSupport/UnityEditor.WindowsStandalone.Extensions.dll
Registered in 0.009791 seconds.
- Loaded All Assemblies, in  0.469 seconds
Native extension for WindowsStandalone target not found
Native extension for WebGL target not found
Mono: successfully reloaded assembly
- Finished resetting the current domain, in  0.326 seconds
Domain Reload Profiling: 792ms
	BeginReloadAssembly (150ms)
		ExecutionOrderSort (0ms)
		DisableScriptedObjects (0ms)
		BackupInstance (0ms)
		ReleaseScriptingObjects (0ms)
		CreateAndSetChildDomain (1ms)
	RebuildCommonClasses (43ms)
	RebuildNativeTypeToScriptingClass (13ms)
	initialDomainReloadingComplete (74ms)
	LoadAllAssembliesAndSetupDomain (185ms)
		LoadAssemblies (147ms)
		RebuildTransferFunctionScriptingTraits (0ms)
		AnalyzeDomain (182ms)
			TypeCache.Refresh (180ms)
				TypeCache.ScanAssembly (163ms)
			ScanForSourceGeneratedMonoScriptInfo (0ms)
			ResolveRequiredComponents (0ms)
	FinalizeReload (327ms)
		ReleaseScriptCaches (0ms)
		RebuildScriptCaches (0ms)
		SetupLoadedEditorAssemblies (252ms)
			LogAssemblyErrors (0ms)
			InitializePlatformSupportModulesInManaged (16ms)
			SetLoadedEditorAssemblies (7ms)
			RefreshPlugins (0ms)
			BeforeProcessingInitializeOnLoad (3ms)
			ProcessInitializeOnLoadAttributes (168ms)
			ProcessInitializeOnLoadMethodAttributes (59ms)
			AfterProcessingInitializeOnLoad (0ms)
			EditorAssembliesLoaded (0ms)
		ExecutionOrderSort2 (0ms)
		AwakeInstancesAfterBackupRestoration (0ms)
========================================================================
Worker process is ready to serve import requests
Begin MonoManager ReloadAssembly
- Loaded All Assemblies, in  0.295 seconds
Refreshing native plugins compatible for Editor in 0.00 ms, found 0 plugins.
Native extension for WindowsStandalone target not found
Native extension for WebGL target not found
Mono: successfully reloaded assembly
- Finished resetting the current domain, in  0.414 seconds
Domain Reload Profiling: 707ms
	BeginReloadAssembly (196ms)
		ExecutionOrderSort (0ms)
		DisableScriptedObjects (8ms)
		BackupInstance (0ms)
		ReleaseScriptingObjects (0ms)
		CreateAndSetChildDomain (40ms)
	RebuildCommonClasses (41ms)
	RebuildNativeTypeToScriptingClass (10ms)
	initialDomainReloadingComplete (32ms)
	LoadAllAssembliesAndSetupDomain (13ms)
		LoadAssemblies (106ms)
		RebuildTransferFunctionScriptingTraits (0ms)
		AnalyzeDomain (9ms)
			TypeCache.Refresh (7ms)
				TypeCache.ScanAssembly (1ms)
			ScanForSourceGeneratedMonoScriptInfo (1ms)
			ResolveRequiredComponents (1ms)
	FinalizeReload (415ms)
		ReleaseScriptCaches (0ms)
		RebuildScriptCaches (0ms)
		SetupLoadedEditorAssemblies (252ms)
			LogAssemblyErrors (0ms)
			InitializePlatformSupportModulesInManaged (13ms)
			SetLoadedEditorAssemblies (8ms)
			RefreshPlugins (0ms)
			BeforeProcessingInitializeOnLoad (43ms)
			ProcessInitializeOnLoadAttributes (159ms)
			ProcessInitializeOnLoadMethodAttributes (21ms)
			AfterProcessingInitializeOnLoad (8ms)
			EditorAssembliesLoaded (0ms)
		ExecutionOrderSort2 (0ms)
		AwakeInstancesAfterBackupRestoration (9ms)
Launched and connected shader compiler UnityShaderCompiler.exe after 0.07 seconds
Refreshing native plugins compatible for Editor in 0.00 ms, found 0 plugins.
Preloading 0 native plugins for Editor in 0.00 ms.
Unloading 20 Unused Serialized files (Serialized files now loaded: 0)
Unloading 3 unused Assets / (48.9 KB). Loaded Objects now: 515.
Memory consumption went from 86.0 MB to 86.0 MB.
Total: 6.890400 ms (FindLiveObjects: 0.081600 ms CreateObjectMapping: 0.006700 ms MarkObjects: 6.652400 ms  DeleteObjects: 0.147500 ms)

AssetImportParameters requested are different than current active one (requested -> active):
  custom:video-decoder-ogg-theora: a1e56fd34408186e4bbccfd4996cb3dc -> 
  custom:container-muxer-webm: aa71ff27fc2769a1b78a27578f13a17b -> 
  custom:container-demuxer-webm: 4f35f7cbe854078d1ac9338744f61a02 -> 
  custom:video-encoder-webm-vp8: eb34c28f22e8b96e1ab97ce403110664 -> 
  custom:audio-encoder-webm-vorbis: bf7c407c2cedff20999df2af8eb42d56 -> 
  custom:framework-win-MediaFoundation: 216162199b28c13a410421893ffa2e32 -> 
  custom:SearchIndexIgnoredProperties: e643bd26f0fe6173181afceb89e7c659 -> 
  custom:container-demuxer-ogg: 62fdf1f143b41e24485cea50d1cbac27 -> 
  custom:video-decoder-webm-vp8: 9c59270c3fd7afecdb556c50c9e8de78 -> 
  custom:audio-decoder-ogg-vorbis: bf7c407c2cedff20999df2af8eb42d56 -> 
  custom:AudioImporter_EditorPlatform: d09bf68614088b80899f8185d706f6e7 -> 
========================================================================
Received Import Request.
  Time since last request: 363773.812293 seconds.
  path: Assets/Conifers [BOTD]/Shared Sources/Meshes/SM Conifer Small LOD0.asset
  artifactKey: Guid(aaf76b55071db41b0bde5e2ebb830601) Importer(2089858483,0ecaa5967403d082aa24f35e1b516d23)
Start importing Assets/Conifers [BOTD]/Shared Sources/Meshes/SM Conifer Small LOD0.asset using Guid(aaf76b55071db41b0bde5e2ebb830601) Importer(2089858483,0ecaa5967403d082aa24f35e1b516d23) Generated GUIDs only implemented for interfaces!
 -> (artifact id: '21ea50e0d5d208623fd120543568bf25') in 0.261719 seconds
Number of updated asset objects reloaded before import = 0
Number of asset objects unloaded after import = 1
========================================================================
Received Import Request.
  Time since last request: 0.000093 seconds.
  path: Assets/ADG_Textures/Demo/DemoScene.unity
  artifactKey: Guid(a302e5357d3888344b41e9fbec2f3f03) Importer(2089858483,0ecaa5967403d082aa24f35e1b516d23)
Start importing Assets/ADG_Textures/Demo/DemoScene.unity using Guid(a302e5357d3888344b41e9fbec2f3f03) Importer(2089858483,0ecaa5967403d082aa24f35e1b516d23) Generated GUIDs only implemented for interfaces!
 -> (artifact id: '1aa5e554e90766904e955c78091d8e68') in 0.014328 seconds
Number of updated asset objects reloaded before import = 0
Number of asset objects unloaded after import = 1
========================================================================
Received Import Request.
  Time since last request: 0.000069 seconds.
  path: Assets/Conifers [BOTD]/Shared Sources/Textures/BODT Conifer x Stump [Normal] [AO] [Specular].tif
  artifactKey: Guid(7292f645408434cb896aaee2fd9c2a14) Importer(2089858483,0ecaa5967403d082aa24f35e1b516d23)
Start importing Assets/Conifers [BOTD]/Shared Sources/Textures/BODT Conifer x Stump [Normal] [AO] [Specular].tif using Guid(7292f645408434cb896aaee2fd9c2a14) Importer(2089858483,0ecaa5967403d082aa24f35e1b516d23) Generated GUIDs only implemented for interfaces!
 -> (artifact id: '58a29cbdedac6adcee5ecf02cff84ba0') in 0.122193 seconds
Number of updated asset objects reloaded before import = 0
Number of asset objects unloaded after import = 1
========================================================================
Received Import Request.
  Time since last request: 0.000018 seconds.
  path: Assets/Conifers [BOTD]/Render Pipeline Support/Built-in RP/CTI Runtime Components/Scripts/CTI_Utils.cs
  artifactKey: Guid(a6013210bd40b4cde9944fed4d9f8082) Importer(2089858483,0ecaa5967403d082aa24f35e1b516d23)
Start importing Assets/Conifers [BOTD]/Render Pipeline Support/Built-in RP/CTI Runtime Components/Scripts/CTI_Utils.cs using Guid(a6013210bd40b4cde9944fed4d9f8082) Importer(2089858483,0ecaa5967403d082aa24f35e1b516d23) Generated GUIDs only implemented for interfaces!
 -> (artifact id: '9494bc8fdee2a398a605b19da0662a24') in 0.017192 seconds
Number of updated asset objects reloaded before import = 0
Number of asset objects unloaded after import = 1
========================================================================
Received Import Request.
  Time since last request: 0.000062 seconds.
  path: Assets/Grass And Flowers Pack 1/Example Scene/Skyboxes/Sunny1 Skybox.mat
  artifactKey: Guid(a2126534b3a11b34e977105bd9e3cc03) Importer(2089858483,0ecaa5967403d082aa24f35e1b516d23)
Start importing Assets/Grass And Flowers Pack 1/Example Scene/Skyboxes/Sunny1 Skybox.mat using Guid(a2126534b3a11b34e977105bd9e3cc03) Importer(2089858483,0ecaa5967403d082aa24f35e1b516d23) Generated GUIDs only implemented for interfaces!
 -> (artifact id: '7c2d2aba39c37643bfcf719b7c7bd8a8') in 0.095531 seconds
Number of updated asset objects reloaded before import = 0
Number of asset objects unloaded after import = 7
========================================================================
Received Import Request.
  Time since last request: 0.000037 seconds.
  path: Assets/ADG_Textures/ground_vol1/ground9/ground9_Height.tga
  artifactKey: Guid(e9a070d57a52c914893b85e9501c4344) Importer(2089858483,0ecaa5967403d082aa24f35e1b516d23)
Start importing Assets/ADG_Textures/ground_vol1/ground9/ground9_Height.tga using Guid(e9a070d57a52c914893b85e9501c4344) Importer(2089858483,0ecaa5967403d082aa24f35e1b516d23) Generated GUIDs only implemented for interfaces!
 -> (artifact id: '4998c48bb5d95f3d28984e14a955dc4a') in 0.041067 seconds
Number of updated asset objects reloaded before import = 0
Number of asset objects unloaded after import = 1
========================================================================
Received Import Request.
  Time since last request: 0.000049 seconds.
  path: Assets/Conifers [BOTD]/Shared Sources/Meshes/SM Conifer Tall LOD1.asset
  artifactKey: Guid(07ec567d1ba5c4f178bbc3f291f0d315) Importer(2089858483,0ecaa5967403d082aa24f35e1b516d23)
Start importing Assets/Conifers [BOTD]/Shared Sources/Meshes/SM Conifer Tall LOD1.asset using Guid(07ec567d1ba5c4f178bbc3f291f0d315) Importer(2089858483,0ecaa5967403d082aa24f35e1b516d23) Generated GUIDs only implemented for interfaces!
 -> (artifact id: '358ccfe203cba865c63ca05c6884d93b') in 0.018755 seconds
Number of updated asset objects reloaded before import = 0
Number of asset objects unloaded after import = 1
========================================================================
Received Import Request.
  Time since last request: 0.000046 seconds.
  path: Assets/Grass And Flowers Pack 1/Bush/Bush 1.png
  artifactKey: Guid(021e2ef4de3b13e4b85e10d230b9a52c) Importer(2089858483,0ecaa5967403d082aa24f35e1b516d23)
Start importing Assets/Grass And Flowers Pack 1/Bush/Bush 1.png using Guid(021e2ef4de3b13e4b85e10d230b9a52c) Importer(2089858483,0ecaa5967403d082aa24f35e1b516d23) Generated GUIDs only implemented for interfaces!
 -> (artifact id: '25ef0a58130931f9b3844a2fc7a7aaa8') in 0.041333 seconds
Number of updated asset objects reloaded before import = 0
Number of asset objects unloaded after import = 1
========================================================================
Received Import Request.
  Time since last request: 0.000021 seconds.
  path: Assets/Grass And Flowers Pack 1/Bush/Bush 8.png
  artifactKey: Guid(5fd606df687c15340965bd70b73e6f3d) Importer(2089858483,0ecaa5967403d082aa24f35e1b516d23)
Start importing Assets/Grass And Flowers Pack 1/Bush/Bush 8.png using Guid(5fd606df687c15340965bd70b73e6f3d) Importer(2089858483,0ecaa5967403d082aa24f35e1b516d23) Generated GUIDs only implemented for interfaces!
 -> (artifact id: '9bd260faadfbdcd6d01441f390450285') in 0.040889 seconds
Number of updated asset objects reloaded before import = 0
Number of asset objects unloaded after import = 1
========================================================================
Received Import Request.
  Time since last request: 0.000033 seconds.
  path: Assets/Grass And Flowers Pack 1/Flower/Flower 15.png
  artifactKey: Guid(9aec2d44e96e07f4d94104087a886541) Importer(2089858483,0ecaa5967403d082aa24f35e1b516d23)
Start importing Assets/Grass And Flowers Pack 1/Flower/Flower 15.png using Guid(9aec2d44e96e07f4d94104087a886541) Importer(2089858483,0ecaa5967403d082aa24f35e1b516d23) Generated GUIDs only implemented for interfaces!
 -> (artifact id: 'a91c69e2466f933774d847006c498b0b') in 0.041404 seconds
Number of updated asset objects reloaded before import = 0
Number of asset objects unloaded after import = 1
========================================================================
Received Import Request.
  Time since last request: 0.000019 seconds.
  path: Assets/ADG_Textures/ground_vol1/ground11/ground11.mat
  artifactKey: Guid(0b9b69ec22bd9824dbcacaf79a566cdc) Importer(2089858483,0ecaa5967403d082aa24f35e1b516d23)
Start importing Assets/ADG_Textures/ground_vol1/ground11/ground11.mat using Guid(0b9b69ec22bd9824dbcacaf79a566cdc) Importer(2089858483,0ecaa5967403d082aa24f35e1b516d23) Generated GUIDs only implemented for interfaces!
 -> (artifact id: '0f1542c5cb4d04f13da90d9b30415ec4') in 0.076697 seconds
Number of updated asset objects reloaded before import = 0
Number of asset objects unloaded after import = 5
========================================================================
Received Import Request.
  Time since last request: 0.000026 seconds.
  path: Assets/Conifers [BOTD]/Render Pipeline Support/Built-in RP/Sources/Billboards/Conifer Small_BillboardMaterial.mat
  artifactKey: Guid(fba25871281c3416cbb4faf8edfb3a1c) Importer(2089858483,0ecaa5967403d082aa24f35e1b516d23)
Start importing Assets/Conifers [BOTD]/Render Pipeline Support/Built-in RP/Sources/Billboards/Conifer Small_BillboardMaterial.mat using Guid(fba25871281c3416cbb4faf8edfb3a1c) Importer(2089858483,0ecaa5967403d082aa24f35e1b516d23) Generated GUIDs only implemented for interfaces!
 -> (artifact id: '935200b3a280e95d89383aedc53ab49c') in 0.052694 seconds
Number of updated asset objects reloaded before import = 0
Number of asset objects unloaded after import = 3
========================================================================
Received Import Request.
  Time since last request: 0.000041 seconds.
  path: Assets/Conifers [BOTD]/Render Pipeline Support/Built-in RP/Sources/Billboards/Conifer Tall_BillboardAsset.asset
  artifactKey: Guid(cd6e2d55445fa449ea39d6fd5f5b2452) Importer(2089858483,0ecaa5967403d082aa24f35e1b516d23)
Start importing Assets/Conifers [BOTD]/Render Pipeline Support/Built-in RP/Sources/Billboards/Conifer Tall_BillboardAsset.asset using Guid(cd6e2d55445fa449ea39d6fd5f5b2452) Importer(2089858483,0ecaa5967403d082aa24f35e1b516d23) Generated GUIDs only implemented for interfaces!
 -> (artifact id: '060fa251c0da1fb8107d482f9a811c0a') in 0.029798 seconds
Number of updated asset objects reloaded before import = 0
Number of asset objects unloaded after import = 2
========================================================================
Received Import Request.
  Time since last request: 0.000023 seconds.
  path: Assets/Conifers [BOTD]/Render Pipeline Support/Built-in RP/CTI Runtime Components/Scripts/Editor/CTI_ShaderGUI.cs
  artifactKey: Guid(71369e1df01d140e5888122d9de3bd6c) Importer(2089858483,0ecaa5967403d082aa24f35e1b516d23)
Start importing Assets/Conifers [BOTD]/Render Pipeline Support/Built-in RP/CTI Runtime Components/Scripts/Editor/CTI_ShaderGUI.cs using Guid(71369e1df01d140e5888122d9de3bd6c) Importer(2089858483,0ecaa5967403d082aa24f35e1b516d23) Generated GUIDs only implemented for interfaces!
 -> (artifact id: 'dfacec6d1a1953514234d8cf14b810b6') in 0.011821 seconds
Number of updated asset objects reloaded before import = 0
Number of asset objects unloaded after import = 1
========================================================================
Received Import Request.
  Time since last request: 0.000050 seconds.
  path: Assets/Conifers [BOTD]/Render Pipeline Support/Built-in RP/CTI Runtime Components/Scripts/Editor/CTI_DetailsEnum.cs
  artifactKey: Guid(7bb9e0160882341dfa7539c64f31f315) Importer(2089858483,0ecaa5967403d082aa24f35e1b516d23)
Start importing Assets/Conifers [BOTD]/Render Pipeline Support/Built-in RP/CTI Runtime Components/Scripts/Editor/CTI_DetailsEnum.cs using Guid(7bb9e0160882341dfa7539c64f31f315) Importer(2089858483,0ecaa5967403d082aa24f35e1b516d23) Generated GUIDs only implemented for interfaces!
 -> (artifact id: 'a16c29ed51ac1178451ee124fd18c459') in 0.013126 seconds
Number of updated asset objects reloaded before import = 0
Number of asset objects unloaded after import = 1
========================================================================
Received Import Request.
  Time since last request: 0.000082 seconds.
  path: Assets/Conifers [BOTD]/Render Pipeline Support/Built-in RP/CTI Runtime Components/Default Components/Resources/CTI_default_normal_spec_ao_Texture2DArray.asset
  artifactKey: Guid(7fd5245b1b9714fa2acf58c5bfd24030) Importer(2089858483,0ecaa5967403d082aa24f35e1b516d23)
Start importing Assets/Conifers [BOTD]/Render Pipeline Support/Built-in RP/CTI Runtime Components/Default Components/Resources/CTI_default_normal_spec_ao_Texture2DArray.asset using Guid(7fd5245b1b9714fa2acf58c5bfd24030) Importer(2089858483,0ecaa5967403d082aa24f35e1b516d23) Generated GUIDs only implemented for interfaces!
 -> (artifact id: '2c97f6d865d5e4a661c340bcc91710c4') in 0.027315 seconds
Number of updated asset objects reloaded before import = 0
Number of asset objects unloaded after import = 1
========================================================================
Received Import Request.
  Time since last request: 0.000022 seconds.
  path: Assets/Conifers [BOTD]/Shared Sources/Textures/Billboards/Billboard Bare/Conifer Bare [Albedo].png
  artifactKey: Guid(812b636c9bcef4b8aa194e3f6c9128e0) Importer(2089858483,0ecaa5967403d082aa24f35e1b516d23)
Start importing Assets/Conifers [BOTD]/Shared Sources/Textures/Billboards/Billboard Bare/Conifer Bare [Albedo].png using Guid(812b636c9bcef4b8aa194e3f6c9128e0) Importer(2089858483,0ecaa5967403d082aa24f35e1b516d23) Generated GUIDs only implemented for interfaces!
 -> (artifact id: '90b97b3513e2ab55107ad42a89cbc7af') in 0.029402 seconds
Number of updated asset objects reloaded before import = 0
Number of asset objects unloaded after import = 1
========================================================================
Received Import Request.
  Time since last request: 0.000025 seconds.
  path: Assets/Conifers [BOTD]/Render Pipeline Support/Built-in RP/CTI Runtime Components/Scripts/Editor/CTI_AdvancedEdgeFluttering.cs
  artifactKey: Guid(3bd7ba1dccff84229b37ae2455db67a1) Importer(2089858483,0ecaa5967403d082aa24f35e1b516d23)
Start importing Assets/Conifers [BOTD]/Render Pipeline Support/Built-in RP/CTI Runtime Components/Scripts/Editor/CTI_AdvancedEdgeFluttering.cs using Guid(3bd7ba1dccff84229b37ae2455db67a1) Importer(2089858483,0ecaa5967403d082aa24f35e1b516d23) Generated GUIDs only implemented for interfaces!
 -> (artifact id: 'a98ab56d3aaae2dbcd7261fa392b866f') in 0.015157 seconds
Number of updated asset objects reloaded before import = 0
Number of asset objects unloaded after import = 1
========================================================================
Received Import Request.
  Time since last request: 0.000049 seconds.
  path: Assets/Conifers [BOTD]/Render Pipeline Support/Built-in RP/CTI Runtime Components/Default Components/Resources/CTI_default_ao_trans_smoothness.psd
  artifactKey: Guid(46de76019358942b7b0dd6b41a2ae40a) Importer(2089858483,0ecaa5967403d082aa24f35e1b516d23)
Start importing Assets/Conifers [BOTD]/Render Pipeline Support/Built-in RP/CTI Runtime Components/Default Components/Resources/CTI_default_ao_trans_smoothness.psd using Guid(46de76019358942b7b0dd6b41a2ae40a) Importer(2089858483,0ecaa5967403d082aa24f35e1b516d23) Generated GUIDs only implemented for interfaces!
 -> (artifact id: '5fd7b8460561e27a09122cdde471e7f5') in 0.040130 seconds
Number of updated asset objects reloaded before import = 0
Number of asset objects unloaded after import = 1
========================================================================
Received Import Request.
  Time since last request: 0.000033 seconds.
  path: Assets/Conifers [BOTD]/Render Pipeline Support/Built-in RP/CTI Runtime Components/Default Components/Resources/CTI_default_billboard.asset
  artifactKey: Guid(9bd3442d5fe9f4e20b6cac0b0e31b793) Importer(2089858483,0ecaa5967403d082aa24f35e1b516d23)
Start importing Assets/Conifers [BOTD]/Render Pipeline Support/Built-in RP/CTI Runtime Components/Default Components/Resources/CTI_default_billboard.asset using Guid(9bd3442d5fe9f4e20b6cac0b0e31b793) Importer(2089858483,0ecaa5967403d082aa24f35e1b516d23) Generated GUIDs only implemented for interfaces!
 -> (artifact id: '4da6bdc22472b8ad4b0b3c679ee5cbad') in 0.022855 seconds
Number of updated asset objects reloaded before import = 0
Number of asset objects unloaded after import = 2
========================================================================
Received Import Request.
  Time since last request: 0.000017 seconds.
  path: Assets/Conifers [BOTD]/Shared Sources/Textures/Billboards/Billboard Medium/Conifer Medium [Albedo].png
  artifactKey: Guid(5f07a52da52e24af1b58f7c3f631068c) Importer(2089858483,0ecaa5967403d082aa24f35e1b516d23)
Start importing Assets/Conifers [BOTD]/Shared Sources/Textures/Billboards/Billboard Medium/Conifer Medium [Albedo].png using Guid(5f07a52da52e24af1b58f7c3f631068c) Importer(2089858483,0ecaa5967403d082aa24f35e1b516d23) Generated GUIDs only implemented for interfaces!
 -> (artifact id: 'ac9c10f77244d7ac2a8d008985829ec8') in 0.035753 seconds
Number of updated asset objects reloaded before import = 0
Number of asset objects unloaded after import = 1
========================================================================
Received Import Request.
  Time since last request: 0.000021 seconds.
  path: Assets/Conifers [BOTD]/Render Pipeline Support/Built-in RP/CTI Runtime Components/Shaders/Includes/CTI_indirect.cginc
  artifactKey: Guid(f9ed72d63ee8a47edbfc5cdeaf78181a) Importer(2089858483,0ecaa5967403d082aa24f35e1b516d23)
Start importing Assets/Conifers [BOTD]/Render Pipeline Support/Built-in RP/CTI Runtime Components/Shaders/Includes/CTI_indirect.cginc using Guid(f9ed72d63ee8a47edbfc5cdeaf78181a) Importer(2089858483,0ecaa5967403d082aa24f35e1b516d23) Generated GUIDs only implemented for interfaces!
 -> (artifact id: 'cab6e7a030942cd615c4dedd87ee9e8c') in 0.019011 seconds
Number of updated asset objects reloaded before import = 0
Number of asset objects unloaded after import = 1
========================================================================
Received Import Request.
  Time since last request: 0.000033 seconds.
  path: Assets/Conifers [BOTD]/Render Pipeline Support/Built-in RP/Sources/Billboards/Conifer Medium_BillboardAsset.asset
  artifactKey: Guid(197c8e740f87245c8bead1e852e09081) Importer(2089858483,0ecaa5967403d082aa24f35e1b516d23)
Start importing Assets/Conifers [BOTD]/Render Pipeline Support/Built-in RP/Sources/Billboards/Conifer Medium_BillboardAsset.asset using Guid(197c8e740f87245c8bead1e852e09081) Importer(2089858483,0ecaa5967403d082aa24f35e1b516d23) Generated GUIDs only implemented for interfaces!
 -> (artifact id: '3b9e459e65a8fb6d4c68f4cf7eb4a03a') in 0.022509 seconds
Number of updated asset objects reloaded before import = 0
Number of asset objects unloaded after import = 2
========================================================================
Received Import Request.
  Time since last request: 0.000043 seconds.
  path: Assets/Grass And Flowers Pack 1/Flower/Flower 21.png
  artifactKey: Guid(16b15ea92740a214a8e28885b158e160) Importer(2089858483,0ecaa5967403d082aa24f35e1b516d23)
Start importing Assets/Grass And Flowers Pack 1/Flower/Flower 21.png using Guid(16b15ea92740a214a8e28885b158e160) Importer(2089858483,0ecaa5967403d082aa24f35e1b516d23) Generated GUIDs only implemented for interfaces!
 -> (artifact id: '0f83acee98a7637b4e0b9cea60d5560f') in 0.036708 seconds
Number of updated asset objects reloaded before import = 0
Number of asset objects unloaded after import = 1
========================================================================
Received Import Request.
  Time since last request: 0.000030 seconds.
  path: Assets/Scenes/Jurassic.unity
  artifactKey: Guid(6230000a1e4688e468497f316c9b2ac9) Importer(2089858483,0ecaa5967403d082aa24f35e1b516d23)
Start importing Assets/Scenes/Jurassic.unity using Guid(6230000a1e4688e468497f316c9b2ac9) Importer(2089858483,0ecaa5967403d082aa24f35e1b516d23) Generated GUIDs only implemented for interfaces!
 -> (artifact id: 'd48468ac55fafc0c600306377f8bb0c2') in 0.011935 seconds
Number of updated asset objects reloaded before import = 0
Number of asset objects unloaded after import = 1
========================================================================
Received Import Request.
  Time since last request: 0.000083 seconds.
  path: Assets/JurrasicAsset/FPSController.cs
  artifactKey: Guid(cba818acec47334428ff8c34d33a4f4b) Importer(2089858483,0ecaa5967403d082aa24f35e1b516d23)
Start importing Assets/JurrasicAsset/FPSController.cs using Guid(cba818acec47334428ff8c34d33a4f4b) Importer(2089858483,0ecaa5967403d082aa24f35e1b516d23) Generated GUIDs only implemented for interfaces!
 -> (artifact id: '38c7cc7a1d95bb10859f7075299c1e0d') in 0.015507 seconds
Number of updated asset objects reloaded before import = 0
Number of asset objects unloaded after import = 1
========================================================================
Received Import Request.
  Time since last request: 0.000043 seconds.
  path: Assets/Grass And Flowers Pack 1/Flower/Flower 14.png
  artifactKey: Guid(8ce2ad0a75811cc46b9b36bce7f0287a) Importer(2089858483,0ecaa5967403d082aa24f35e1b516d23)
Start importing Assets/Grass And Flowers Pack 1/Flower/Flower 14.png using Guid(8ce2ad0a75811cc46b9b36bce7f0287a) Importer(2089858483,0ecaa5967403d082aa24f35e1b516d23) Generated GUIDs only implemented for interfaces!
 -> (artifact id: '9492c33cd86710291f170f49472b4d33') in 0.036187 seconds
Number of updated asset objects reloaded before import = 0
Number of asset objects unloaded after import = 1
========================================================================
Received Import Request.
  Time since last request: 0.000048 seconds.
  path: Assets/ADG_Textures/ground_vol1/ground12/ground12_Diffuse.tga
  artifactKey: Guid(e5bdfc3501c76e542bf68ff5e1c84f67) Importer(2089858483,0ecaa5967403d082aa24f35e1b516d23)
Start importing Assets/ADG_Textures/ground_vol1/ground12/ground12_Diffuse.tga using Guid(e5bdfc3501c76e542bf68ff5e1c84f67) Importer(2089858483,0ecaa5967403d082aa24f35e1b516d23) Generated GUIDs only implemented for interfaces!
 -> (artifact id: '6684a99a2913c90d6ae7ce4d7dabfcfe') in 0.030713 seconds
Number of updated asset objects reloaded before import = 0
Number of asset objects unloaded after import = 1
========================================================================
Received Import Request.
  Time since last request: 0.000197 seconds.
  path: Assets/ADG_Textures/ground_vol1/ground12/ground12_Normal.tga
  artifactKey: Guid(817358eba3aa2e34e9a0f73eb7850fe9) Importer(2089858483,0ecaa5967403d082aa24f35e1b516d23)
Start importing Assets/ADG_Textures/ground_vol1/ground12/ground12_Normal.tga using Guid(817358eba3aa2e34e9a0f73eb7850fe9) Importer(2089858483,0ecaa5967403d082aa24f35e1b516d23) Generated GUIDs only implemented for interfaces!
 -> (artifact id: 'deaa49e8759fe369ea49827cd78d3cb4') in 0.034415 seconds
Number of updated asset objects reloaded before import = 0
Number of asset objects unloaded after import = 1
========================================================================
Received Import Request.
  Time since last request: 0.000017 seconds.
  path: Assets/Grass And Flowers Pack 1/Flower/Grass Flower 11.png
  artifactKey: Guid(dc92af4c176c5f2458c3adbc09c77766) Importer(2089858483,0ecaa5967403d082aa24f35e1b516d23)
Start importing Assets/Grass And Flowers Pack 1/Flower/Grass Flower 11.png using Guid(dc92af4c176c5f2458c3adbc09c77766) Importer(2089858483,0ecaa5967403d082aa24f35e1b516d23) Generated GUIDs only implemented for interfaces!
 -> (artifact id: 'fd5e211e2113e108a4b4c91aed0e763e') in 0.037624 seconds
Number of updated asset objects reloaded before import = 0
Number of asset objects unloaded after import = 1
========================================================================
Received Import Request.
  Time since last request: 0.000032 seconds.
  path: Assets/Grass And Flowers Pack 1/Flower/Grass Flower 9.png
  artifactKey: Guid(be71e7916ae7b0e4faf4d22ccf62ad24) Importer(2089858483,0ecaa5967403d082aa24f35e1b516d23)
Start importing Assets/Grass And Flowers Pack 1/Flower/Grass Flower 9.png using Guid(be71e7916ae7b0e4faf4d22ccf62ad24) Importer(2089858483,0ecaa5967403d082aa24f35e1b516d23) Generated GUIDs only implemented for interfaces!
 -> (artifact id: 'de220f34108b1c85ed06830e2bf42d32') in 0.036701 seconds
Number of updated asset objects reloaded before import = 0
Number of asset objects unloaded after import = 1
========================================================================
Received Import Request.
  Time since last request: 0.000155 seconds.
  path: Assets/ADG_Textures/ground_vol1/ground14/ground14.mat
  artifactKey: Guid(3b7bee62bfdf81742a7e944ddd698742) Importer(2089858483,0ecaa5967403d082aa24f35e1b516d23)
Start importing Assets/ADG_Textures/ground_vol1/ground14/ground14.mat using Guid(3b7bee62bfdf81742a7e944ddd698742) Importer(2089858483,0ecaa5967403d082aa24f35e1b516d23) Generated GUIDs only implemented for interfaces!
 -> (artifact id: 'a9923af43353ef25efe9aa4d7829f8ad') in 0.034883 seconds
Number of updated asset objects reloaded before import = 0
Number of asset objects unloaded after import = 5
========================================================================
Received Import Request.
  Time since last request: 0.000015 seconds.
  path: Assets/Grass And Flowers Pack 1/Flower/Flower 26.png
  artifactKey: Guid(15acc82f435974f43809856015439b02) Importer(2089858483,0ecaa5967403d082aa24f35e1b516d23)
Start importing Assets/Grass And Flowers Pack 1/Flower/Flower 26.png using Guid(15acc82f435974f43809856015439b02) Importer(2089858483,0ecaa5967403d082aa24f35e1b516d23) Generated GUIDs only implemented for interfaces!
 -> (artifact id: '4447623eae1d70360131ca2d7592d3f6') in 0.037702 seconds
Number of updated asset objects reloaded before import = 0
Number of asset objects unloaded after import = 1
========================================================================
Received Import Request.
  Time since last request: 0.000022 seconds.
  path: Assets/ADG_Textures/ground_vol1/ground4/ground4_Diffuse.tga
  artifactKey: Guid(9875bf7345d4ac04ab35f3b9ed63a954) Importer(2089858483,0ecaa5967403d082aa24f35e1b516d23)
Start importing Assets/ADG_Textures/ground_vol1/ground4/ground4_Diffuse.tga using Guid(9875bf7345d4ac04ab35f3b9ed63a954) Importer(2089858483,0ecaa5967403d082aa24f35e1b516d23) Generated GUIDs only implemented for interfaces!
 -> (artifact id: '792c828e8c64953425c2af555da74554') in 0.028484 seconds
Number of updated asset objects reloaded before import = 0
Number of asset objects unloaded after import = 1
========================================================================
Received Import Request.
  Time since last request: 0.000057 seconds.
  path: Assets/ADG_Textures/ground_vol1/ground10/ground10.mat
  artifactKey: Guid(43d91cc396861f443b5574aef062e3d3) Importer(2089858483,0ecaa5967403d082aa24f35e1b516d23)
Start importing Assets/ADG_Textures/ground_vol1/ground10/ground10.mat using Guid(43d91cc396861f443b5574aef062e3d3) Importer(2089858483,0ecaa5967403d082aa24f35e1b516d23) Generated GUIDs only implemented for interfaces!
 -> (artifact id: '6220b7a17aeb7f48bb3c3c338eedcae0') in 0.036007 seconds
Number of updated asset objects reloaded before import = 0
Number of asset objects unloaded after import = 5
========================================================================
Received Import Request.
  Time since last request: 0.000023 seconds.
  path: Assets/ADG_Textures/ground_vol1/ground9/ground9.mat
  artifactKey: Guid(808ad643de188e240b57498ca61b98a8) Importer(2089858483,0ecaa5967403d082aa24f35e1b516d23)
Start importing Assets/ADG_Textures/ground_vol1/ground9/ground9.mat using Guid(808ad643de188e240b57498ca61b98a8) Importer(2089858483,0ecaa5967403d082aa24f35e1b516d23) Generated GUIDs only implemented for interfaces!
 -> (artifact id: '35ce8c345ccbec6f77ddf0be81e4ce48') in 0.025551 seconds
Number of updated asset objects reloaded before import = 0
Number of asset objects unloaded after import = 5
Editor requested this worker to shutdown with reason: Scaling down because of idle timeout
TcpMessagingSession - receive error: operation aborted. errorcode: 995, details: The I/O operation has been aborted because of either a thread exit or an application request.
AssetImportWorker is now disconnected from the server
Process exiting
Exiting without the bug reporter. Application will terminate with return code 0