Using pre-set license
Built from '2022.3/staging' branch; Version is '2022.3.11f1 (d00248457e15) revision 13632072'; Using compiler version '192829333'; Build Type 'Release'
OS: 'Windows 11  (10.0.22621) 64bit CoreSingleLanguage' Language: 'en' Physical Memory: 8029 MB
BatchMode: 1, IsHumanControllingUs: 0, StartBugReporterOnCrash: 0, Is64bit: 1, IsPro: 1

COMMAND LINE ARGUMENTS:
C:\Program Files\Unity\Hub\Editor\2022.3.11f1\Editor\Unity.exe
-adb2
-batchMode
-noUpm
-name
AssetImportWorker0
-projectPath
C:/Users/user/Downloads/first-organisms-ssd
-logFile
Logs/AssetImportWorker0.log
-srvPort
55475
Successfully changed project path to: C:/Users/user/Downloads/first-organisms-ssd
C:/Users/user/Downloads/first-organisms-ssd
[UnityMemory] Configuration Parameters - Can be set up in boot.config
    "memorysetup-bucket-allocator-granularity=16"
    "memorysetup-bucket-allocator-bucket-count=8"
    "memorysetup-bucket-allocator-block-size=33554432"
    "memorysetup-bucket-allocator-block-count=8"
    "memorysetup-main-allocator-block-size=16777216"
    "memorysetup-thread-allocator-block-size=16777216"
    "memorysetup-gfx-main-allocator-block-size=16777216"
    "memorysetup-gfx-thread-allocator-block-size=16777216"
    "memorysetup-cache-allocator-block-size=4194304"
    "memorysetup-typetree-allocator-block-size=2097152"
    "memorysetup-profiler-bucket-allocator-granularity=16"
    "memorysetup-profiler-bucket-allocator-bucket-count=8"
    "memorysetup-profiler-bucket-allocator-block-size=33554432"
    "memorysetup-profiler-bucket-allocator-block-count=8"
    "memorysetup-profiler-allocator-block-size=16777216"
    "memorysetup-profiler-editor-allocator-block-size=1048576"
    "memorysetup-temp-allocator-size-main=16777216"
    "memorysetup-job-temp-allocator-block-size=2097152"
    "memorysetup-job-temp-allocator-block-size-background=1048576"
    "memorysetup-job-temp-allocator-reduction-small-platforms=262144"
    "memorysetup-allocator-temp-initial-block-size-main=262144"
    "memorysetup-allocator-temp-initial-block-size-worker=262144"
    "memorysetup-temp-allocator-size-background-worker=32768"
    "memorysetup-temp-allocator-size-job-worker=262144"
    "memorysetup-temp-allocator-size-preload-manager=33554432"
    "memorysetup-temp-allocator-size-nav-mesh-worker=65536"
    "memorysetup-temp-allocator-size-audio-worker=65536"
    "memorysetup-temp-allocator-size-cloud-worker=32768"
    "memorysetup-temp-allocator-size-gi-baking-worker=262144"
    "memorysetup-temp-allocator-size-gfx=262144"
Player connection [4604] Host "[IP] 192.190.0.1 [Port] 0 [Flags] 2 [Guid] 2491747746 [EditorId] 2491747746 [Version] 1048832 [Id] WindowsEditor(7,DESKTOP-6FS5SCI) [Debug] 1 [PackageName] WindowsEditor [ProjectName] Editor" joined multi-casting on [225.0.0.222:54997]...

Player connection [4604] Host "[IP] 192.190.0.1 [Port] 0 [Flags] 2 [Guid] 2491747746 [EditorId] 2491747746 [Version] 1048832 [Id] WindowsEditor(7,DESKTOP-6FS5SCI) [Debug] 1 [PackageName] WindowsEditor [ProjectName] Editor" joined alternative multi-casting on [225.0.0.222:34997]...

[Physics::Module] Initialized MultithreadedJobDispatcher with 7 workers.
Refreshing native plugins compatible for Editor in 13.38 ms, found 3 plugins.
Preloading 0 native plugins for Editor in 0.00 ms.
Initialize engine version: 2022.3.11f1 (d00248457e15)
[Subsystems] Discovering subsystems at path C:/Program Files/Unity/Hub/Editor/2022.3.11f1/Editor/Data/Resources/UnitySubsystems
[Subsystems] Discovering subsystems at path C:/Users/user/Downloads/first-organisms-ssd/Assets
GfxDevice: creating device client; threaded=0; jobified=0
Direct3D:
    Version:  Direct3D 11.0 [level 11.1]
    Renderer: NVIDIA GeForce GTX 1050 (ID=0x1c91)
    Vendor:   NVIDIA
    VRAM:     2995 MB
    Driver:   31.0.15.3713
Initialize mono
Mono path[0] = 'C:/Program Files/Unity/Hub/Editor/2022.3.11f1/Editor/Data/Managed'
Mono path[1] = 'C:/Program Files/Unity/Hub/Editor/2022.3.11f1/Editor/Data/MonoBleedingEdge/lib/mono/unityjit-win32'
Mono config path = 'C:/Program Files/Unity/Hub/Editor/2022.3.11f1/Editor/Data/MonoBleedingEdge/etc'
Using monoOptions --debugger-agent=transport=dt_socket,embedding=1,server=y,suspend=n,address=127.0.0.1:56320
Begin MonoManager ReloadAssembly
Registering precompiled unity dll's ...
Register platform support module: C:/Program Files/Unity/Hub/Editor/2022.3.11f1/Editor/Data/PlaybackEngines/WebGLSupport/UnityEditor.WebGL.Extensions.dll
Register platform support module: C:/Program Files/Unity/Hub/Editor/2022.3.11f1/Editor/Data/PlaybackEngines/WindowsStandaloneSupport/UnityEditor.WindowsStandalone.Extensions.dll
Registered in 0.013040 seconds.
- Loaded All Assemblies, in  0.641 seconds
Native extension for WindowsStandalone target not found
Native extension for WebGL target not found
Mono: successfully reloaded assembly
- Finished resetting the current domain, in  0.461 seconds
Domain Reload Profiling: 1100ms
	BeginReloadAssembly (204ms)
		ExecutionOrderSort (0ms)
		DisableScriptedObjects (0ms)
		BackupInstance (0ms)
		ReleaseScriptingObjects (0ms)
		CreateAndSetChildDomain (1ms)
	RebuildCommonClasses (60ms)
	RebuildNativeTypeToScriptingClass (17ms)
	initialDomainReloadingComplete (94ms)
	LoadAllAssembliesAndSetupDomain (264ms)
		LoadAssemblies (203ms)
		RebuildTransferFunctionScriptingTraits (0ms)
		AnalyzeDomain (261ms)
			TypeCache.Refresh (259ms)
				TypeCache.ScanAssembly (234ms)
			ScanForSourceGeneratedMonoScriptInfo (0ms)
			ResolveRequiredComponents (0ms)
	FinalizeReload (461ms)
		ReleaseScriptCaches (0ms)
		RebuildScriptCaches (0ms)
		SetupLoadedEditorAssemblies (350ms)
			LogAssemblyErrors (0ms)
			InitializePlatformSupportModulesInManaged (16ms)
			SetLoadedEditorAssemblies (7ms)
			RefreshPlugins (0ms)
			BeforeProcessingInitializeOnLoad (5ms)
			ProcessInitializeOnLoadAttributes (238ms)
			ProcessInitializeOnLoadMethodAttributes (83ms)
			AfterProcessingInitializeOnLoad (0ms)
			EditorAssembliesLoaded (0ms)
		ExecutionOrderSort2 (0ms)
		AwakeInstancesAfterBackupRestoration (0ms)
========================================================================
Worker process is ready to serve import requests
Begin MonoManager ReloadAssembly
- Loaded All Assemblies, in  1.050 seconds
Refreshing native plugins compatible for Editor in 5.65 ms, found 3 plugins.
Native extension for WindowsStandalone target not found
Native extension for WebGL target not found
Package Manager log level set to [2]
[Package Manager] Server::EnsureServerProcessIsRunning -- launch failed, reason: Unity was launched with the -noUpm command-line argument
[Package Manager] UpmClient::Send -- Unable to send message (not connected to UPM process).
[Package Manager] Cannot connect to Unity Package Manager local server
Mono: successfully reloaded assembly
- Finished resetting the current domain, in  1.116 seconds
Domain Reload Profiling: 2164ms
	BeginReloadAssembly (246ms)
		ExecutionOrderSort (0ms)
		DisableScriptedObjects (7ms)
		BackupInstance (0ms)
		ReleaseScriptingObjects (0ms)
		CreateAndSetChildDomain (30ms)
	RebuildCommonClasses (64ms)
	RebuildNativeTypeToScriptingClass (18ms)
	initialDomainReloadingComplete (46ms)
	LoadAllAssembliesAndSetupDomain (674ms)
		LoadAssemblies (472ms)
		RebuildTransferFunctionScriptingTraits (0ms)
		AnalyzeDomain (361ms)
			TypeCache.Refresh (316ms)
				TypeCache.ScanAssembly (285ms)
			ScanForSourceGeneratedMonoScriptInfo (28ms)
			ResolveRequiredComponents (12ms)
	FinalizeReload (1117ms)
		ReleaseScriptCaches (0ms)
		RebuildScriptCaches (0ms)
		SetupLoadedEditorAssemblies (806ms)
			LogAssemblyErrors (0ms)
			InitializePlatformSupportModulesInManaged (12ms)
			SetLoadedEditorAssemblies (12ms)
			RefreshPlugins (0ms)
			BeforeProcessingInitializeOnLoad (119ms)
			ProcessInitializeOnLoadAttributes (625ms)
			ProcessInitializeOnLoadMethodAttributes (29ms)
			AfterProcessingInitializeOnLoad (10ms)
			EditorAssembliesLoaded (0ms)
		ExecutionOrderSort2 (0ms)
		AwakeInstancesAfterBackupRestoration (10ms)
Launched and connected shader compiler UnityShaderCompiler.exe after 0.07 seconds
Refreshing native plugins compatible for Editor in 6.00 ms, found 3 plugins.
Preloading 0 native plugins for Editor in 0.00 ms.
Unloading 3083 Unused Serialized files (Serialized files now loaded: 0)
Unloading 31 unused Assets / (29.6 KB). Loaded Objects now: 3567.
Memory consumption went from 131.6 MB to 131.6 MB.
Total: 5.225700 ms (FindLiveObjects: 0.356100 ms CreateObjectMapping: 0.330400 ms MarkObjects: 4.328700 ms  DeleteObjects: 0.209200 ms)

AssetImportParameters requested are different than current active one (requested -> active):
  custom:container-demuxer-ogg: 62fdf1f143b41e24485cea50d1cbac27 -> 
  custom:video-decoder-ogg-theora: a1e56fd34408186e4bbccfd4996cb3dc -> 
  custom:framework-win-MediaFoundation: 216162199b28c13a410421893ffa2e32 -> 
  custom:CustomObjectIndexerAttribute: 756ad292c208cfabdd7b50bc23989ffe -> 
  custom:container-demuxer-webm: 4f35f7cbe854078d1ac9338744f61a02 -> 
  custom:container-muxer-webm: aa71ff27fc2769a1b78a27578f13a17b -> 
  custom:video-decoder-webm-vp8: 9c59270c3fd7afecdb556c50c9e8de78 -> 
  custom:SearchIndexIgnoredProperties: e643bd26f0fe6173181afceb89e7c659 -> 
  custom:AudioImporter_EditorPlatform: d09bf68614088b80899f8185d706f6e7 -> 
  custom:video-encoder-webm-vp8: eb34c28f22e8b96e1ab97ce403110664 -> 
  custom:audio-decoder-ogg-vorbis: bf7c407c2cedff20999df2af8eb42d56 -> 
  custom:audio-encoder-webm-vorbis: bf7c407c2cedff20999df2af8eb42d56 -> 
========================================================================
Received Import Request.
  Time since last request: 44317.348122 seconds.
  path: Assets/Texture/rotate-view.cs
  artifactKey: Guid(6f1dbb08aea33dc438ad4057f5e04150) Importer(815301076,1909f56bfc062723c751e8b465ee728b)
Start importing Assets/Texture/rotate-view.cs using Guid(6f1dbb08aea33dc438ad4057f5e04150) Importer(815301076,1909f56bfc062723c751e8b465ee728b)  -> (artifact id: 'f298397c1cedc3318fcfae10b3588914') in 0.005747 seconds
Number of updated asset objects reloaded before import = 0
Number of asset objects unloaded after import = 0
========================================================================
Received Prepare
Begin MonoManager ReloadAssembly
- Loaded All Assemblies, in  0.608 seconds
Refreshing native plugins compatible for Editor in 2.90 ms, found 3 plugins.
Native extension for WindowsStandalone target not found
Native extension for WebGL target not found
[Package Manager] Server::EnsureServerProcessIsRunning -- launch failed, reason: Unity was launched with the -noUpm command-line argument
[Package Manager] UpmClient::Send -- Unable to send message (not connected to UPM process).
[Package Manager] Cannot connect to Unity Package Manager local server
Mono: successfully reloaded assembly
- Finished resetting the current domain, in  0.959 seconds
Domain Reload Profiling: 1564ms
	BeginReloadAssembly (234ms)
		ExecutionOrderSort (0ms)
		DisableScriptedObjects (9ms)
		BackupInstance (0ms)
		ReleaseScriptingObjects (0ms)
		CreateAndSetChildDomain (55ms)
	RebuildCommonClasses (52ms)
	RebuildNativeTypeToScriptingClass (13ms)
	initialDomainReloadingComplete (30ms)
	LoadAllAssembliesAndSetupDomain (277ms)
		LoadAssemblies (393ms)
		RebuildTransferFunctionScriptingTraits (0ms)
		AnalyzeDomain (14ms)
			TypeCache.Refresh (8ms)
				TypeCache.ScanAssembly (0ms)
			ScanForSourceGeneratedMonoScriptInfo (0ms)
			ResolveRequiredComponents (5ms)
	FinalizeReload (959ms)
		ReleaseScriptCaches (0ms)
		RebuildScriptCaches (0ms)
		SetupLoadedEditorAssemblies (373ms)
			LogAssemblyErrors (0ms)
			InitializePlatformSupportModulesInManaged (7ms)
			SetLoadedEditorAssemblies (5ms)
			RefreshPlugins (0ms)
			BeforeProcessingInitializeOnLoad (60ms)
			ProcessInitializeOnLoadAttributes (276ms)
			ProcessInitializeOnLoadMethodAttributes (19ms)
			AfterProcessingInitializeOnLoad (7ms)
			EditorAssembliesLoaded (0ms)
		ExecutionOrderSort2 (0ms)
		AwakeInstancesAfterBackupRestoration (9ms)
Refreshing native plugins compatible for Editor in 3.19 ms, found 3 plugins.
Preloading 0 native plugins for Editor in 0.00 ms.
Unloading 3074 Unused Serialized files (Serialized files now loaded: 0)
Unloading 24 unused Assets / (31.5 KB). Loaded Objects now: 3569.
Memory consumption went from 132.4 MB to 132.3 MB.
Total: 2.627400 ms (FindLiveObjects: 0.252900 ms CreateObjectMapping: 0.194100 ms MarkObjects: 2.136300 ms  DeleteObjects: 0.043400 ms)

Prepare: number of updated asset objects reloaded= 0
AssetImportParameters requested are different than current active one (requested -> active):
  custom:container-demuxer-ogg: 62fdf1f143b41e24485cea50d1cbac27 -> 
  custom:video-decoder-ogg-theora: a1e56fd34408186e4bbccfd4996cb3dc -> 
  custom:framework-win-MediaFoundation: 216162199b28c13a410421893ffa2e32 -> 
  custom:CustomObjectIndexerAttribute: 756ad292c208cfabdd7b50bc23989ffe -> 
  custom:container-demuxer-webm: 4f35f7cbe854078d1ac9338744f61a02 -> 
  custom:container-muxer-webm: aa71ff27fc2769a1b78a27578f13a17b -> 
  custom:video-decoder-webm-vp8: 9c59270c3fd7afecdb556c50c9e8de78 -> 
  custom:SearchIndexIgnoredProperties: e643bd26f0fe6173181afceb89e7c659 -> 
  custom:AudioImporter_EditorPlatform: d09bf68614088b80899f8185d706f6e7 -> 
  custom:video-encoder-webm-vp8: eb34c28f22e8b96e1ab97ce403110664 -> 
  custom:audio-decoder-ogg-vorbis: bf7c407c2cedff20999df2af8eb42d56 -> 
  custom:audio-encoder-webm-vorbis: bf7c407c2cedff20999df2af8eb42d56 -> 
========================================================================
Received Import Request.
  Time since last request: 18.544315 seconds.
  path: Assets/Script
  artifactKey: Guid(0b3d46ac276c98d4786fbcbd84ba0ffc) Importer(815301076,1909f56bfc062723c751e8b465ee728b)
Start importing Assets/Script using Guid(0b3d46ac276c98d4786fbcbd84ba0ffc) Importer(815301076,1909f56bfc062723c751e8b465ee728b)  -> (artifact id: '8237ea2880d30f9c9cb7581e25a0661c') in 0.002600 seconds
Number of updated asset objects reloaded before import = 0
Number of asset objects unloaded after import = 0
========================================================================
Received Import Request.
  Time since last request: 10.650246 seconds.
  path: Assets/Script/rotate-view.cs
  artifactKey: Guid(5f72e0a76782b0c429192d6e054af3c2) Importer(815301076,1909f56bfc062723c751e8b465ee728b)
Start importing Assets/Script/rotate-view.cs using Guid(5f72e0a76782b0c429192d6e054af3c2) Importer(815301076,1909f56bfc062723c751e8b465ee728b)  -> (artifact id: 'ba7dc9c3273a36a3d8bbbe4c7555615a') in 0.000532 seconds
Number of updated asset objects reloaded before import = 0
Number of asset objects unloaded after import = 0
========================================================================
Received Import Request.
  Time since last request: 108.900479 seconds.
  path: Assets/Script/rotate-view.cs
  artifactKey: Guid(5f72e0a76782b0c429192d6e054af3c2) Importer(815301076,1909f56bfc062723c751e8b465ee728b)
Start importing Assets/Script/rotate-view.cs using Guid(5f72e0a76782b0c429192d6e054af3c2) Importer(815301076,1909f56bfc062723c751e8b465ee728b)  -> (artifact id: '2d6cdcb8e1c39be5e97faac0ed7c2cdc') in 0.000836 seconds
Number of updated asset objects reloaded before import = 0
Number of asset objects unloaded after import = 0
========================================================================
Received Import Request.
  Time since last request: 8.792195 seconds.
  path: Assets/Script/move-view.cs
  artifactKey: Guid(5b1beb5ccfbb6334ea7e080ad345c5be) Importer(815301076,1909f56bfc062723c751e8b465ee728b)
Start importing Assets/Script/move-view.cs using Guid(5b1beb5ccfbb6334ea7e080ad345c5be) Importer(815301076,1909f56bfc062723c751e8b465ee728b)  -> (artifact id: '673a5f94bc7c74ab1ca94111543a1959') in 0.000462 seconds
Number of updated asset objects reloaded before import = 0
Number of asset objects unloaded after import = 0
========================================================================
Received Import Request.
  Time since last request: 79.389155 seconds.
  path: Assets/Script/move-view.cs
  artifactKey: Guid(5b1beb5ccfbb6334ea7e080ad345c5be) Importer(815301076,1909f56bfc062723c751e8b465ee728b)
Start importing Assets/Script/move-view.cs using Guid(5b1beb5ccfbb6334ea7e080ad345c5be) Importer(815301076,1909f56bfc062723c751e8b465ee728b)  -> (artifact id: '23948ab27357cf6ac3a39d051d4b94df') in 0.000561 seconds
Number of updated asset objects reloaded before import = 0
Number of asset objects unloaded after import = 0
========================================================================
Received Import Request.
  Time since last request: 76.947738 seconds.
  path: Assets/Script/move-view.cs
  artifactKey: Guid(5b1beb5ccfbb6334ea7e080ad345c5be) Importer(815301076,1909f56bfc062723c751e8b465ee728b)
Start importing Assets/Script/move-view.cs using Guid(5b1beb5ccfbb6334ea7e080ad345c5be) Importer(815301076,1909f56bfc062723c751e8b465ee728b)  -> (artifact id: 'eb84e8da662599403432144eb163f189') in 0.001293 seconds
Number of updated asset objects reloaded before import = 0
Number of asset objects unloaded after import = 0
========================================================================
Received Prepare
Begin MonoManager ReloadAssembly
- Loaded All Assemblies, in  0.567 seconds
Refreshing native plugins compatible for Editor in 4.09 ms, found 3 plugins.
Native extension for WindowsStandalone target not found
Native extension for WebGL target not found
[Package Manager] Server::EnsureServerProcessIsRunning -- launch failed, reason: Unity was launched with the -noUpm command-line argument
[Package Manager] UpmClient::Send -- Unable to send message (not connected to UPM process).
[Package Manager] Cannot connect to Unity Package Manager local server
Mono: successfully reloaded assembly
- Finished resetting the current domain, in  1.542 seconds
Domain Reload Profiling: 2107ms
	BeginReloadAssembly (186ms)
		ExecutionOrderSort (0ms)
		DisableScriptedObjects (6ms)
		BackupInstance (0ms)
		ReleaseScriptingObjects (0ms)
		CreateAndSetChildDomain (41ms)
	RebuildCommonClasses (37ms)
	RebuildNativeTypeToScriptingClass (13ms)
	initialDomainReloadingComplete (37ms)
	LoadAllAssembliesAndSetupDomain (290ms)
		LoadAssemblies (359ms)
		RebuildTransferFunctionScriptingTraits (0ms)
		AnalyzeDomain (33ms)
			TypeCache.Refresh (15ms)
				TypeCache.ScanAssembly (0ms)
			ScanForSourceGeneratedMonoScriptInfo (9ms)
			ResolveRequiredComponents (7ms)
	FinalizeReload (1543ms)
		ReleaseScriptCaches (0ms)
		RebuildScriptCaches (0ms)
		SetupLoadedEditorAssemblies (498ms)
			LogAssemblyErrors (0ms)
			InitializePlatformSupportModulesInManaged (9ms)
			SetLoadedEditorAssemblies (6ms)
			RefreshPlugins (0ms)
			BeforeProcessingInitializeOnLoad (75ms)
			ProcessInitializeOnLoadAttributes (370ms)
			ProcessInitializeOnLoadMethodAttributes (30ms)
			AfterProcessingInitializeOnLoad (8ms)
			EditorAssembliesLoaded (0ms)
		ExecutionOrderSort2 (0ms)
		AwakeInstancesAfterBackupRestoration (9ms)
Refreshing native plugins compatible for Editor in 3.46 ms, found 3 plugins.
Preloading 0 native plugins for Editor in 0.00 ms.
Unloading 3076 Unused Serialized files (Serialized files now loaded: 0)
Unloading 23 unused Assets / (31.0 KB). Loaded Objects now: 3574.
Memory consumption went from 134.3 MB to 134.3 MB.
Total: 3.536400 ms (FindLiveObjects: 0.453700 ms CreateObjectMapping: 0.252400 ms MarkObjects: 2.768300 ms  DeleteObjects: 0.061000 ms)

Prepare: number of updated asset objects reloaded= 0
AssetImportParameters requested are different than current active one (requested -> active):
  custom:container-demuxer-ogg: 62fdf1f143b41e24485cea50d1cbac27 -> 
  custom:video-decoder-ogg-theora: a1e56fd34408186e4bbccfd4996cb3dc -> 
  custom:framework-win-MediaFoundation: 216162199b28c13a410421893ffa2e32 -> 
  custom:CustomObjectIndexerAttribute: 756ad292c208cfabdd7b50bc23989ffe -> 
  custom:container-demuxer-webm: 4f35f7cbe854078d1ac9338744f61a02 -> 
  custom:container-muxer-webm: aa71ff27fc2769a1b78a27578f13a17b -> 
  custom:video-decoder-webm-vp8: 9c59270c3fd7afecdb556c50c9e8de78 -> 
  custom:SearchIndexIgnoredProperties: e643bd26f0fe6173181afceb89e7c659 -> 
  custom:AudioImporter_EditorPlatform: d09bf68614088b80899f8185d706f6e7 -> 
  custom:video-encoder-webm-vp8: eb34c28f22e8b96e1ab97ce403110664 -> 
  custom:audio-decoder-ogg-vorbis: bf7c407c2cedff20999df2af8eb42d56 -> 
  custom:audio-encoder-webm-vorbis: bf7c407c2cedff20999df2af8eb42d56 -> 
========================================================================
Received Import Request.
  Time since last request: 51.451553 seconds.
  path: Assets/Script/move-view.cs
  artifactKey: Guid(5b1beb5ccfbb6334ea7e080ad345c5be) Importer(815301076,1909f56bfc062723c751e8b465ee728b)
Start importing Assets/Script/move-view.cs using Guid(5b1beb5ccfbb6334ea7e080ad345c5be) Importer(815301076,1909f56bfc062723c751e8b465ee728b)  -> (artifact id: '3273b105d0951f54635ddd55b4e00b86') in 0.003727 seconds
Number of updated asset objects reloaded before import = 0
Number of asset objects unloaded after import = 0
========================================================================
Received Import Request.
  Time since last request: 12.910994 seconds.
  path: Assets/New Material.mat
  artifactKey: Guid(70c38790b2da5cd46ab26c12671d82c9) Importer(2089858483,0ecaa5967403d082aa24f35e1b516d23)
Start importing Assets/New Material.mat using Guid(70c38790b2da5cd46ab26c12671d82c9) Importer(2089858483,0ecaa5967403d082aa24f35e1b516d23) Generated GUIDs only implemented for interfaces!
 -> (artifact id: 'f093171da07d263a44654c735bac8876') in 0.158552 seconds
Number of updated asset objects reloaded before import = 0
Number of asset objects unloaded after import = 1
========================================================================
Received Import Request.
  Time since last request: 0.000043 seconds.
  path: Assets/Texture/bumpy-worn-ground-unity/bumpy_worn_ground_albedo.png
  artifactKey: Guid(ed3bebafa4548c94185e3e584e07265d) Importer(2089858483,0ecaa5967403d082aa24f35e1b516d23)
Start importing Assets/Texture/bumpy-worn-ground-unity/bumpy_worn_ground_albedo.png using Guid(ed3bebafa4548c94185e3e584e07265d) Importer(2089858483,0ecaa5967403d082aa24f35e1b516d23) Generated GUIDs only implemented for interfaces!
 -> (artifact id: '1dc02ab6eb2ade9fd38d143262d8235b') in 0.095019 seconds
Number of updated asset objects reloaded before import = 0
Number of asset objects unloaded after import = 1
========================================================================
Received Import Request.
  Time since last request: 0.000023 seconds.
  path: Assets/Texture/bumpy-worn-ground-unity/worn.mat
  artifactKey: Guid(f2e4797c767e9e940b261a808d860c86) Importer(2089858483,0ecaa5967403d082aa24f35e1b516d23)
Start importing Assets/Texture/bumpy-worn-ground-unity/worn.mat using Guid(f2e4797c767e9e940b261a808d860c86) Importer(2089858483,0ecaa5967403d082aa24f35e1b516d23) Generated GUIDs only implemented for interfaces!
 -> (artifact id: '9627c085c22fe19558f39c000349611a') in 0.100093 seconds
Number of updated asset objects reloaded before import = 0
Number of asset objects unloaded after import = 6
========================================================================
Received Import Request.
  Time since last request: 0.000041 seconds.
  path: Assets/Texture/sandy_rocks1_Unity2-1/sandy_rocks1_ao.png
  artifactKey: Guid(0d58999d05f35a54db1fd86370998c6a) Importer(2089858483,0ecaa5967403d082aa24f35e1b516d23)
Start importing Assets/Texture/sandy_rocks1_Unity2-1/sandy_rocks1_ao.png using Guid(0d58999d05f35a54db1fd86370998c6a) Importer(2089858483,0ecaa5967403d082aa24f35e1b516d23) Generated GUIDs only implemented for interfaces!
 -> (artifact id: '6c85f1e7c6febb8f1ecc3ff79332d8af') in 0.059659 seconds
Number of updated asset objects reloaded before import = 0
Number of asset objects unloaded after import = 1
========================================================================
Received Import Request.
  Time since last request: 0.000027 seconds.
  path: Assets/Texture/NewLayer.terrainlayer
  artifactKey: Guid(e430821cf6316ff47a1d6e23986bd253) Importer(2089858483,0ecaa5967403d082aa24f35e1b516d23)
Start importing Assets/Texture/NewLayer.terrainlayer using Guid(e430821cf6316ff47a1d6e23986bd253) Importer(2089858483,0ecaa5967403d082aa24f35e1b516d23) Generated GUIDs only implemented for interfaces!
 -> (artifact id: '06d7fd45ba2c648f7512061130248914') in 0.035229 seconds
Number of updated asset objects reloaded before import = 0
Number of asset objects unloaded after import = 2
========================================================================
Received Import Request.
  Time since last request: 0.000019 seconds.
  path: Assets/Texture/windswept-wasteland-unity/windswept-wasteland_normal-ogl.png
  artifactKey: Guid(2f59ac67b9654a64ebb122ec5845f0f0) Importer(2089858483,0ecaa5967403d082aa24f35e1b516d23)
Start importing Assets/Texture/windswept-wasteland-unity/windswept-wasteland_normal-ogl.png using Guid(2f59ac67b9654a64ebb122ec5845f0f0) Importer(2089858483,0ecaa5967403d082aa24f35e1b516d23) Generated GUIDs only implemented for interfaces!
 -> (artifact id: 'e51de1ecbe4b1bd68e6796a463fb14d2') in 0.082912 seconds
Number of updated asset objects reloaded before import = 0
Number of asset objects unloaded after import = 1
========================================================================
Received Import Request.
  Time since last request: 0.000033 seconds.
  path: Assets/Texture/lava-rock2-unity/lava-rock2_metallic.psd
  artifactKey: Guid(ca342c2e2cb1f864198934c25d991394) Importer(2089858483,0ecaa5967403d082aa24f35e1b516d23)
Start importing Assets/Texture/lava-rock2-unity/lava-rock2_metallic.psd using Guid(ca342c2e2cb1f864198934c25d991394) Importer(2089858483,0ecaa5967403d082aa24f35e1b516d23) Generated GUIDs only implemented for interfaces!
 -> (artifact id: '649d1364216453a36ed2b6b60dc729d0') in 0.061933 seconds
Number of updated asset objects reloaded before import = 0
Number of asset objects unloaded after import = 1
========================================================================
Received Import Request.
  Time since last request: 0.000024 seconds.
  path: Assets/Texture/lava-and-rock-unity/lava-and-rock_metallic.psd
  artifactKey: Guid(499d9ecdc7a7e8947beb20ab059781a6) Importer(2089858483,0ecaa5967403d082aa24f35e1b516d23)
Start importing Assets/Texture/lava-and-rock-unity/lava-and-rock_metallic.psd using Guid(499d9ecdc7a7e8947beb20ab059781a6) Importer(2089858483,0ecaa5967403d082aa24f35e1b516d23) Generated GUIDs only implemented for interfaces!
 -> (artifact id: '434889488282b63e5b9c0e87261c4ead') in 0.061325 seconds
Number of updated asset objects reloaded before import = 0
Number of asset objects unloaded after import = 1
========================================================================
Received Import Request.
  Time since last request: 0.000087 seconds.
  path: Assets/Texture/mossy-ground1-Unity/mossy-ground1-metal.psd
  artifactKey: Guid(f742f1c605fb650439b781c38b6acf03) Importer(2089858483,0ecaa5967403d082aa24f35e1b516d23)
Start importing Assets/Texture/mossy-ground1-Unity/mossy-ground1-metal.psd using Guid(f742f1c605fb650439b781c38b6acf03) Importer(2089858483,0ecaa5967403d082aa24f35e1b516d23) Generated GUIDs only implemented for interfaces!
 -> (artifact id: 'b68a9c1f5b7564e34165a536403b8460') in 0.074140 seconds
Number of updated asset objects reloaded before import = 0
Number of asset objects unloaded after import = 1
========================================================================
Received Import Request.
  Time since last request: 0.000026 seconds.
  path: Assets/Texture/lava-rock2-unity/lava-rock2_normal-ogl.png
  artifactKey: Guid(66cb70a432ee27f44b343fb1f6a53eb3) Importer(2089858483,0ecaa5967403d082aa24f35e1b516d23)
Start importing Assets/Texture/lava-rock2-unity/lava-rock2_normal-ogl.png using Guid(66cb70a432ee27f44b343fb1f6a53eb3) Importer(2089858483,0ecaa5967403d082aa24f35e1b516d23) Generated GUIDs only implemented for interfaces!
 -> (artifact id: '649cb52793b600b92a17cdaecc5d5e8e') in 0.058840 seconds
Number of updated asset objects reloaded before import = 0
Number of asset objects unloaded after import = 1
========================================================================
Received Import Request.
  Time since last request: 0.000056 seconds.
  path: Assets/Texture/planet_surface-unity/planet_surface-albedo.png
  artifactKey: Guid(97068fc8661c52b40a13918c5095b03a) Importer(2089858483,0ecaa5967403d082aa24f35e1b516d23)
Start importing Assets/Texture/planet_surface-unity/planet_surface-albedo.png using Guid(97068fc8661c52b40a13918c5095b03a) Importer(2089858483,0ecaa5967403d082aa24f35e1b516d23) Generated GUIDs only implemented for interfaces!
 -> (artifact id: '01bd1ada95e4247ef71f547baad5c5a4') in 0.064741 seconds
Number of updated asset objects reloaded before import = 0
Number of asset objects unloaded after import = 1
========================================================================
Received Import Request.
  Time since last request: 0.000021 seconds.
  path: Assets/Texture/lava-rock2-unity/lava-rock2_albedo.png
  artifactKey: Guid(8ae7013d5f4929445a59332c871d29c6) Importer(2089858483,0ecaa5967403d082aa24f35e1b516d23)
Start importing Assets/Texture/lava-rock2-unity/lava-rock2_albedo.png using Guid(8ae7013d5f4929445a59332c871d29c6) Importer(2089858483,0ecaa5967403d082aa24f35e1b516d23) Generated GUIDs only implemented for interfaces!
 -> (artifact id: 'c3d35c895581b096bb61aecc3cf52456') in 0.062002 seconds
Number of updated asset objects reloaded before import = 0
Number of asset objects unloaded after import = 1
========================================================================
Received Import Request.
  Time since last request: 0.000036 seconds.
  path: Assets/Texture/windswept-wasteland-unity/wasteland.mat
  artifactKey: Guid(e4f11bf5ea93b2d45b9a2f362a0db893) Importer(2089858483,0ecaa5967403d082aa24f35e1b516d23)
Start importing Assets/Texture/windswept-wasteland-unity/wasteland.mat using Guid(e4f11bf5ea93b2d45b9a2f362a0db893) Importer(2089858483,0ecaa5967403d082aa24f35e1b516d23) Generated GUIDs only implemented for interfaces!
 -> (artifact id: 'e7b349e733b1cb8310ddfab8a124524f') in 0.090458 seconds
Number of updated asset objects reloaded before import = 0
Number of asset objects unloaded after import = 6
========================================================================
Received Import Request.
  Time since last request: 0.000027 seconds.
  path: Assets/Texture/lava-and-rock-unity/lava-and-rock_preview.jpg
  artifactKey: Guid(7cfda4143e3409e459781a1faabb435e) Importer(2089858483,0ecaa5967403d082aa24f35e1b516d23)
Start importing Assets/Texture/lava-and-rock-unity/lava-and-rock_preview.jpg using Guid(7cfda4143e3409e459781a1faabb435e) Importer(2089858483,0ecaa5967403d082aa24f35e1b516d23) Generated GUIDs only implemented for interfaces!
 -> (artifact id: 'a2548b5925024c5ae90d620fc1cbd072') in 0.057776 seconds
Number of updated asset objects reloaded before import = 0
Number of asset objects unloaded after import = 1
========================================================================
Received Import Request.
  Time since last request: 0.000037 seconds.
  path: Assets/Texture/windswept-wasteland-unity/windswept-wasteland_preview.jpg
  artifactKey: Guid(28cd0de9c297f0049b79cc6f9e0f8288) Importer(2089858483,0ecaa5967403d082aa24f35e1b516d23)
Start importing Assets/Texture/windswept-wasteland-unity/windswept-wasteland_preview.jpg using Guid(28cd0de9c297f0049b79cc6f9e0f8288) Importer(2089858483,0ecaa5967403d082aa24f35e1b516d23) Generated GUIDs only implemented for interfaces!
 -> (artifact id: '40c7bc793afc5e0313cb0222b8172c6d') in 0.061245 seconds
Number of updated asset objects reloaded before import = 0
Number of asset objects unloaded after import = 1
========================================================================
Received Import Request.
  Time since last request: 0.000022 seconds.
  path: Assets/Texture/planet_surface-unity/planet_surface_Height.png
  artifactKey: Guid(01087bce63aabbd459a6a9f068f011a7) Importer(2089858483,0ecaa5967403d082aa24f35e1b516d23)
Start importing Assets/Texture/planet_surface-unity/planet_surface_Height.png using Guid(01087bce63aabbd459a6a9f068f011a7) Importer(2089858483,0ecaa5967403d082aa24f35e1b516d23) Generated GUIDs only implemented for interfaces!
 -> (artifact id: '3c417d50728c701ff5acd86154022ff6') in 0.058920 seconds
Number of updated asset objects reloaded before import = 0
Number of asset objects unloaded after import = 1
========================================================================
Received Import Request.
  Time since last request: 0.000049 seconds.
  path: Assets/Texture/stone-mountain-rock-1024x1024.png
  artifactKey: Guid(1c2c0bac7d1b54b4ab0672066be704b5) Importer(2089858483,0ecaa5967403d082aa24f35e1b516d23)
Start importing Assets/Texture/stone-mountain-rock-1024x1024.png using Guid(1c2c0bac7d1b54b4ab0672066be704b5) Importer(2089858483,0ecaa5967403d082aa24f35e1b516d23) Generated GUIDs only implemented for interfaces!
 -> (artifact id: 'efa6cd88a677ef318abba35de3f68564') in 0.043891 seconds
Number of updated asset objects reloaded before import = 0
Number of asset objects unloaded after import = 1
========================================================================
Received Import Request.
  Time since last request: 0.000060 seconds.
  path: Assets/Script/move-view.cs
  artifactKey: Guid(5b1beb5ccfbb6334ea7e080ad345c5be) Importer(2089858483,0ecaa5967403d082aa24f35e1b516d23)
Start importing Assets/Script/move-view.cs using Guid(5b1beb5ccfbb6334ea7e080ad345c5be) Importer(2089858483,0ecaa5967403d082aa24f35e1b516d23) Generated GUIDs only implemented for interfaces!
 -> (artifact id: '4c846382262a883d6f2d8f2bf368ebe6') in 0.019785 seconds
Number of updated asset objects reloaded before import = 0
Number of asset objects unloaded after import = 1
========================================================================
Received Import Request.
  Time since last request: 0.000030 seconds.
  path: Assets/Texture/planet_surface-unity/planet_surface-ao.png
  artifactKey: Guid(bfbe4f9bae5054f449540ea0c3a2ee40) Importer(2089858483,0ecaa5967403d082aa24f35e1b516d23)
Start importing Assets/Texture/planet_surface-unity/planet_surface-ao.png using Guid(bfbe4f9bae5054f449540ea0c3a2ee40) Importer(2089858483,0ecaa5967403d082aa24f35e1b516d23) Generated GUIDs only implemented for interfaces!
 -> (artifact id: '0ac53c4096b73ea8dfdd47b65a886271') in 0.057342 seconds
Number of updated asset objects reloaded before import = 0
Number of asset objects unloaded after import = 1
========================================================================
Received Import Request.
  Time since last request: 0.000017 seconds.
  path: Assets/Texture/planet_surface-unity/planet_surface_Normal-ogl.png
  artifactKey: Guid(68cd813803ca4074ca02adbe1dd8f96a) Importer(2089858483,0ecaa5967403d082aa24f35e1b516d23)
Start importing Assets/Texture/planet_surface-unity/planet_surface_Normal-ogl.png using Guid(68cd813803ca4074ca02adbe1dd8f96a) Importer(2089858483,0ecaa5967403d082aa24f35e1b516d23) Generated GUIDs only implemented for interfaces!
 -> (artifact id: '900d48f78a9232358b10a545b81a55ce') in 0.050558 seconds
Number of updated asset objects reloaded before import = 0
Number of asset objects unloaded after import = 1
========================================================================
Received Import Request.
  Time since last request: 0.000016 seconds.
  path: Assets/Texture/sandy_rocks1_Unity2-1/sandy_rocks1_albedo.png
  artifactKey: Guid(7f0c591e10f725a49b204ef4f4020b0f) Importer(2089858483,0ecaa5967403d082aa24f35e1b516d23)
Start importing Assets/Texture/sandy_rocks1_Unity2-1/sandy_rocks1_albedo.png using Guid(7f0c591e10f725a49b204ef4f4020b0f) Importer(2089858483,0ecaa5967403d082aa24f35e1b516d23) Generated GUIDs only implemented for interfaces!
 -> (artifact id: '8edea84504bd2607ff2ea97ae87a95c3') in 0.057106 seconds
Number of updated asset objects reloaded before import = 0
Number of asset objects unloaded after import = 1
========================================================================
Received Import Request.
  Time since last request: 0.000024 seconds.
  path: Assets/Texture/mossy-ground1-Unity/mossy-ground1-ao.png
  artifactKey: Guid(62008cd29b9a9784b911ec6e50afba64) Importer(2089858483,0ecaa5967403d082aa24f35e1b516d23)
Start importing Assets/Texture/mossy-ground1-Unity/mossy-ground1-ao.png using Guid(62008cd29b9a9784b911ec6e50afba64) Importer(2089858483,0ecaa5967403d082aa24f35e1b516d23) Generated GUIDs only implemented for interfaces!
 -> (artifact id: '39fa30d21f15df88781df2888562625c') in 0.055597 seconds
Number of updated asset objects reloaded before import = 0
Number of asset objects unloaded after import = 1
========================================================================
Received Import Request.
  Time since last request: 0.000029 seconds.
  path: Assets/Texture/bumpy-worn-ground-unity/bumpy_worn_ground_preview.jpg
  artifactKey: Guid(efbef2f308f7c9844bcec0624ae6aab8) Importer(2089858483,0ecaa5967403d082aa24f35e1b516d23)
Start importing Assets/Texture/bumpy-worn-ground-unity/bumpy_worn_ground_preview.jpg using Guid(efbef2f308f7c9844bcec0624ae6aab8) Importer(2089858483,0ecaa5967403d082aa24f35e1b516d23) Generated GUIDs only implemented for interfaces!
 -> (artifact id: 'bf21f893c1502a2ad7678c8dd0294bb7') in 0.048919 seconds
Number of updated asset objects reloaded before import = 0
Number of asset objects unloaded after import = 1
========================================================================
Received Import Request.
  Time since last request: 0.000037 seconds.
  path: Assets/Texture/planet_surface-unity/planet.mat
  artifactKey: Guid(41959d98c74358b4f84a5499bdcdc444) Importer(2089858483,0ecaa5967403d082aa24f35e1b516d23)
Start importing Assets/Texture/planet_surface-unity/planet.mat using Guid(41959d98c74358b4f84a5499bdcdc444) Importer(2089858483,0ecaa5967403d082aa24f35e1b516d23) Generated GUIDs only implemented for interfaces!
 -> (artifact id: '98260674d2f4ae02987e8601fc8e387d') in 0.040705 seconds
Number of updated asset objects reloaded before import = 0
Number of asset objects unloaded after import = 6
========================================================================
Received Import Request.
  Time since last request: 0.000018 seconds.
  path: Assets/Texture/lava-rock2-unity/lava-rock2_height.png
  artifactKey: Guid(5843703580a391e4ba772f19d07bc142) Importer(2089858483,0ecaa5967403d082aa24f35e1b516d23)
Start importing Assets/Texture/lava-rock2-unity/lava-rock2_height.png using Guid(5843703580a391e4ba772f19d07bc142) Importer(2089858483,0ecaa5967403d082aa24f35e1b516d23) Generated GUIDs only implemented for interfaces!
 -> (artifact id: 'f62985a54aa9d0b2a3d79eff1064d7a0') in 0.040514 seconds
Number of updated asset objects reloaded before import = 0
Number of asset objects unloaded after import = 1
========================================================================
Received Import Request.
  Time since last request: 0.000023 seconds.
  path: Assets/Texture/windswept-wasteland-unity/windswept-wasteland_metallic.psd
  artifactKey: Guid(7bd13d610243dd749b9ed878e00890ca) Importer(2089858483,0ecaa5967403d082aa24f35e1b516d23)
Start importing Assets/Texture/windswept-wasteland-unity/windswept-wasteland_metallic.psd using Guid(7bd13d610243dd749b9ed878e00890ca) Importer(2089858483,0ecaa5967403d082aa24f35e1b516d23) Generated GUIDs only implemented for interfaces!
 -> (artifact id: 'fbf51892306e32b743a69b91ab242022') in 0.041137 seconds
Number of updated asset objects reloaded before import = 0
Number of asset objects unloaded after import = 1
========================================================================
Received Import Request.
  Time since last request: 0.000020 seconds.
  path: Assets/Texture/windswept-wasteland-unity/windswept-wasteland_ao.png
  artifactKey: Guid(24b64cbd3d7568d40b1cfccee90fcbf3) Importer(2089858483,0ecaa5967403d082aa24f35e1b516d23)
Start importing Assets/Texture/windswept-wasteland-unity/windswept-wasteland_ao.png using Guid(24b64cbd3d7568d40b1cfccee90fcbf3) Importer(2089858483,0ecaa5967403d082aa24f35e1b516d23) Generated GUIDs only implemented for interfaces!
 -> (artifact id: '3a6ab630da3d17e0dcce8b2c7710707e') in 0.043082 seconds
Number of updated asset objects reloaded before import = 0
Number of asset objects unloaded after import = 1
========================================================================
Received Import Request.
  Time since last request: 0.000018 seconds.
  path: Assets/Texture/lava-and-rock-unity/lava-and-rock_normal-ogl.png
  artifactKey: Guid(52d1be8968bd6a84b837d1d9a10894a2) Importer(2089858483,0ecaa5967403d082aa24f35e1b516d23)
Start importing Assets/Texture/lava-and-rock-unity/lava-and-rock_normal-ogl.png using Guid(52d1be8968bd6a84b837d1d9a10894a2) Importer(2089858483,0ecaa5967403d082aa24f35e1b516d23) Generated GUIDs only implemented for interfaces!
 -> (artifact id: '7c83da170b7bafdc53d464015bec1336') in 0.045861 seconds
Number of updated asset objects reloaded before import = 0
Number of asset objects unloaded after import = 1
========================================================================
Received Import Request.
  Time since last request: 0.000025 seconds.
  path: Assets/Texture/sand1-unity/sand1-normal-unity.png
  artifactKey: Guid(09e10dcb45592a64a93c9f6a585a8cfa) Importer(2089858483,0ecaa5967403d082aa24f35e1b516d23)
Start importing Assets/Texture/sand1-unity/sand1-normal-unity.png using Guid(09e10dcb45592a64a93c9f6a585a8cfa) Importer(2089858483,0ecaa5967403d082aa24f35e1b516d23) Generated GUIDs only implemented for interfaces!
 -> (artifact id: '739ff4b700808095a6e4fb1ecb978303') in 0.037332 seconds
Number of updated asset objects reloaded before import = 0
Number of asset objects unloaded after import = 1
========================================================================
Received Import Request.
  Time since last request: 45.479334 seconds.
  path: Assets/Scenes/early-earth.unity
  artifactKey: Guid(8c5fab5de0d3c1044b2f809751f46f8d) Importer(2089858483,0ecaa5967403d082aa24f35e1b516d23)
Start importing Assets/Scenes/early-earth.unity using Guid(8c5fab5de0d3c1044b2f809751f46f8d) Importer(2089858483,0ecaa5967403d082aa24f35e1b516d23) Generated GUIDs only implemented for interfaces!
 -> (artifact id: 'e08a17890044ed8b8a5e5895649684ff') in 0.013592 seconds
Number of updated asset objects reloaded before import = 0
Number of asset objects unloaded after import = 1
========================================================================
Received Import Request.
  Time since last request: 48.067208 seconds.
  path: Assets/Scenes/early-earth.unity
  artifactKey: Guid(8c5fab5de0d3c1044b2f809751f46f8d) Importer(2089858483,0ecaa5967403d082aa24f35e1b516d23)
Start importing Assets/Scenes/early-earth.unity using Guid(8c5fab5de0d3c1044b2f809751f46f8d) Importer(2089858483,0ecaa5967403d082aa24f35e1b516d23) Generated GUIDs only implemented for interfaces!
 -> (artifact id: 'f1426d7371760ba8a3f69f9a04308ffc') in 0.009039 seconds
Number of updated asset objects reloaded before import = 0
Number of asset objects unloaded after import = 1
========================================================================
Received Import Request.
  Time since last request: 92.130653 seconds.
  path: Assets/Scenes/early-earth.unity
  artifactKey: Guid(8c5fab5de0d3c1044b2f809751f46f8d) Importer(2089858483,0ecaa5967403d082aa24f35e1b516d23)
Start importing Assets/Scenes/early-earth.unity using Guid(8c5fab5de0d3c1044b2f809751f46f8d) Importer(2089858483,0ecaa5967403d082aa24f35e1b516d23) Generated GUIDs only implemented for interfaces!
 -> (artifact id: 'ade243a43ec5e010a6983f5a5834efa2') in 0.012871 seconds
Number of updated asset objects reloaded before import = 0
Number of asset objects unloaded after import = 1
========================================================================
Received Import Request.
  Time since last request: 128.924149 seconds.
  path: Assets/Script/move-view.cs
  artifactKey: Guid(5b1beb5ccfbb6334ea7e080ad345c5be) Importer(2089858483,0ecaa5967403d082aa24f35e1b516d23)
Start importing Assets/Script/move-view.cs using Guid(5b1beb5ccfbb6334ea7e080ad345c5be) Importer(2089858483,0ecaa5967403d082aa24f35e1b516d23) Generated GUIDs only implemented for interfaces!
 -> (artifact id: '2dcf262156ec75b71563f11cc3c4240c') in 0.013220 seconds
Number of updated asset objects reloaded before import = 0
Number of asset objects unloaded after import = 1
========================================================================
Received Import Request.
  Time since last request: 74.624425 seconds.
  path: Assets/Script/rotate-view.cs
  artifactKey: Guid(5f72e0a76782b0c429192d6e054af3c2) Importer(2089858483,0ecaa5967403d082aa24f35e1b516d23)
Start importing Assets/Script/rotate-view.cs using Guid(5f72e0a76782b0c429192d6e054af3c2) Importer(2089858483,0ecaa5967403d082aa24f35e1b516d23) Generated GUIDs only implemented for interfaces!
 -> (artifact id: 'ddb6e98f99da5d1a2a8397f9f6628c5d') in 0.010779 seconds
Number of updated asset objects reloaded before import = 0
Number of asset objects unloaded after import = 1
========================================================================
Received Import Request.
  Time since last request: 31.533244 seconds.
  path: Assets/Script/rotate-view.cs
  artifactKey: Guid(5f72e0a76782b0c429192d6e054af3c2) Importer(2089858483,0ecaa5967403d082aa24f35e1b516d23)
Start importing Assets/Script/rotate-view.cs using Guid(5f72e0a76782b0c429192d6e054af3c2) Importer(2089858483,0ecaa5967403d082aa24f35e1b516d23) Generated GUIDs only implemented for interfaces!
 -> (artifact id: '42a8c695f20ea9c7e3f8d8165a66dc53') in 0.025093 seconds
Number of updated asset objects reloaded before import = 0
Number of asset objects unloaded after import = 1
========================================================================
Received Import Request.
  Time since last request: 79.192769 seconds.
  path: Assets/Script/test.cs
  artifactKey: Guid(cd40040dcbac3ae499c0f8c534d0f08b) Importer(815301076,1909f56bfc062723c751e8b465ee728b)
Start importing Assets/Script/test.cs using Guid(cd40040dcbac3ae499c0f8c534d0f08b) Importer(815301076,1909f56bfc062723c751e8b465ee728b)  -> (artifact id: '61ed0c6beb2c8c2fdb616776750bdec1') in 0.000750 seconds
Number of updated asset objects reloaded before import = 0
Number of asset objects unloaded after import = 0
========================================================================
Received Import Request.
  Time since last request: 11.544934 seconds.
  path: Assets/Script/test.cs
  artifactKey: Guid(cd40040dcbac3ae499c0f8c534d0f08b) Importer(2089858483,0ecaa5967403d082aa24f35e1b516d23)
Start importing Assets/Script/test.cs using Guid(cd40040dcbac3ae499c0f8c534d0f08b) Importer(2089858483,0ecaa5967403d082aa24f35e1b516d23) Generated GUIDs only implemented for interfaces!
 -> (artifact id: 'db59ae58e9794db1a05bcc1e9de0fc7b') in 0.194751 seconds
Number of updated asset objects reloaded before import = 0
Number of asset objects unloaded after import = 1
